#
# There is insufficient memory for the Java Runtime Environment to continue.
# Native memory allocation (mmap) failed to map 65536 bytes. Error detail: Failed to commit metaspace.
# Possible reasons:
#   The system is out of physical RAM or swap space
#   This process is running with CompressedOops enabled, and the Java Heap may be blocking the growth of the native heap
# Possible solutions:
#   Reduce memory load on the system
#   Increase physical memory or swap space
#   Check if swap backing store is full
#   Decrease Java heap size (-Xmx/-Xms)
#   Decrease number of Java threads
#   Decrease Java thread stack sizes (-Xss)
#   Set larger code cache with -XX:ReservedCodeCacheSize=
#   JVM is running with Unscaled Compressed Oops mode in which the Java heap is
#     placed in the first 4GB address space. The Java Heap base address is the
#     maximum limit for the native heap growth. Please use -XX:HeapBaseMinAddress
#     to set the Java Heap base and to place the Java Heap above 4GB virtual address.
# This output file may be truncated or incomplete.
#
#  Out of Memory Error (virtualSpaceNode.cpp:110), pid=25328, tid=25472
#
# JRE version: OpenJDK Runtime Environment Microsoft-10376486 (17.0.13+11) (build 17.0.13+11-LTS)
# Java VM: OpenJDK 64-Bit Server VM Microsoft-10376486 (17.0.13+11-LTS, mixed mode, sharing, tiered, compressed oops, compressed class ptrs, g1 gc, windows-amd64)
# No core dump will be written. Minidumps are not enabled by default on client versions of Windows
#

---------------  S U M M A R Y ------------

Command Line: --add-opens=java.base/java.lang=ALL-UNNAMED --add-opens=java.base/java.lang.invoke=ALL-UNNAMED --add-opens=java.base/java.util=ALL-UNNAMED --add-opens=java.prefs/java.util.prefs=ALL-UNNAMED --add-exports=jdk.compiler/com.sun.tools.javac.api=ALL-UNNAMED --add-exports=jdk.compiler/com.sun.tools.javac.util=ALL-UNNAMED --add-opens=java.base/java.util=ALL-UNNAMED --add-opens=java.prefs/java.util.prefs=ALL-UNNAMED --add-opens=java.base/java.nio.charset=ALL-UNNAMED --add-opens=java.base/java.net=ALL-UNNAMED --add-opens=java.base/java.util.concurrent.atomic=ALL-UNNAMED --add-opens=java.xml/javax.xml.namespace=ALL-UNNAMED -XX:MaxMetaspaceSize=512m -Xmx2048m -Dfile.encoding=UTF-8 -Duser.country=ID -Duser.language=en -Duser.variant -javaagent:C:\Users\acern\.gradle\wrapper\dists\gradle-8.12-all\ejduaidbjup3bmmkhw3rie4zb\gradle-8.12\lib\agents\gradle-instrumentation-agent-8.12.jar org.gradle.launcher.daemon.bootstrap.GradleDaemon 8.12

Host: 11th Gen Intel(R) Core(TM) i9-11900H @ 2.50GHz, 16 cores, 15G,  Windows 11 , 64 bit Build 26100 (10.0.26100.3037)
Time: Thu Feb 20 17:05:23 2025 Malay Peninsula Standard Time elapsed time: 15.096875 seconds (0d 0h 0m 15s)

---------------  T H R E A D  ---------------

Current thread (0x00000244fc9f0d80):  JavaThread "C1 CompilerThread3" daemon [_thread_in_vm, id=25472, stack(0x00000067c5b00000,0x00000067c5c00000)]


Current CompileTask:
C1:  15097 11414       3       org.gradle.execution.plan.DefaultFinalizedExecutionPlan::executionState (50 bytes)

Stack: [0x00000067c5b00000,0x00000067c5c00000]
Native frames: (J=compiled Java code, j=interpreted, Vv=VM code, C=native code)
V  [jvm.dll+0x687fc9]
V  [jvm.dll+0x83eeb8]
V  [jvm.dll+0x840963]
V  [jvm.dll+0x840fd3]
V  [jvm.dll+0x24951f]
V  [jvm.dll+0x83ac6d]
V  [jvm.dll+0x62c3ce]
V  [jvm.dll+0x1c1630]
V  [jvm.dll+0x62ed30]
V  [jvm.dll+0x62cd76]
V  [jvm.dll+0x63e22a]
V  [jvm.dll+0x636eba]
V  [jvm.dll+0x1cd8f0]
V  [jvm.dll+0x1cdae0]
V  [jvm.dll+0x135fce]
V  [jvm.dll+0x136308]
V  [jvm.dll+0x135771]
V  [jvm.dll+0x13746d]
V  [jvm.dll+0x22a1ca]
V  [jvm.dll+0x22830b]
V  [jvm.dll+0x7f4708]
V  [jvm.dll+0x7eea6c]
V  [jvm.dll+0x686ea7]
C  [ucrtbase.dll+0x37b0]
C  [KERNEL32.DLL+0x2e8d7]
C  [ntdll.dll+0xbbf2c]


---------------  P R O C E S S  ---------------

Threads class SMR info:
_java_thread_list=0x00000244fde83820, length=150, elements={
0x00000244dd88a0d0, 0x00000244fbc283f0, 0x00000244fbc29ed0, 0x00000244fbc38280,
0x00000244fbc38c50, 0x00000244fbc39520, 0x00000244fbc39df0, 0x00000244fbc3b190,
0x00000244fbc3cab0, 0x00000244fbc47ba0, 0x00000244fc9a4170, 0x00000244fc9cdcc0,
0x00000244fc9ce290, 0x00000244fc9f0d80, 0x00000244fcb25f80, 0x00000244feffe140,
0x00000244fe43d090, 0x00000244fd8d4570, 0x00000244fecfb170, 0x00000244ff21be30,
0x00000244fd35a710, 0x00000244fd35c060, 0x00000244fd35a200, 0x00000244fd35ca80,
0x00000244fd35ac20, 0x00000244fd35b130, 0x00000244fd35cf90, 0x00000244fd35b640,
0x00000244fd35d4a0, 0x00000244fd359cf0, 0x00000244fd35c570, 0x00000244a1f950f0,
0x00000244a1f94be0, 0x00000244a1f95b10, 0x00000244a1f941c0, 0x00000244a1f946d0,
0x00000244a1f92d80, 0x00000244a1f937a0, 0x00000244a1f93cb0, 0x00000244a1f93290,
0x00000244feac0030, 0x00000244feabfb20, 0x00000244feac1470, 0x00000244feac1e90,
0x00000244feabf610, 0x00000244feac1980, 0x00000244feac0540, 0x00000244feac0f60,
0x00000244feac23a0, 0x00000244feabebf0, 0x00000244feac6060, 0x00000244feac4200,
0x00000244feac4c20, 0x00000244feac4710, 0x00000244feac5b50, 0x00000244feac28b0,
0x00000244feac3cf0, 0x00000244feac6570, 0x00000244feac5130, 0x00000244feac5640,
0x00000244feac2dc0, 0x00000244feac37e0, 0x00000244feac32d0, 0x00000244a1cbfd90,
0x00000244a1cbe440, 0x00000244a1cbf370, 0x00000244a1cbda20, 0x00000244a1cc02a0,
0x00000244a1cbf880, 0x00000244a1cbcaf0, 0x00000244a1cc07b0, 0x00000244a1cbd000,
0x00000244a1cbe950, 0x00000244a1cc0cc0, 0x00000244a1cbee60, 0x00000244a1cbd510,
0x00000244a1cc11d0, 0x00000244a1cc16e0, 0x00000244a1cbdf30, 0x00000244a1cc2b20,
0x00000244a1cc3030, 0x00000244a1cc2610, 0x00000244a1cc1bf0, 0x00000244a1cc4470,
0x00000244a1cc2100, 0x00000244a1cc3540, 0x00000244a1cc3a50, 0x00000244a1cc3f60,
0x000002449f283a40, 0x000002449f283020, 0x000002449f281be0, 0x000002449f283f50,
0x000002449f282600, 0x00000244fddf7360, 0x00000244fcd83920, 0x000002449f280cb0,
0x000002449f2811c0, 0x000002449f284970, 0x000002449f282b10, 0x000002449f284460,
0x000002449f285db0, 0x000002449f284e80, 0x000002449f285390, 0x000002449f2871f0,
0x000002449f2858a0, 0x000002449f288120, 0x000002449f287700, 0x000002449f286ce0,
0x000002449f287c10, 0x00000244fcb79cb0, 0x00000244fcb7abe0, 0x00000244fcb7c530,
0x00000244fcb7a1c0, 0x00000244fcb7bb10, 0x00000244fcb7a6d0, 0x00000244fcb7b0f0,
0x00000244fcb7b600, 0x00000244fcb7c020, 0x00000244fcb7ca40, 0x00000244fcb79290,
0x00000244fcb7cf50, 0x00000244fcb797a0, 0x00000244fcb7d970, 0x00000244fcb7fce0,
0x00000244fcb7de80, 0x00000244fcb7e8a0, 0x00000244fcb80700, 0x00000244fcb7f2c0,
0x00000244fcb7e390, 0x00000244fcb7f7d0, 0x00000244fcb7edb0, 0x00000244fcb801f0,
0x00000244fcb80c10, 0x00000244fcb7d460, 0x00000244a03403b0, 0x00000244a0343140,
0x00000244a033fea0, 0x00000244a0342210, 0x00000244a03408c0, 0x00000244a0341d00,
0x00000244a0340dd0, 0x00000244a033f990, 0x00000244a03412e0, 0x00000244a0342720,
0x00000244a0344580, 0x00000244a0344fa0, 0x00000244a0344a90, 0x00000244a03417f0,
0x00000244a03454b0, 0x00000244a03459c0
}

Java Threads: ( => current thread )
  0x00000244dd88a0d0 JavaThread "main" [_thread_blocked, id=25392, stack(0x00000067c4800000,0x00000067c4900000)]
  0x00000244fbc283f0 JavaThread "Reference Handler" daemon [_thread_blocked, id=25420, stack(0x00000067c4f00000,0x00000067c5000000)]
  0x00000244fbc29ed0 JavaThread "Finalizer" daemon [_thread_blocked, id=25424, stack(0x00000067c5000000,0x00000067c5100000)]
  0x00000244fbc38280 JavaThread "Signal Dispatcher" daemon [_thread_blocked, id=25428, stack(0x00000067c5100000,0x00000067c5200000)]
  0x00000244fbc38c50 JavaThread "Attach Listener" daemon [_thread_blocked, id=25432, stack(0x00000067c5200000,0x00000067c5300000)]
  0x00000244fbc39520 JavaThread "Service Thread" daemon [_thread_blocked, id=25436, stack(0x00000067c5300000,0x00000067c5400000)]
  0x00000244fbc39df0 JavaThread "Monitor Deflation Thread" daemon [_thread_blocked, id=25440, stack(0x00000067c5400000,0x00000067c5500000)]
  0x00000244fbc3b190 JavaThread "C2 CompilerThread0" daemon [_thread_blocked, id=25444, stack(0x00000067c5500000,0x00000067c5600000)]
  0x00000244fbc3cab0 JavaThread "C1 CompilerThread0" daemon [_thread_blocked, id=25448, stack(0x00000067c5600000,0x00000067c5700000)]
  0x00000244fbc47ba0 JavaThread "Sweeper thread" daemon [_thread_blocked, id=25452, stack(0x00000067c5700000,0x00000067c5800000)]
  0x00000244fc9a4170 JavaThread "Common-Cleaner" daemon [_thread_blocked, id=25456, stack(0x00000067c5800000,0x00000067c5900000)]
  0x00000244fc9cdcc0 JavaThread "C1 CompilerThread1" daemon [_thread_blocked, id=25464, stack(0x00000067c5900000,0x00000067c5a00000)]
  0x00000244fc9ce290 JavaThread "C1 CompilerThread2" daemon [_thread_blocked, id=25468, stack(0x00000067c5a00000,0x00000067c5b00000)]
=>0x00000244fc9f0d80 JavaThread "C1 CompilerThread3" daemon [_thread_in_vm, id=25472, stack(0x00000067c5b00000,0x00000067c5c00000)]
  0x00000244fcb25f80 JavaThread "Notification Thread" daemon [_thread_blocked, id=25488, stack(0x00000067c5d00000,0x00000067c5e00000)]
  0x00000244feffe140 JavaThread "Daemon health stats" [_thread_blocked, id=24908, stack(0x00000067c6100000,0x00000067c6200000)]
  0x00000244fe43d090 JavaThread "Incoming local TCP Connector on port 53828" [_thread_in_native, id=24880, stack(0x00000067c6200000,0x00000067c6300000)]
  0x00000244fd8d4570 JavaThread "Daemon periodic checks" [_thread_blocked, id=24912, stack(0x00000067c6800000,0x00000067c6900000)]
  0x00000244fecfb170 JavaThread "Daemon" [_thread_blocked, id=24916, stack(0x00000067c6900000,0x00000067c6a00000)]
  0x00000244ff21be30 JavaThread "Handler for socket connection from /127.0.0.1:53828 to /127.0.0.1:53829" [_thread_in_native, id=24924, stack(0x00000067c6a00000,0x00000067c6b00000)]
  0x00000244fd35a710 JavaThread "Cancel handler" [_thread_blocked, id=24920, stack(0x00000067c6b00000,0x00000067c6c00000)]
  0x00000244fd35c060 JavaThread "Daemon worker" [_thread_blocked, id=24928, stack(0x00000067c6c00000,0x00000067c6d00000)]
  0x00000244fd35a200 JavaThread "Asynchronous log dispatcher for DefaultDaemonConnection: socket connection from /127.0.0.1:53828 to /127.0.0.1:53829" [_thread_blocked, id=24896, stack(0x00000067c6d00000,0x00000067c6e00000)]
  0x00000244fd35ca80 JavaThread "Stdin handler" [_thread_blocked, id=5768, stack(0x00000067c6e00000,0x00000067c6f00000)]
  0x00000244fd35ac20 JavaThread "Daemon client event forwarder" [_thread_blocked, id=19968, stack(0x00000067c6f00000,0x00000067c7000000)]
  0x00000244fd35b130 JavaThread "Cache worker for journal cache (C:\Users\acern\.gradle\caches\journal-1)" [_thread_blocked, id=24976, stack(0x00000067c6000000,0x00000067c6100000)]
  0x00000244fd35cf90 JavaThread "File lock request listener" [_thread_in_native, id=24972, stack(0x00000067c7000000,0x00000067c7100000)]
  0x00000244fd35b640 JavaThread "Cache worker for file hash cache (C:\Users\acern\.gradle\caches\8.12\fileHashes)" [_thread_blocked, id=25000, stack(0x00000067c7100000,0x00000067c7200000)]
  0x00000244fd35d4a0 JavaThread "Cache worker for file hash cache (D:\Biodata\android\.gradle\8.12\fileHashes)" [_thread_blocked, id=25008, stack(0x00000067c7200000,0x00000067c7300000)]
  0x00000244fd359cf0 JavaThread "Cache worker for Build Output Cleanup Cache (D:\Biodata\android\.gradle\buildOutputCleanup)" [_thread_blocked, id=25004, stack(0x00000067c7300000,0x00000067c7400000)]
  0x00000244fd35c570 JavaThread "File watcher server" daemon [_thread_in_native, id=15972, stack(0x00000067c7d00000,0x00000067c7e00000)]
  0x00000244a1f950f0 JavaThread "File watcher consumer" daemon [_thread_blocked, id=16344, stack(0x00000067c7e00000,0x00000067c7f00000)]
  0x00000244a1f94be0 JavaThread "jar transforms" [_thread_blocked, id=23312, stack(0x00000067c8100000,0x00000067c8200000)]
  0x00000244a1f95b10 JavaThread "jar transforms Thread 2" [_thread_blocked, id=19936, stack(0x00000067c8200000,0x00000067c8300000)]
  0x00000244a1f941c0 JavaThread "Cache worker for checksums cache (D:\Biodata\android\.gradle\8.12\checksums)" [_thread_blocked, id=20680, stack(0x00000067c8300000,0x00000067c8400000)]
  0x00000244a1f946d0 JavaThread "Cache worker for file content cache (C:\Users\acern\.gradle\caches\8.12\fileContent)" [_thread_blocked, id=19208, stack(0x00000067c8400000,0x00000067c8500000)]
  0x00000244a1f92d80 JavaThread "jar transforms Thread 3" [_thread_blocked, id=19392, stack(0x00000067c8000000,0x00000067c8100000)]
  0x00000244a1f937a0 JavaThread "Cache worker for cache directory md-rule (C:\Users\acern\.gradle\caches\8.12\md-rule)" [_thread_blocked, id=25268, stack(0x00000067c8500000,0x00000067c8600000)]
  0x00000244a1f93cb0 JavaThread "Cache worker for cache directory md-supplier (C:\Users\acern\.gradle\caches\8.12\md-supplier)" [_thread_blocked, id=25272, stack(0x00000067c8600000,0x00000067c8700000)]
  0x00000244a1f93290 JavaThread "Cache worker for Build Output Cleanup Cache (D:\Biodata\node_modules\@react-native\gradle-plugin\.gradle\buildOutputCleanup)" [_thread_blocked, id=25204, stack(0x00000067c8700000,0x00000067c8800000)]
  0x00000244feac0030 JavaThread "Unconstrained build operations" [_thread_blocked, id=12076, stack(0x00000067c8800000,0x00000067c8900000)]
  0x00000244feabfb20 JavaThread "Unconstrained build operations Thread 2" [_thread_blocked, id=22032, stack(0x00000067c8900000,0x00000067c8a00000)]
  0x00000244feac1470 JavaThread "Unconstrained build operations Thread 3" [_thread_blocked, id=25336, stack(0x00000067c8a00000,0x00000067c8b00000)]
  0x00000244feac1e90 JavaThread "Unconstrained build operations Thread 4" [_thread_blocked, id=2772, stack(0x00000067c8b00000,0x00000067c8c00000)]
  0x00000244feabf610 JavaThread "Unconstrained build operations Thread 5" [_thread_blocked, id=24688, stack(0x00000067c8c00000,0x00000067c8d00000)]
  0x00000244feac1980 JavaThread "Unconstrained build operations Thread 6" [_thread_blocked, id=24656, stack(0x00000067c8d00000,0x00000067c8e00000)]
  0x00000244feac0540 JavaThread "Unconstrained build operations Thread 7" [_thread_blocked, id=24196, stack(0x00000067c5c00000,0x00000067c5d00000)]
  0x00000244feac0f60 JavaThread "Unconstrained build operations Thread 8" [_thread_blocked, id=23872, stack(0x00000067c5f00000,0x00000067c6000000)]
  0x00000244feac23a0 JavaThread "Unconstrained build operations Thread 9" [_thread_blocked, id=19636, stack(0x00000067c7f00000,0x00000067c8000000)]
  0x00000244feabebf0 JavaThread "Unconstrained build operations Thread 10" [_thread_blocked, id=13652, stack(0x00000067c8e00000,0x00000067c8f00000)]
  0x00000244feac6060 JavaThread "Unconstrained build operations Thread 11" [_thread_blocked, id=20992, stack(0x00000067c8f00000,0x00000067c9000000)]
  0x00000244feac4200 JavaThread "Unconstrained build operations Thread 12" [_thread_blocked, id=11536, stack(0x00000067c9000000,0x00000067c9100000)]
  0x00000244feac4c20 JavaThread "Unconstrained build operations Thread 13" [_thread_blocked, id=25188, stack(0x00000067c9100000,0x00000067c9200000)]
  0x00000244feac4710 JavaThread "Unconstrained build operations Thread 14" [_thread_blocked, id=25512, stack(0x00000067c9200000,0x00000067c9300000)]
  0x00000244feac5b50 JavaThread "Unconstrained build operations Thread 15" [_thread_blocked, id=5196, stack(0x00000067c9300000,0x00000067c9400000)]
  0x00000244feac28b0 JavaThread "Unconstrained build operations Thread 16" [_thread_blocked, id=23936, stack(0x00000067c9400000,0x00000067c9500000)]
  0x00000244feac3cf0 JavaThread "Unconstrained build operations Thread 17" [_thread_blocked, id=25368, stack(0x00000067c9500000,0x00000067c9600000)]
  0x00000244feac6570 JavaThread "Unconstrained build operations Thread 18" [_thread_blocked, id=25364, stack(0x00000067c9600000,0x00000067c9700000)]
  0x00000244feac5130 JavaThread "Unconstrained build operations Thread 19" [_thread_blocked, id=25360, stack(0x00000067c9700000,0x00000067c9800000)]
  0x00000244feac5640 JavaThread "Unconstrained build operations Thread 20" [_thread_blocked, id=24888, stack(0x00000067c9800000,0x00000067c9900000)]
  0x00000244feac2dc0 JavaThread "Unconstrained build operations Thread 21" [_thread_blocked, id=24900, stack(0x00000067c9900000,0x00000067c9a00000)]
  0x00000244feac37e0 JavaThread "Unconstrained build operations Thread 22" [_thread_blocked, id=25156, stack(0x00000067c9a00000,0x00000067c9b00000)]
  0x00000244feac32d0 JavaThread "Unconstrained build operations Thread 23" [_thread_blocked, id=18184, stack(0x00000067c9b00000,0x00000067c9c00000)]
  0x00000244a1cbfd90 JavaThread "Unconstrained build operations Thread 24" [_thread_blocked, id=10136, stack(0x00000067c9c00000,0x00000067c9d00000)]
  0x00000244a1cbe440 JavaThread "Unconstrained build operations Thread 25" [_thread_blocked, id=22592, stack(0x00000067c9d00000,0x00000067c9e00000)]
  0x00000244a1cbf370 JavaThread "Unconstrained build operations Thread 26" [_thread_blocked, id=23304, stack(0x00000067c9e00000,0x00000067c9f00000)]
  0x00000244a1cbda20 JavaThread "Unconstrained build operations Thread 27" [_thread_blocked, id=23284, stack(0x00000067c9f00000,0x00000067ca000000)]
  0x00000244a1cc02a0 JavaThread "Unconstrained build operations Thread 28" [_thread_blocked, id=23280, stack(0x00000067ca000000,0x00000067ca100000)]
  0x00000244a1cbf880 JavaThread "Unconstrained build operations Thread 29" [_thread_blocked, id=25508, stack(0x00000067ca100000,0x00000067ca200000)]
  0x00000244a1cbcaf0 JavaThread "Unconstrained build operations Thread 30" [_thread_blocked, id=24984, stack(0x00000067ca200000,0x00000067ca300000)]
  0x00000244a1cc07b0 JavaThread "Unconstrained build operations Thread 31" [_thread_blocked, id=24980, stack(0x00000067ca300000,0x00000067ca400000)]
  0x00000244a1cbd000 JavaThread "Unconstrained build operations Thread 32" [_thread_blocked, id=25324, stack(0x00000067ca500000,0x00000067ca600000)]
  0x00000244a1cbe950 JavaThread "Unconstrained build operations Thread 33" [_thread_blocked, id=17196, stack(0x00000067ca700000,0x00000067ca800000)]
  0x00000244a1cc0cc0 JavaThread "Unconstrained build operations Thread 34" [_thread_blocked, id=24660, stack(0x00000067ca800000,0x00000067ca900000)]
  0x00000244a1cbee60 JavaThread "Unconstrained build operations Thread 35" [_thread_blocked, id=1484, stack(0x00000067ca900000,0x00000067caa00000)]
  0x00000244a1cbd510 JavaThread "Unconstrained build operations Thread 36" [_thread_blocked, id=21288, stack(0x00000067caa00000,0x00000067cab00000)]
  0x00000244a1cc11d0 JavaThread "Unconstrained build operations Thread 37" [_thread_blocked, id=13008, stack(0x00000067cab00000,0x00000067cac00000)]
  0x00000244a1cc16e0 JavaThread "Unconstrained build operations Thread 38" [_thread_blocked, id=24712, stack(0x00000067cac00000,0x00000067cad00000)]
  0x00000244a1cbdf30 JavaThread "Unconstrained build operations Thread 39" [_thread_blocked, id=24716, stack(0x00000067cad00000,0x00000067cae00000)]
  0x00000244a1cc2b20 JavaThread "Unconstrained build operations Thread 40" [_thread_blocked, id=24724, stack(0x00000067cae00000,0x00000067caf00000)]
  0x00000244a1cc3030 JavaThread "Unconstrained build operations Thread 41" [_thread_blocked, id=24720, stack(0x00000067caf00000,0x00000067cb000000)]
  0x00000244a1cc2610 JavaThread "Unconstrained build operations Thread 42" [_thread_blocked, id=24728, stack(0x00000067cb000000,0x00000067cb100000)]
  0x00000244a1cc1bf0 JavaThread "Unconstrained build operations Thread 43" [_thread_blocked, id=25504, stack(0x00000067cb100000,0x00000067cb200000)]
  0x00000244a1cc4470 JavaThread "Unconstrained build operations Thread 44" [_thread_blocked, id=23964, stack(0x00000067cb200000,0x00000067cb300000)]
  0x00000244a1cc2100 JavaThread "Unconstrained build operations Thread 45" [_thread_blocked, id=24532, stack(0x00000067cb300000,0x00000067cb400000)]
  0x00000244a1cc3540 JavaThread "Unconstrained build operations Thread 46" [_thread_blocked, id=22952, stack(0x00000067cb400000,0x00000067cb500000)]
  0x00000244a1cc3a50 JavaThread "Unconstrained build operations Thread 47" [_thread_blocked, id=25080, stack(0x00000067cb500000,0x00000067cb600000)]
  0x00000244a1cc3f60 JavaThread "Unconstrained build operations Thread 48" [_thread_blocked, id=19688, stack(0x00000067cb600000,0x00000067cb700000)]
  0x000002449f283a40 JavaThread "Unconstrained build operations Thread 49" [_thread_blocked, id=3224, stack(0x00000067cb700000,0x00000067cb800000)]
  0x000002449f283020 JavaThread "Unconstrained build operations Thread 50" [_thread_blocked, id=18000, stack(0x00000067cb800000,0x00000067cb900000)]
  0x000002449f281be0 JavaThread "Unconstrained build operations Thread 51" [_thread_blocked, id=24868, stack(0x00000067cb900000,0x00000067cba00000)]
  0x000002449f283f50 JavaThread "build event listener" [_thread_blocked, id=10440, stack(0x00000067cba00000,0x00000067cbb00000)]
  0x000002449f282600 JavaThread "Memory manager" [_thread_blocked, id=9288, stack(0x00000067ca600000,0x00000067ca700000)]
  0x00000244fddf7360 JavaThread "C2 CompilerThread1" daemon [_thread_in_native, id=17884, stack(0x00000067ca400000,0x00000067ca500000)]
  0x00000244fcd83920 JavaThread "C2 CompilerThread2" daemon [_thread_blocked, id=11292, stack(0x00000067cbb00000,0x00000067cbc00000)]
  0x000002449f280cb0 JavaThread "ForkJoinPool.commonPool-worker-1" daemon [_thread_blocked, id=14520, stack(0x00000067cbc00000,0x00000067cbd00000)]
  0x000002449f2811c0 JavaThread "ForkJoinPool.commonPool-worker-2" daemon [_thread_blocked, id=1480, stack(0x00000067cbd00000,0x00000067cbe00000)]
  0x000002449f284970 JavaThread "ForkJoinPool.commonPool-worker-3" daemon [_thread_blocked, id=23816, stack(0x00000067cbe00000,0x00000067cbf00000)]
  0x000002449f282b10 JavaThread "ForkJoinPool.commonPool-worker-4" daemon [_thread_blocked, id=9936, stack(0x00000067cbf00000,0x00000067cc000000)]
  0x000002449f284460 JavaThread "ForkJoinPool.commonPool-worker-5" daemon [_thread_blocked, id=9612, stack(0x00000067cc000000,0x00000067cc100000)]
  0x000002449f285db0 JavaThread "ForkJoinPool.commonPool-worker-6" daemon [_thread_blocked, id=14112, stack(0x00000067cc100000,0x00000067cc200000)]
  0x000002449f284e80 JavaThread "ForkJoinPool.commonPool-worker-7" daemon [_thread_blocked, id=1488, stack(0x00000067cc200000,0x00000067cc300000)]
  0x000002449f285390 JavaThread "ForkJoinPool.commonPool-worker-8" daemon [_thread_blocked, id=19464, stack(0x00000067cc300000,0x00000067cc400000)]
  0x000002449f2871f0 JavaThread "ForkJoinPool.commonPool-worker-9" daemon [_thread_blocked, id=24472, stack(0x00000067cc400000,0x00000067cc500000)]
  0x000002449f2858a0 JavaThread "ForkJoinPool.commonPool-worker-10" daemon [_thread_blocked, id=10800, stack(0x00000067cc500000,0x00000067cc600000)]
  0x000002449f288120 JavaThread "ForkJoinPool.commonPool-worker-11" daemon [_thread_blocked, id=6596, stack(0x00000067cc600000,0x00000067cc700000)]
  0x000002449f287700 JavaThread "included builds" [_thread_blocked, id=12972, stack(0x00000067cc700000,0x00000067cc800000)]
  0x000002449f286ce0 JavaThread "Execution worker" [_thread_blocked, id=17300, stack(0x00000067cc800000,0x00000067cc900000)]
  0x000002449f287c10 JavaThread "Execution worker Thread 2" [_thread_blocked, id=2544, stack(0x00000067cc900000,0x00000067cca00000)]
  0x00000244fcb79cb0 JavaThread "Execution worker Thread 3" [_thread_in_vm, id=18516, stack(0x00000067cca00000,0x00000067ccb00000)]
  0x00000244fcb7abe0 JavaThread "Execution worker Thread 4" [_thread_blocked, id=24268, stack(0x00000067ccb00000,0x00000067ccc00000)]
  0x00000244fcb7c530 JavaThread "Execution worker Thread 5" [_thread_blocked, id=11048, stack(0x00000067ccc00000,0x00000067ccd00000)]
  0x00000244fcb7a1c0 JavaThread "Execution worker Thread 6" [_thread_blocked, id=14264, stack(0x00000067ccd00000,0x00000067cce00000)]
  0x00000244fcb7bb10 JavaThread "Execution worker Thread 7" [_thread_blocked, id=14516, stack(0x00000067cce00000,0x00000067ccf00000)]
  0x00000244fcb7a6d0 JavaThread "Execution worker Thread 8" [_thread_blocked, id=5584, stack(0x00000067ccf00000,0x00000067cd000000)]
  0x00000244fcb7b0f0 JavaThread "Execution worker Thread 9" [_thread_blocked, id=14284, stack(0x00000067cd000000,0x00000067cd100000)]
  0x00000244fcb7b600 JavaThread "Execution worker Thread 10" [_thread_blocked, id=11984, stack(0x00000067cd100000,0x00000067cd200000)]
  0x00000244fcb7c020 JavaThread "Execution worker Thread 11" [_thread_blocked, id=756, stack(0x00000067cd200000,0x00000067cd300000)]
  0x00000244fcb7ca40 JavaThread "Execution worker Thread 12" [_thread_blocked, id=24792, stack(0x00000067cd300000,0x00000067cd400000)]
  0x00000244fcb79290 JavaThread "Execution worker Thread 13" [_thread_blocked, id=15768, stack(0x00000067cd400000,0x00000067cd500000)]
  0x00000244fcb7cf50 JavaThread "Execution worker Thread 14" [_thread_blocked, id=18256, stack(0x00000067cd500000,0x00000067cd600000)]
  0x00000244fcb797a0 JavaThread "Execution worker Thread 15" [_thread_blocked, id=3556, stack(0x00000067cd600000,0x00000067cd700000)]
  0x00000244fcb7d970 JavaThread "Cache worker for execution history cache (D:\Biodata\node_modules\@react-native\gradle-plugin\.gradle\8.12\executionHistory)" [_thread_blocked, id=19276, stack(0x00000067cd700000,0x00000067cd800000)]
  0x00000244fcb7fce0 JavaThread "Unconstrained build operations Thread 52" [_thread_blocked, id=1128, stack(0x00000067cd800000,0x00000067cd900000)]
  0x00000244fcb7de80 JavaThread "Unconstrained build operations Thread 53" [_thread_blocked, id=16836, stack(0x00000067cd900000,0x00000067cda00000)]
  0x00000244fcb7e8a0 JavaThread "Unconstrained build operations Thread 54" [_thread_blocked, id=19856, stack(0x00000067cda00000,0x00000067cdb00000)]
  0x00000244fcb80700 JavaThread "Unconstrained build operations Thread 55" [_thread_blocked, id=2752, stack(0x00000067cdb00000,0x00000067cdc00000)]
  0x00000244fcb7f2c0 JavaThread "Unconstrained build operations Thread 56" [_thread_blocked, id=10544, stack(0x00000067cdc00000,0x00000067cdd00000)]
  0x00000244fcb7e390 JavaThread "Unconstrained build operations Thread 57" [_thread_blocked, id=19052, stack(0x00000067cdd00000,0x00000067cde00000)]
  0x00000244fcb7f7d0 JavaThread "Unconstrained build operations Thread 58" [_thread_blocked, id=16796, stack(0x00000067cde00000,0x00000067cdf00000)]
  0x00000244fcb7edb0 JavaThread "Unconstrained build operations Thread 59" [_thread_blocked, id=6876, stack(0x00000067cdf00000,0x00000067ce000000)]
  0x00000244fcb801f0 JavaThread "Unconstrained build operations Thread 60" [_thread_blocked, id=19168, stack(0x00000067ce000000,0x00000067ce100000)]
  0x00000244fcb80c10 JavaThread "Unconstrained build operations Thread 61" [_thread_blocked, id=5140, stack(0x00000067ce100000,0x00000067ce200000)]
  0x00000244fcb7d460 JavaThread "Unconstrained build operations Thread 62" [_thread_blocked, id=9364, stack(0x00000067ce200000,0x00000067ce300000)]
  0x00000244a03403b0 JavaThread "Unconstrained build operations Thread 63" [_thread_blocked, id=9080, stack(0x00000067ce300000,0x00000067ce400000)]
  0x00000244a0343140 JavaThread "Unconstrained build operations Thread 64" [_thread_blocked, id=19220, stack(0x00000067ce400000,0x00000067ce500000)]
  0x00000244a033fea0 JavaThread "Unconstrained build operations Thread 65" [_thread_blocked, id=6748, stack(0x00000067ce500000,0x00000067ce600000)]
  0x00000244a0342210 JavaThread "Unconstrained build operations Thread 66" [_thread_blocked, id=12424, stack(0x00000067ce600000,0x00000067ce700000)]
  0x00000244a03408c0 JavaThread "Unconstrained build operations Thread 67" [_thread_blocked, id=14700, stack(0x00000067ce700000,0x00000067ce800000)]
  0x00000244a0341d00 JavaThread "Unconstrained build operations Thread 68" [_thread_blocked, id=4292, stack(0x00000067ce800000,0x00000067ce900000)]
  0x00000244a0340dd0 JavaThread "Unconstrained build operations Thread 69" [_thread_blocked, id=1104, stack(0x00000067ce900000,0x00000067cea00000)]
  0x00000244a033f990 JavaThread "Unconstrained build operations Thread 70" [_thread_blocked, id=8080, stack(0x00000067cea00000,0x00000067ceb00000)]
  0x00000244a03412e0 JavaThread "Unconstrained build operations Thread 71" [_thread_blocked, id=5324, stack(0x00000067ceb00000,0x00000067cec00000)]
  0x00000244a0342720 JavaThread "Unconstrained build operations Thread 72" [_thread_blocked, id=5532, stack(0x00000067cec00000,0x00000067ced00000)]
  0x00000244a0344580 JavaThread "Unconstrained build operations Thread 73" [_thread_blocked, id=6760, stack(0x00000067ced00000,0x00000067cee00000)]
  0x00000244a0344fa0 JavaThread "Unconstrained build operations Thread 74" [_thread_blocked, id=14588, stack(0x00000067cee00000,0x00000067cef00000)]
  0x00000244a0344a90 JavaThread "Unconstrained build operations Thread 75" [_thread_blocked, id=5748, stack(0x00000067cef00000,0x00000067cf000000)]
  0x00000244a03417f0 JavaThread "Unconstrained build operations Thread 76" [_thread_blocked, id=20880, stack(0x00000067cf000000,0x00000067cf100000)]
  0x00000244a03454b0 JavaThread "Unconstrained build operations Thread 77" [_thread_blocked, id=13728, stack(0x00000067cf100000,0x00000067cf200000)]
  0x00000244a03459c0 JavaThread "Unconstrained build operations Thread 78" [_thread_blocked, id=6356, stack(0x00000067cf200000,0x00000067cf300000)]

Other Threads:
  0x00000244fbc23b60 VMThread "VM Thread" [stack: 0x00000067c4e00000,0x00000067c4f00000] [id=25416]
  0x00000244fcaaca20 WatcherThread [stack: 0x00000067c5e00000,0x00000067c5f00000] [id=25492]
  0x00000244dd8e9f40 GCTaskThread "GC Thread#0" [stack: 0x00000067c4900000,0x00000067c4a00000] [id=25396]
  0x00000244fd8c6940 GCTaskThread "GC Thread#1" [stack: 0x00000067c6300000,0x00000067c6400000] [id=25516]
  0x00000244fcb8ec00 GCTaskThread "GC Thread#2" [stack: 0x00000067c6400000,0x00000067c6500000] [id=25520]
  0x00000244fda1fa20 GCTaskThread "GC Thread#3" [stack: 0x00000067c6500000,0x00000067c6600000] [id=25524]
  0x00000244fda1fce0 GCTaskThread "GC Thread#4" [stack: 0x00000067c6600000,0x00000067c6700000] [id=25528]
  0x00000244fd631820 GCTaskThread "GC Thread#5" [stack: 0x00000067c6700000,0x00000067c6800000] [id=25532]
  0x000002449fe9d6a0 GCTaskThread "GC Thread#6" [stack: 0x00000067c7400000,0x00000067c7500000] [id=25016]
  0x000002449fe9dee0 GCTaskThread "GC Thread#7" [stack: 0x00000067c7500000,0x00000067c7600000] [id=25024]
  0x000002449fe9cba0 GCTaskThread "GC Thread#8" [stack: 0x00000067c7600000,0x00000067c7700000] [id=25020]
  0x000002449fe9d3e0 GCTaskThread "GC Thread#9" [stack: 0x00000067c7700000,0x00000067c7800000] [id=25028]
  0x000002449fe9c620 GCTaskThread "GC Thread#10" [stack: 0x00000067c7800000,0x00000067c7900000] [id=25032]
  0x000002449fe9d960 GCTaskThread "GC Thread#11" [stack: 0x00000067c7900000,0x00000067c7a00000] [id=25040]
  0x000002449fe9dc20 GCTaskThread "GC Thread#12" [stack: 0x00000067c7a00000,0x00000067c7b00000] [id=25036]
  0x00000244dd8fca80 ConcurrentGCThread "G1 Main Marker" [stack: 0x00000067c4a00000,0x00000067c4b00000] [id=25400]
  0x00000244dd8fd3b0 ConcurrentGCThread "G1 Conc#0" [stack: 0x00000067c4b00000,0x00000067c4c00000] [id=25404]
  0x000002449fe9e1a0 ConcurrentGCThread "G1 Conc#1" [stack: 0x00000067c7b00000,0x00000067c7c00000] [id=25044]
  0x000002449fe9c8e0 ConcurrentGCThread "G1 Conc#2" [stack: 0x00000067c7c00000,0x00000067c7d00000] [id=7116]
  0x00000244dd93eb50 ConcurrentGCThread "G1 Refine#0" [stack: 0x00000067c4c00000,0x00000067c4d00000] [id=25408]
  0x00000244fbb39260 ConcurrentGCThread "G1 Service" [stack: 0x00000067c4d00000,0x00000067c4e00000] [id=25412]

Threads with active compile tasks:
C1 CompilerThread0    15124 11415       3       org.gradle.execution.plan.DefaultPlanExecutor$MergedQueues::nothingMoreToStart (30 bytes)
C1 CompilerThread1    15124 11411   !   3       org.gradle.execution.plan.DefaultPlanExecutor$ExecutorWorker::lambda$getNextItem$1 (177 bytes)
C1 CompilerThread2    15124 11413       3       org.gradle.execution.plan.DefaultPlanExecutor$MergedQueues::executionState (103 bytes)
C1 CompilerThread3    15124 11414       3       org.gradle.execution.plan.DefaultFinalizedExecutionPlan::executionState (50 bytes)
C2 CompilerThread1    15124 11374       4       org.gradle.tooling.internal.provider.runner.ClientBuildEventGenerator::started (168 bytes)

VM state: not at safepoint (normal execution)

VM Mutex/Monitor currently owned by a thread:  ([mutex/lock_event])
[0x00000244db44ce30] Metaspace_lock - owner thread: 0x00000244fc9f0d80
[0x00000244dd889040] MethodData_lock - owner thread: 0x00000244fc9f0d80

Heap address: 0x0000000080000000, size: 2048 MB, Compressed Oops mode: 32-bit

CDS archive(s) mapped at: [0x0000024480000000-0x0000024480bb0000-0x0000024480bb0000), size 12255232, SharedBaseAddress: 0x0000024480000000, ArchiveRelocationMode: 1.
Compressed class space mapped at: 0x0000024481000000-0x000002449b000000, reserved size: 436207616
Narrow klass base: 0x0000024480000000, Narrow klass shift: 0, Narrow klass range: 0x100000000

GC Precious Log:
 CPUs: 16 total, 16 available
 Memory: 16147M
 Large Page Support: Disabled
 NUMA Support: Disabled
 Compressed Oops: Enabled (32-bit)
 Heap Region Size: 1M
 Heap Min Capacity: 8M
 Heap Initial Capacity: 254M
 Heap Max Capacity: 2G
 Pre-touch: Disabled
 Parallel Workers: 13
 Concurrent Workers: 3
 Concurrent Refinement Workers: 13
 Periodic GC: Disabled

Heap:
 garbage-first heap   total 135168K, used 79641K [0x0000000080000000, 0x0000000100000000)
  region size 1024K, 16 young (16384K), 6 survivors (6144K)
 Metaspace       used 77403K, committed 78208K, reserved 557056K
  class space    used 10971K, committed 11328K, reserved 425984K

Heap Regions: E=young(eden), S=young(survivor), O=old, HS=humongous(starts), HC=humongous(continues), CS=collection set, F=free, OA=open archive, CA=closed archive, TAMS=top-at-mark-start (previous, next)
|   0|0x0000000080000000, 0x0000000080100000, 0x0000000080100000|100%| O|  |TAMS 0x0000000080100000, 0x0000000080000000| Untracked 
|   1|0x0000000080100000, 0x0000000080200000, 0x0000000080200000|100%|HS|  |TAMS 0x0000000080200000, 0x0000000080100000| Complete 
|   2|0x0000000080200000, 0x0000000080300000, 0x0000000080300000|100%|HC|  |TAMS 0x0000000080300000, 0x0000000080200000| Complete 
|   3|0x0000000080300000, 0x0000000080400000, 0x0000000080400000|100%|HC|  |TAMS 0x0000000080400000, 0x0000000080300000| Complete 
|   4|0x0000000080400000, 0x0000000080500000, 0x0000000080500000|100%| O|  |TAMS 0x0000000080500000, 0x0000000080400000| Untracked 
|   5|0x0000000080500000, 0x0000000080600000, 0x0000000080600000|100%| O|  |TAMS 0x0000000080600000, 0x0000000080500000| Untracked 
|   6|0x0000000080600000, 0x0000000080700000, 0x0000000080700000|100%| O|  |TAMS 0x0000000080700000, 0x0000000080600000| Untracked 
|   7|0x0000000080700000, 0x0000000080800000, 0x0000000080800000|100%|HS|  |TAMS 0x0000000080800000, 0x0000000080700000| Complete 
|   8|0x0000000080800000, 0x0000000080900000, 0x0000000080900000|100%| O|  |TAMS 0x0000000080900000, 0x0000000080800000| Untracked 
|   9|0x0000000080900000, 0x0000000080a00000, 0x0000000080a00000|100%| O|  |TAMS 0x0000000080a00000, 0x0000000080900000| Untracked 
|  10|0x0000000080a00000, 0x0000000080b00000, 0x0000000080b00000|100%| O|  |TAMS 0x0000000080b00000, 0x0000000080a00000| Untracked 
|  11|0x0000000080b00000, 0x0000000080c00000, 0x0000000080c00000|100%| O|  |TAMS 0x0000000080c00000, 0x0000000080b00000| Untracked 
|  12|0x0000000080c00000, 0x0000000080cf9c00, 0x0000000080d00000| 97%| O|  |TAMS 0x0000000080cf9c00, 0x0000000080c00000| Untracked 
|  13|0x0000000080d00000, 0x0000000080e00000, 0x0000000080e00000|100%| O|  |TAMS 0x0000000080e00000, 0x0000000080d00000| Untracked 
|  14|0x0000000080e00000, 0x0000000080f00000, 0x0000000080f00000|100%| O|  |TAMS 0x0000000080f00000, 0x0000000080e00000| Untracked 
|  15|0x0000000080f00000, 0x0000000081000000, 0x0000000081000000|100%| O|  |TAMS 0x0000000081000000, 0x0000000080f00000| Untracked 
|  16|0x0000000081000000, 0x0000000081100000, 0x0000000081100000|100%| O|  |TAMS 0x0000000081100000, 0x0000000081000000| Untracked 
|  17|0x0000000081100000, 0x0000000081200000, 0x0000000081200000|100%| O|  |TAMS 0x0000000081200000, 0x0000000081100000| Untracked 
|  18|0x0000000081200000, 0x0000000081300000, 0x0000000081300000|100%| O|  |TAMS 0x0000000081300000, 0x0000000081200000| Untracked 
|  19|0x0000000081300000, 0x0000000081400000, 0x0000000081400000|100%| O|  |TAMS 0x0000000081400000, 0x0000000081300000| Untracked 
|  20|0x0000000081400000, 0x0000000081500000, 0x0000000081500000|100%| O|  |TAMS 0x0000000081500000, 0x0000000081400000| Untracked 
|  21|0x0000000081500000, 0x0000000081600000, 0x0000000081600000|100%| O|  |TAMS 0x0000000081600000, 0x0000000081500000| Untracked 
|  22|0x0000000081600000, 0x0000000081700000, 0x0000000081700000|100%| O|  |TAMS 0x0000000081700000, 0x0000000081600000| Untracked 
|  23|0x0000000081700000, 0x0000000081800000, 0x0000000081800000|100%| O|  |TAMS 0x0000000081800000, 0x0000000081700000| Untracked 
|  24|0x0000000081800000, 0x0000000081900000, 0x0000000081900000|100%| O|  |TAMS 0x0000000081900000, 0x0000000081800000| Untracked 
|  25|0x0000000081900000, 0x0000000081a00000, 0x0000000081a00000|100%| O|  |TAMS 0x0000000081a00000, 0x0000000081900000| Untracked 
|  26|0x0000000081a00000, 0x0000000081b00000, 0x0000000081b00000|100%| O|  |TAMS 0x0000000081b00000, 0x0000000081a00000| Untracked 
|  27|0x0000000081b00000, 0x0000000081c00000, 0x0000000081c00000|100%| O|  |TAMS 0x0000000081c00000, 0x0000000081b00000| Untracked 
|  28|0x0000000081c00000, 0x0000000081d00000, 0x0000000081d00000|100%| O|  |TAMS 0x0000000081d00000, 0x0000000081c00000| Untracked 
|  29|0x0000000081d00000, 0x0000000081e00000, 0x0000000081e00000|100%| O|  |TAMS 0x0000000081e00000, 0x0000000081d00000| Untracked 
|  30|0x0000000081e00000, 0x0000000081f00000, 0x0000000081f00000|100%| O|  |TAMS 0x0000000081f00000, 0x0000000081e00000| Untracked 
|  31|0x0000000081f00000, 0x0000000082000000, 0x0000000082000000|100%| O|  |TAMS 0x0000000082000000, 0x0000000081f00000| Untracked 
|  32|0x0000000082000000, 0x0000000082100000, 0x0000000082100000|100%| O|  |TAMS 0x0000000082100000, 0x0000000082000000| Untracked 
|  33|0x0000000082100000, 0x0000000082200000, 0x0000000082200000|100%| O|  |TAMS 0x0000000082200000, 0x0000000082100000| Untracked 
|  34|0x0000000082200000, 0x0000000082300000, 0x0000000082300000|100%| O|  |TAMS 0x0000000082300000, 0x0000000082200000| Untracked 
|  35|0x0000000082300000, 0x0000000082400000, 0x0000000082400000|100%| O|  |TAMS 0x0000000082400000, 0x0000000082300000| Untracked 
|  36|0x0000000082400000, 0x0000000082500000, 0x0000000082500000|100%| O|  |TAMS 0x0000000082500000, 0x0000000082400000| Untracked 
|  37|0x0000000082500000, 0x0000000082600000, 0x0000000082600000|100%| O|  |TAMS 0x0000000082600000, 0x0000000082500000| Untracked 
|  38|0x0000000082600000, 0x0000000082700000, 0x0000000082700000|100%| O|  |TAMS 0x0000000082700000, 0x0000000082600000| Untracked 
|  39|0x0000000082700000, 0x0000000082800000, 0x0000000082800000|100%|HS|  |TAMS 0x0000000082800000, 0x0000000082700000| Complete 
|  40|0x0000000082800000, 0x0000000082900000, 0x0000000082900000|100%|HC|  |TAMS 0x0000000082900000, 0x0000000082800000| Complete 
|  41|0x0000000082900000, 0x0000000082a00000, 0x0000000082a00000|100%|HS|  |TAMS 0x0000000082a00000, 0x0000000082900000| Complete 
|  42|0x0000000082a00000, 0x0000000082b00000, 0x0000000082b00000|100%|HC|  |TAMS 0x0000000082b00000, 0x0000000082a00000| Complete 
|  43|0x0000000082b00000, 0x0000000082c00000, 0x0000000082c00000|100%|HC|  |TAMS 0x0000000082c00000, 0x0000000082b00000| Complete 
|  44|0x0000000082c00000, 0x0000000082d00000, 0x0000000082d00000|100%| O|  |TAMS 0x0000000082d00000, 0x0000000082c00000| Untracked 
|  45|0x0000000082d00000, 0x0000000082e00000, 0x0000000082e00000|100%| O|  |TAMS 0x0000000082e00000, 0x0000000082d00000| Untracked 
|  46|0x0000000082e00000, 0x0000000082f00000, 0x0000000082f00000|100%| O|  |TAMS 0x0000000082f00000, 0x0000000082e00000| Untracked 
|  47|0x0000000082f00000, 0x0000000083000000, 0x0000000083000000|100%| O|  |TAMS 0x0000000083000000, 0x0000000082f00000| Untracked 
|  48|0x0000000083000000, 0x0000000083100000, 0x0000000083100000|100%| O|  |TAMS 0x0000000083100000, 0x0000000083000000| Untracked 
|  49|0x0000000083100000, 0x0000000083200000, 0x0000000083200000|100%| O|  |TAMS 0x0000000083200000, 0x0000000083100000| Untracked 
|  50|0x0000000083200000, 0x0000000083300000, 0x0000000083300000|100%| O|  |TAMS 0x0000000083300000, 0x0000000083200000| Untracked 
|  51|0x0000000083300000, 0x0000000083400000, 0x0000000083400000|100%|HS|  |TAMS 0x0000000083400000, 0x0000000083300000| Complete 
|  52|0x0000000083400000, 0x0000000083500000, 0x0000000083500000|100%|HC|  |TAMS 0x0000000083500000, 0x0000000083400000| Complete 
|  53|0x0000000083500000, 0x0000000083600000, 0x0000000083600000|100%| O|  |TAMS 0x0000000083600000, 0x0000000083500000| Untracked 
|  54|0x0000000083600000, 0x0000000083700000, 0x0000000083700000|100%| O|  |TAMS 0x0000000083700000, 0x0000000083600000| Untracked 
|  55|0x0000000083700000, 0x0000000083800000, 0x0000000083800000|100%| O|  |TAMS 0x0000000083800000, 0x0000000083700000| Untracked 
|  56|0x0000000083800000, 0x0000000083900000, 0x0000000083900000|100%| O|  |TAMS 0x000000008388dc00, 0x0000000083800000| Untracked 
|  57|0x0000000083900000, 0x0000000083a00000, 0x0000000083a00000|100%| O|  |TAMS 0x0000000083a00000, 0x0000000083900000| Untracked 
|  58|0x0000000083a00000, 0x0000000083b00000, 0x0000000083b00000|100%| O|  |TAMS 0x0000000083b00000, 0x0000000083a00000| Untracked 
|  59|0x0000000083b00000, 0x0000000083c00000, 0x0000000083c00000|100%|HS|  |TAMS 0x0000000083c00000, 0x0000000083b00000| Complete 
|  60|0x0000000083c00000, 0x0000000083d00000, 0x0000000083d00000|100%|HC|  |TAMS 0x0000000083d00000, 0x0000000083c00000| Complete 
|  61|0x0000000083d00000, 0x0000000083e00000, 0x0000000083e00000|100%|HC|  |TAMS 0x0000000083e00000, 0x0000000083d00000| Complete 
|  62|0x0000000083e00000, 0x0000000083f00000, 0x0000000083f00000|100%| O|  |TAMS 0x0000000083e00000, 0x0000000083e00000| Untracked 
|  63|0x0000000083f00000, 0x0000000084000000, 0x0000000084000000|100%| O|  |TAMS 0x0000000083f00000, 0x0000000083f00000| Untracked 
|  64|0x0000000084000000, 0x0000000084049200, 0x0000000084100000| 28%| O|  |TAMS 0x0000000084000000, 0x0000000084000000| Untracked 
|  65|0x0000000084100000, 0x0000000084100000, 0x0000000084200000|  0%| F|  |TAMS 0x0000000084100000, 0x0000000084100000| Untracked 
|  66|0x0000000084200000, 0x0000000084200000, 0x0000000084300000|  0%| F|  |TAMS 0x0000000084200000, 0x0000000084200000| Untracked 
|  67|0x0000000084300000, 0x0000000084300000, 0x0000000084400000|  0%| F|  |TAMS 0x0000000084300000, 0x0000000084300000| Untracked 
|  68|0x0000000084400000, 0x0000000084400000, 0x0000000084500000|  0%| F|  |TAMS 0x0000000084400000, 0x0000000084400000| Untracked 
|  69|0x0000000084500000, 0x0000000084500000, 0x0000000084600000|  0%| F|  |TAMS 0x0000000084500000, 0x0000000084500000| Untracked 
|  70|0x0000000084600000, 0x0000000084600000, 0x0000000084700000|  0%| F|  |TAMS 0x0000000084600000, 0x0000000084600000| Untracked 
|  71|0x0000000084700000, 0x0000000084700000, 0x0000000084800000|  0%| F|  |TAMS 0x0000000084700000, 0x0000000084700000| Untracked 
|  72|0x0000000084800000, 0x0000000084800000, 0x0000000084900000|  0%| F|  |TAMS 0x0000000084800000, 0x0000000084800000| Untracked 
|  73|0x0000000084900000, 0x0000000084900000, 0x0000000084a00000|  0%| F|  |TAMS 0x0000000084900000, 0x0000000084900000| Untracked 
|  74|0x0000000084a00000, 0x0000000084a00000, 0x0000000084b00000|  0%| F|  |TAMS 0x0000000084a00000, 0x0000000084a00000| Untracked 
|  75|0x0000000084b00000, 0x0000000084b00000, 0x0000000084c00000|  0%| F|  |TAMS 0x0000000084b00000, 0x0000000084b00000| Untracked 
|  76|0x0000000084c00000, 0x0000000084c00000, 0x0000000084d00000|  0%| F|  |TAMS 0x0000000084c00000, 0x0000000084c00000| Untracked 
|  77|0x0000000084d00000, 0x0000000084d00000, 0x0000000084e00000|  0%| F|  |TAMS 0x0000000084d00000, 0x0000000084d00000| Untracked 
|  78|0x0000000084e00000, 0x0000000084e00000, 0x0000000084f00000|  0%| F|  |TAMS 0x0000000084e00000, 0x0000000084e00000| Untracked 
|  79|0x0000000084f00000, 0x0000000084f00000, 0x0000000085000000|  0%| F|  |TAMS 0x0000000084f00000, 0x0000000084f00000| Untracked 
|  80|0x0000000085000000, 0x0000000085083680, 0x0000000085100000| 51%| S|CS|TAMS 0x0000000085000000, 0x0000000085000000| Complete 
|  81|0x0000000085100000, 0x0000000085200000, 0x0000000085200000|100%| S|CS|TAMS 0x0000000085100000, 0x0000000085100000| Complete 
|  82|0x0000000085200000, 0x0000000085300000, 0x0000000085300000|100%| S|CS|TAMS 0x0000000085200000, 0x0000000085200000| Complete 
|  83|0x0000000085300000, 0x0000000085400000, 0x0000000085400000|100%| S|CS|TAMS 0x0000000085300000, 0x0000000085300000| Complete 
|  84|0x0000000085400000, 0x0000000085500000, 0x0000000085500000|100%| S|CS|TAMS 0x0000000085400000, 0x0000000085400000| Complete 
|  85|0x0000000085500000, 0x0000000085500000, 0x0000000085600000|  0%| F|  |TAMS 0x0000000085500000, 0x0000000085500000| Untracked 
|  86|0x0000000085600000, 0x0000000085600000, 0x0000000085700000|  0%| F|  |TAMS 0x0000000085600000, 0x0000000085600000| Untracked 
|  87|0x0000000085700000, 0x0000000085700000, 0x0000000085800000|  0%| F|  |TAMS 0x0000000085700000, 0x0000000085700000| Untracked 
|  88|0x0000000085800000, 0x0000000085800000, 0x0000000085900000|  0%| F|  |TAMS 0x0000000085800000, 0x0000000085800000| Untracked 
|  89|0x0000000085900000, 0x0000000085900000, 0x0000000085a00000|  0%| F|  |TAMS 0x0000000085900000, 0x0000000085900000| Untracked 
|  90|0x0000000085a00000, 0x0000000085a00000, 0x0000000085b00000|  0%| F|  |TAMS 0x0000000085a00000, 0x0000000085a00000| Untracked 
|  91|0x0000000085b00000, 0x0000000085c00000, 0x0000000085c00000|100%| S|CS|TAMS 0x0000000085b00000, 0x0000000085b00000| Complete 
|  92|0x0000000085c00000, 0x0000000085c00000, 0x0000000085d00000|  0%| F|  |TAMS 0x0000000085c00000, 0x0000000085c00000| Untracked 
|  93|0x0000000085d00000, 0x0000000085d00000, 0x0000000085e00000|  0%| F|  |TAMS 0x0000000085d00000, 0x0000000085d00000| Untracked 
|  94|0x0000000085e00000, 0x0000000085e00000, 0x0000000085f00000|  0%| F|  |TAMS 0x0000000085e00000, 0x0000000085e00000| Untracked 
|  95|0x0000000085f00000, 0x0000000085f00000, 0x0000000086000000|  0%| F|  |TAMS 0x0000000085f00000, 0x0000000085f00000| Untracked 
|  96|0x0000000086000000, 0x0000000086000000, 0x0000000086100000|  0%| F|  |TAMS 0x0000000086000000, 0x0000000086000000| Untracked 
|  97|0x0000000086100000, 0x0000000086100000, 0x0000000086200000|  0%| F|  |TAMS 0x0000000086100000, 0x0000000086100000| Untracked 
|  98|0x0000000086200000, 0x0000000086200000, 0x0000000086300000|  0%| F|  |TAMS 0x0000000086200000, 0x0000000086200000| Untracked 
|  99|0x0000000086300000, 0x0000000086300000, 0x0000000086400000|  0%| F|  |TAMS 0x0000000086300000, 0x0000000086300000| Untracked 
| 100|0x0000000086400000, 0x0000000086400000, 0x0000000086500000|  0%| F|  |TAMS 0x0000000086400000, 0x0000000086400000| Untracked 
| 101|0x0000000086500000, 0x0000000086500000, 0x0000000086600000|  0%| F|  |TAMS 0x0000000086500000, 0x0000000086500000| Untracked 
| 102|0x0000000086600000, 0x0000000086600000, 0x0000000086700000|  0%| F|  |TAMS 0x0000000086600000, 0x0000000086600000| Untracked 
| 103|0x0000000086700000, 0x0000000086700000, 0x0000000086800000|  0%| F|  |TAMS 0x0000000086700000, 0x0000000086700000| Untracked 
| 104|0x0000000086800000, 0x0000000086800000, 0x0000000086900000|  0%| F|  |TAMS 0x0000000086800000, 0x0000000086800000| Untracked 
| 105|0x0000000086900000, 0x0000000086900000, 0x0000000086a00000|  0%| F|  |TAMS 0x0000000086900000, 0x0000000086900000| Untracked 
| 106|0x0000000086a00000, 0x0000000086a00000, 0x0000000086b00000|  0%| F|  |TAMS 0x0000000086a00000, 0x0000000086a00000| Untracked 
| 107|0x0000000086b00000, 0x0000000086b00000, 0x0000000086c00000|  0%| F|  |TAMS 0x0000000086b00000, 0x0000000086b00000| Untracked 
| 108|0x0000000086c00000, 0x0000000086c00000, 0x0000000086d00000|  0%| F|  |TAMS 0x0000000086c00000, 0x0000000086c00000| Untracked 
| 109|0x0000000086d00000, 0x0000000086d00000, 0x0000000086e00000|  0%| F|  |TAMS 0x0000000086d00000, 0x0000000086d00000| Untracked 
| 110|0x0000000086e00000, 0x0000000086e00000, 0x0000000086f00000|  0%| F|  |TAMS 0x0000000086e00000, 0x0000000086e00000| Untracked 
| 111|0x0000000086f00000, 0x0000000086f00000, 0x0000000087000000|  0%| F|  |TAMS 0x0000000086f00000, 0x0000000086f00000| Untracked 
| 112|0x0000000087000000, 0x0000000087000000, 0x0000000087100000|  0%| F|  |TAMS 0x0000000087000000, 0x0000000087000000| Untracked 
| 113|0x0000000087100000, 0x0000000087100000, 0x0000000087200000|  0%| F|  |TAMS 0x0000000087100000, 0x0000000087100000| Untracked 
| 114|0x0000000087200000, 0x0000000087200000, 0x0000000087300000|  0%| F|  |TAMS 0x0000000087200000, 0x0000000087200000| Untracked 
| 115|0x0000000087300000, 0x0000000087300000, 0x0000000087400000|  0%| F|  |TAMS 0x0000000087300000, 0x0000000087300000| Untracked 
| 116|0x0000000087400000, 0x0000000087400000, 0x0000000087500000|  0%| F|  |TAMS 0x0000000087400000, 0x0000000087400000| Untracked 
| 117|0x0000000087500000, 0x0000000087500000, 0x0000000087600000|  0%| F|  |TAMS 0x0000000087500000, 0x0000000087500000| Untracked 
| 118|0x0000000087600000, 0x0000000087600000, 0x0000000087700000|  0%| F|  |TAMS 0x0000000087600000, 0x0000000087600000| Untracked 
| 131|0x0000000088300000, 0x0000000088300000, 0x0000000088400000|  0%| F|  |TAMS 0x0000000088300000, 0x0000000088300000| Untracked 
| 132|0x0000000088400000, 0x0000000088400000, 0x0000000088500000|  0%| F|  |TAMS 0x0000000088400000, 0x0000000088400000| Untracked 
| 133|0x0000000088500000, 0x0000000088500000, 0x0000000088600000|  0%| F|  |TAMS 0x0000000088500000, 0x0000000088500000| Untracked 
| 134|0x0000000088600000, 0x0000000088636cd8, 0x0000000088700000| 21%| E|  |TAMS 0x0000000088600000, 0x0000000088600000| Complete 
| 135|0x0000000088700000, 0x0000000088800000, 0x0000000088800000|100%| E|CS|TAMS 0x0000000088700000, 0x0000000088700000| Complete 
| 136|0x0000000088800000, 0x0000000088900000, 0x0000000088900000|100%| E|  |TAMS 0x0000000088800000, 0x0000000088800000| Complete 
| 137|0x0000000088900000, 0x0000000088a00000, 0x0000000088a00000|100%| E|CS|TAMS 0x0000000088900000, 0x0000000088900000| Complete 
| 138|0x0000000088a00000, 0x0000000088b00000, 0x0000000088b00000|100%| E|CS|TAMS 0x0000000088a00000, 0x0000000088a00000| Complete 
| 139|0x0000000088b00000, 0x0000000088c00000, 0x0000000088c00000|100%| E|CS|TAMS 0x0000000088b00000, 0x0000000088b00000| Complete 
| 140|0x0000000088c00000, 0x0000000088d00000, 0x0000000088d00000|100%| E|CS|TAMS 0x0000000088c00000, 0x0000000088c00000| Complete 
| 141|0x0000000088d00000, 0x0000000088e00000, 0x0000000088e00000|100%| E|CS|TAMS 0x0000000088d00000, 0x0000000088d00000| Complete 
| 142|0x0000000088e00000, 0x0000000088f00000, 0x0000000088f00000|100%| E|CS|TAMS 0x0000000088e00000, 0x0000000088e00000| Complete 
| 253|0x000000008fd00000, 0x000000008fe00000, 0x000000008fe00000|100%| E|CS|TAMS 0x000000008fd00000, 0x000000008fd00000| Complete 

Card table byte_map: [0x00000244f5050000,0x00000244f5450000] _byte_map_base: 0x00000244f4c50000

Marking Bits (Prev, Next): (CMBitMap*) 0x00000244dd8eb480, (CMBitMap*) 0x00000244dd8eb4c0
 Prev Bits: [0x00000244f5850000, 0x00000244f7850000)
 Next Bits: [0x00000244f7850000, 0x00000244f9850000)

Polling page: 0x00000244db5f0000

Metaspace:

Usage:
  Non-class:     64.88 MB used.
      Class:     10.71 MB used.
       Both:     75.59 MB used.

Virtual space:
  Non-class space:      128.00 MB reserved,      65.31 MB ( 51%) committed,  2 nodes.
      Class space:      416.00 MB reserved,      11.06 MB (  3%) committed,  1 nodes.
             Both:      544.00 MB reserved,      76.38 MB ( 14%) committed. 

Chunk freelists:
   Non-Class:  14.23 MB
       Class:  4.94 MB
        Both:  19.17 MB

MaxMetaspaceSize: 512.00 MB
CompressedClassSpaceSize: 416.00 MB
Initial GC threshold: 21.00 MB
Current GC threshold: 126.88 MB
CDS: on
MetaspaceReclaimPolicy: balanced
 - commit_granule_bytes: 65536.
 - commit_granule_words: 8192.
 - virtual_space_node_default_size: 8388608.
 - enlarge_chunks_in_place: 1.
 - new_chunks_are_fully_committed: 0.
 - uncommit_free_chunks: 1.
 - use_allocation_guard: 0.
 - handle_deallocations: 1.


Internal statistics:

num_allocs_failed_limit: 9.
num_arena_births: 1178.
num_arena_deaths: 2.
num_vsnodes_births: 3.
num_vsnodes_deaths: 0.
num_space_committed: 1222.
num_space_uncommitted: 0.
num_chunks_returned_to_freelist: 15.
num_chunks_taken_from_freelist: 4631.
num_chunk_merges: 9.
num_chunk_splits: 2937.
num_chunks_enlarged: 1834.
num_inconsistent_stats: 0.

CodeHeap 'non-profiled nmethods': size=119168Kb used=6441Kb max_used=6441Kb free=112726Kb
 bounds [0x00000244ecf60000, 0x00000244ed5b0000, 0x00000244f43c0000]
CodeHeap 'profiled nmethods': size=119104Kb used=18856Kb max_used=18856Kb free=100248Kb
 bounds [0x00000244e53c0000, 0x00000244e6630000, 0x00000244ec810000]
CodeHeap 'non-nmethods': size=7488Kb used=4095Kb max_used=4157Kb free=3392Kb
 bounds [0x00000244ec810000, 0x00000244ecc30000, 0x00000244ecf60000]
 total_blobs=10828 nmethods=9901 adapters=835
 compilation: enabled
              stopped_count=0, restarted_count=0
 full_count=0

Compilation events (20 events):
Event: 15.090 Thread 0x00000244fbc3cab0 nmethod 11405 0x00000244e6628210 code [0x00000244e66283e0, 0x00000244e6628788]
Event: 15.090 Thread 0x00000244fc9cdcc0 nmethod 11406 0x00000244e6628910 code [0x00000244e6628b20, 0x00000244e66292d8]
Event: 15.090 Thread 0x00000244fbc3cab0 11407       3       sun.nio.ch.IOStatus::normalize (12 bytes)
Event: 15.090 Thread 0x00000244fbc3b190 nmethod 11384 0x00000244ed5a4390 code [0x00000244ed5a45a0, 0x00000244ed5a4fc8]
Event: 15.090 Thread 0x00000244fbc3b190 11385       4       com.google.common.cache.LocalCache$Segment::recordWrite (72 bytes)
Event: 15.090 Thread 0x00000244fbc3cab0 nmethod 11407 0x00000244e6629510 code [0x00000244e66296a0, 0x00000244e66297f8]
Event: 15.091 Thread 0x00000244fbc3cab0 11408       3       org.gradle.internal.Deferrable$1::applyAndRequireNonNull (15 bytes)
Event: 15.091 Thread 0x00000244fbc3cab0 nmethod 11408 0x00000244e6629890 code [0x00000244e6629a60, 0x00000244e6629d98]
Event: 15.091 Thread 0x00000244fc9cdcc0 11409   !   3       org.gradle.initialization.DefaultBuildCancellationToken::isCancellationRequested (19 bytes)
Event: 15.091 Thread 0x00000244fc9cdcc0 nmethod 11409 0x00000244e6629f10 code [0x00000244e662a0a0, 0x00000244e662a298]
Event: 15.091 Thread 0x00000244fc9f0d80 11410       3       org.gradle.execution.plan.DefaultPlanExecutor$ExecutorWorker$$Lambda$1869/0x0000024481ad3af8::transform (20 bytes)
Event: 15.091 Thread 0x00000244fc9cdcc0 11411   !   3       org.gradle.execution.plan.DefaultPlanExecutor$ExecutorWorker::lambda$getNextItem$1 (177 bytes)
Event: 15.091 Thread 0x00000244fbc3cab0 11412       3       org.gradle.execution.plan.DefaultPlanExecutor$ExecutorState$WorkerState::finishWaitingForNextItem (34 bytes)
Event: 15.091 Thread 0x00000244fc9ce290 11413       3       org.gradle.execution.plan.DefaultPlanExecutor$MergedQueues::executionState (103 bytes)
Event: 15.091 Thread 0x00000244fc9f0d80 nmethod 11410 0x00000244e662a390 code [0x00000244e662a540, 0x00000244e662a7a8]
Event: 15.091 Thread 0x00000244fc9f0d80 11414       3       org.gradle.execution.plan.DefaultFinalizedExecutionPlan::executionState (50 bytes)
Event: 15.091 Thread 0x00000244fbc3cab0 nmethod 11412 0x00000244e662a890 code [0x00000244e662aa40, 0x00000244e662ad08]
Event: 15.091 Thread 0x00000244fbc3cab0 11417   !   3       org.gradle.internal.resources.DefaultResourceLockCoordinationService$DefaultResourceLockState::releaseLocks (76 bytes)
Event: 15.092 Thread 0x00000244fbc3cab0 nmethod 11417 0x00000244e662ae90 code [0x00000244e662b0a0, 0x00000244e662b808]
Event: 15.092 Thread 0x00000244fbc3cab0 11415       3       org.gradle.execution.plan.DefaultPlanExecutor$MergedQueues::nothingMoreToStart (30 bytes)

GC Heap History (20 events):
Event: 9.216 GC heap before
{Heap before GC invocations=18 (full 0):
 garbage-first heap   total 103424K, used 88440K [0x0000000080000000, 0x0000000100000000)
  region size 1024K, 44 young (45056K), 6 survivors (6144K)
 Metaspace       used 61000K, committed 61632K, reserved 491520K
  class space    used 8547K, committed 8832K, reserved 425984K
}
Event: 9.222 GC heap after
{Heap after GC invocations=19 (full 0):
 garbage-first heap   total 103424K, used 54091K [0x0000000080000000, 0x0000000100000000)
  region size 1024K, 6 young (6144K), 6 survivors (6144K)
 Metaspace       used 61000K, committed 61632K, reserved 491520K
  class space    used 8547K, committed 8832K, reserved 425984K
}
Event: 9.408 GC heap before
{Heap before GC invocations=19 (full 0):
 garbage-first heap   total 103424K, used 56139K [0x0000000080000000, 0x0000000100000000)
  region size 1024K, 9 young (9216K), 6 survivors (6144K)
 Metaspace       used 61123K, committed 61824K, reserved 491520K
  class space    used 8568K, committed 8896K, reserved 425984K
}
Event: 9.413 GC heap after
{Heap after GC invocations=20 (full 0):
 garbage-first heap   total 103424K, used 55098K [0x0000000080000000, 0x0000000100000000)
  region size 1024K, 2 young (2048K), 2 survivors (2048K)
 Metaspace       used 61123K, committed 61824K, reserved 491520K
  class space    used 8568K, committed 8896K, reserved 425984K
}
Event: 10.148 GC heap before
{Heap before GC invocations=21 (full 0):
 garbage-first heap   total 103424K, used 85818K [0x0000000080000000, 0x0000000100000000)
  region size 1024K, 30 young (30720K), 2 survivors (2048K)
 Metaspace       used 63886K, committed 64576K, reserved 491520K
  class space    used 8946K, committed 9280K, reserved 425984K
}
Event: 10.152 GC heap after
{Heap after GC invocations=22 (full 0):
 garbage-first heap   total 103424K, used 57767K [0x0000000080000000, 0x0000000100000000)
  region size 1024K, 2 young (2048K), 2 survivors (2048K)
 Metaspace       used 63886K, committed 64576K, reserved 491520K
  class space    used 8946K, committed 9280K, reserved 425984K
}
Event: 10.482 GC heap before
{Heap before GC invocations=22 (full 0):
 garbage-first heap   total 103424K, used 84391K [0x0000000080000000, 0x0000000100000000)
  region size 1024K, 29 young (29696K), 2 survivors (2048K)
 Metaspace       used 65751K, committed 66496K, reserved 491520K
  class space    used 9187K, committed 9536K, reserved 425984K
}
Event: 10.485 GC heap after
{Heap after GC invocations=23 (full 0):
 garbage-first heap   total 103424K, used 58754K [0x0000000080000000, 0x0000000100000000)
  region size 1024K, 3 young (3072K), 3 survivors (3072K)
 Metaspace       used 65751K, committed 66496K, reserved 491520K
  class space    used 9187K, committed 9536K, reserved 425984K
}
Event: 10.997 GC heap before
{Heap before GC invocations=24 (full 0):
 garbage-first heap   total 106496K, used 86402K [0x0000000080000000, 0x0000000100000000)
  region size 1024K, 30 young (30720K), 3 survivors (3072K)
 Metaspace       used 68192K, committed 68928K, reserved 491520K
  class space    used 9582K, committed 9920K, reserved 425984K
}
Event: 11.001 GC heap after
{Heap after GC invocations=25 (full 0):
 garbage-first heap   total 106496K, used 59639K [0x0000000080000000, 0x0000000100000000)
  region size 1024K, 3 young (3072K), 3 survivors (3072K)
 Metaspace       used 68192K, committed 68928K, reserved 491520K
  class space    used 9582K, committed 9920K, reserved 425984K
}
Event: 11.332 GC heap before
{Heap before GC invocations=25 (full 0):
 garbage-first heap   total 106496K, used 70903K [0x0000000080000000, 0x0000000100000000)
  region size 1024K, 15 young (15360K), 3 survivors (3072K)
 Metaspace       used 68892K, committed 69632K, reserved 491520K
  class space    used 9709K, committed 10048K, reserved 425984K
}
Event: 11.335 GC heap after
{Heap after GC invocations=26 (full 0):
 garbage-first heap   total 106496K, used 59964K [0x0000000080000000, 0x0000000100000000)
  region size 1024K, 3 young (3072K), 3 survivors (3072K)
 Metaspace       used 68892K, committed 69632K, reserved 491520K
  class space    used 9709K, committed 10048K, reserved 425984K
}
Event: 11.630 GC heap before
{Heap before GC invocations=27 (full 0):
 garbage-first heap   total 112640K, used 91708K [0x0000000080000000, 0x0000000100000000)
  region size 1024K, 31 young (31744K), 3 survivors (3072K)
 Metaspace       used 70357K, committed 71040K, reserved 491520K
  class space    used 9933K, committed 10240K, reserved 425984K
}
Event: 11.633 GC heap after
{Heap after GC invocations=28 (full 0):
 garbage-first heap   total 112640K, used 64557K [0x0000000080000000, 0x0000000100000000)
  region size 1024K, 3 young (3072K), 3 survivors (3072K)
 Metaspace       used 70357K, committed 71040K, reserved 491520K
  class space    used 9933K, committed 10240K, reserved 425984K
}
Event: 12.714 GC heap before
{Heap before GC invocations=28 (full 0):
 garbage-first heap   total 112640K, used 94253K [0x0000000080000000, 0x0000000100000000)
  region size 1024K, 32 young (32768K), 3 survivors (3072K)
 Metaspace       used 71723K, committed 72512K, reserved 491520K
  class space    used 10126K, committed 10496K, reserved 425984K
}
Event: 12.717 GC heap after
{Heap after GC invocations=29 (full 0):
 garbage-first heap   total 135168K, used 65950K [0x0000000080000000, 0x0000000100000000)
  region size 1024K, 4 young (4096K), 4 survivors (4096K)
 Metaspace       used 71723K, committed 72512K, reserved 491520K
  class space    used 10126K, committed 10496K, reserved 425984K
}
Event: 14.156 GC heap before
{Heap before GC invocations=30 (full 0):
 garbage-first heap   total 135168K, used 107934K [0x0000000080000000, 0x0000000100000000)
  region size 1024K, 45 young (46080K), 4 survivors (4096K)
 Metaspace       used 73744K, committed 74496K, reserved 491520K
  class space    used 10408K, committed 10752K, reserved 425984K
}
Event: 14.162 GC heap after
{Heap after GC invocations=31 (full 0):
 garbage-first heap   total 135168K, used 68649K [0x0000000080000000, 0x0000000100000000)
  region size 1024K, 6 young (6144K), 6 survivors (6144K)
 Metaspace       used 73744K, committed 74496K, reserved 491520K
  class space    used 10408K, committed 10752K, reserved 425984K
}
Event: 14.891 GC heap before
{Heap before GC invocations=31 (full 0):
 garbage-first heap   total 135168K, used 108585K [0x0000000080000000, 0x0000000100000000)
  region size 1024K, 46 young (47104K), 6 survivors (6144K)
 Metaspace       used 77052K, committed 77888K, reserved 557056K
  class space    used 10919K, committed 11328K, reserved 425984K
}
Event: 14.899 GC heap after
{Heap after GC invocations=32 (full 0):
 garbage-first heap   total 135168K, used 71449K [0x0000000080000000, 0x0000000100000000)
  region size 1024K, 6 young (6144K), 6 survivors (6144K)
 Metaspace       used 77052K, committed 77888K, reserved 557056K
  class space    used 10919K, committed 11328K, reserved 425984K
}

Dll operation events (16 events):
Event: 0.007 Loaded shared library C:\Program Files\Microsoft\jdk-17.0.13.11-hotspot\bin\java.dll
Event: 0.025 Loaded shared library C:\Program Files\Microsoft\jdk-17.0.13.11-hotspot\bin\jsvml.dll
Event: 0.061 Loaded shared library C:\Program Files\Microsoft\jdk-17.0.13.11-hotspot\bin\zip.dll
Event: 0.062 Loaded shared library C:\Program Files\Microsoft\jdk-17.0.13.11-hotspot\bin\instrument.dll
Event: 0.066 Loaded shared library C:\Program Files\Microsoft\jdk-17.0.13.11-hotspot\bin\net.dll
Event: 0.067 Loaded shared library C:\Program Files\Microsoft\jdk-17.0.13.11-hotspot\bin\nio.dll
Event: 0.069 Loaded shared library C:\Program Files\Microsoft\jdk-17.0.13.11-hotspot\bin\zip.dll
Event: 0.202 Loaded shared library C:\Program Files\Microsoft\jdk-17.0.13.11-hotspot\bin\jimage.dll
Event: 0.298 Loaded shared library C:\Program Files\Microsoft\jdk-17.0.13.11-hotspot\bin\verify.dll
Event: 0.419 Loaded shared library C:\Users\acern\.gradle\native\1def1411415f61bf3af743bc5b6707747c0891f09f0c88961ee8f79bc544acac\windows-amd64\native-platform.dll
Event: 0.424 Loaded shared library C:\Users\acern\.gradle\native\0.2.5\x86_64-windows-gnu\gradle-fileevents.dll
Event: 1.136 Loaded shared library C:\Program Files\Microsoft\jdk-17.0.13.11-hotspot\bin\management.dll
Event: 1.138 Loaded shared library C:\Program Files\Microsoft\jdk-17.0.13.11-hotspot\bin\management_ext.dll
Event: 1.279 Loaded shared library C:\Program Files\Microsoft\jdk-17.0.13.11-hotspot\bin\extnet.dll
Event: 1.467 Loaded shared library C:\Program Files\Microsoft\jdk-17.0.13.11-hotspot\bin\sunmscapi.dll
Event: 1.791 Loaded shared library C:\Users\acern\AppData\Local\Temp\native-platform13991059669761073194dir\gradle-fileevents.dll

Deoptimization events (20 events):
Event: 15.024 Thread 0x00000244fcb79cb0 Uncommon trap: trap_request=0xffffffbe fr.pc=0x00000244ecfc0ec0 relative=0x00000000000001a0
Event: 15.024 Thread 0x00000244fcb79cb0 Uncommon trap: reason=profile_predicate action=maybe_recompile pc=0x00000244ecfc0ec0 method=java.util.LinkedHashMap.keysToArray([Ljava/lang/Object;)[Ljava/lang/Object; @ 12 c2
Event: 15.024 Thread 0x00000244fcb79cb0 DEOPT PACKING pc=0x00000244ecfc0ec0 sp=0x00000067ccaf84c0
Event: 15.024 Thread 0x00000244fcb79cb0 DEOPT UNPACKING pc=0x00000244ec86a1a3 sp=0x00000067ccaf8478 mode 2
Event: 15.041 Thread 0x00000244fcb79cb0 Uncommon trap: trap_request=0xffffff45 fr.pc=0x00000244ed37a250 relative=0x0000000000000970
Event: 15.041 Thread 0x00000244fcb79cb0 Uncommon trap: reason=unstable_if action=reinterpret pc=0x00000244ed37a250 method=com.google.common.cache.LocalCache$Segment.get(Ljava/lang/Object;I)Ljava/lang/Object; @ 4 c2
Event: 15.041 Thread 0x00000244fcb79cb0 DEOPT PACKING pc=0x00000244ed37a250 sp=0x00000067ccaf9bf0
Event: 15.041 Thread 0x00000244fcb79cb0 DEOPT UNPACKING pc=0x00000244ec86a1a3 sp=0x00000067ccaf9b30 mode 2
Event: 15.044 Thread 0x00000244fcb79cb0 Uncommon trap: trap_request=0xffffff45 fr.pc=0x00000244ed3e0240 relative=0x0000000000000c40
Event: 15.044 Thread 0x00000244fcb79cb0 Uncommon trap: reason=unstable_if action=reinterpret pc=0x00000244ed3e0240 method=com.esotericsoftware.kryo.io.Input.readString()Ljava/lang/String; @ 28 c2
Event: 15.044 Thread 0x00000244fcb79cb0 DEOPT PACKING pc=0x00000244ed3e0240 sp=0x00000067ccaf9730
Event: 15.044 Thread 0x00000244fcb79cb0 DEOPT UNPACKING pc=0x00000244ec86a1a3 sp=0x00000067ccaf9708 mode 2
Event: 15.053 Thread 0x00000244fcb79cb0 Uncommon trap: trap_request=0xffffffd6 fr.pc=0x00000244ed58337c relative=0x00000000000007bc
Event: 15.053 Thread 0x00000244fcb79cb0 Uncommon trap: reason=array_check action=maybe_recompile pc=0x00000244ed58337c method=java.util.TimSort.binarySort([Ljava/lang/Object;IIILjava/util/Comparator;)V @ 193 c2
Event: 15.053 Thread 0x00000244fcb79cb0 DEOPT PACKING pc=0x00000244ed58337c sp=0x00000067ccaf9c60
Event: 15.053 Thread 0x00000244fcb79cb0 DEOPT UNPACKING pc=0x00000244ec86a1a3 sp=0x00000067ccaf9bf8 mode 2
Event: 15.053 Thread 0x00000244fcb79cb0 Uncommon trap: trap_request=0xffffffd6 fr.pc=0x00000244ed583228 relative=0x0000000000000668
Event: 15.053 Thread 0x00000244fcb79cb0 Uncommon trap: reason=array_check action=maybe_recompile pc=0x00000244ed583228 method=java.util.TimSort.binarySort([Ljava/lang/Object;IIILjava/util/Comparator;)V @ 215 c2
Event: 15.053 Thread 0x00000244fcb79cb0 DEOPT PACKING pc=0x00000244ed583228 sp=0x00000067ccaf9c60
Event: 15.053 Thread 0x00000244fcb79cb0 DEOPT UNPACKING pc=0x00000244ec86a1a3 sp=0x00000067ccaf9bf8 mode 2

Classes loaded (20 events):
Event: 14.503 Loading class java/util/Spliterators$IntArraySpliterator
Event: 14.503 Loading class java/util/Spliterators$IntArraySpliterator done
Event: 14.507 Loading class java/text/ParsePosition
Event: 14.507 Loading class java/text/ParsePosition done
Event: 14.517 Loading class java/text/CharacterIterator
Event: 14.517 Loading class java/text/CharacterIterator done
Event: 14.539 Loading class jdk/internal/reflect/UnsafeObjectFieldAccessorImpl
Event: 14.540 Loading class jdk/internal/reflect/UnsafeObjectFieldAccessorImpl done
Event: 14.569 Loading class java/util/stream/ReferencePipeline$15
Event: 14.570 Loading class java/util/stream/ReferencePipeline$15 done
Event: 14.573 Loading class java/util/stream/ReferencePipeline$15$1
Event: 14.573 Loading class java/util/stream/ReferencePipeline$15$1 done
Event: 14.806 Loading class java/util/TreeMap$KeySpliterator
Event: 14.806 Loading class java/util/TreeMap$KeySpliterator done
Event: 14.837 Loading class java/util/HashMap$UnsafeHolder
Event: 14.837 Loading class java/util/HashMap$UnsafeHolder done
Event: 14.903 Loading class java/util/stream/ReduceOps$6
Event: 14.903 Loading class java/util/stream/ReduceOps$6 done
Event: 14.903 Loading class java/util/stream/ReduceOps$5ReducingSink
Event: 14.903 Loading class java/util/stream/ReduceOps$5ReducingSink done

Classes unloaded (5 events):
Event: 7.928 Thread 0x00000244fbc23b60 Unloading class 0x0000024481529000 '_BuildScript_$_run_closure1$_closure2'
Event: 7.928 Thread 0x00000244fbc23b60 Unloading class 0x0000024481528a98 '_BuildScript_$_run_closure1'
Event: 7.928 Thread 0x00000244fbc23b60 Unloading class 0x0000024481528568 '_BuildScript_'
Event: 7.928 Thread 0x00000244fbc23b60 Unloading class 0x00000244815282b0 'GradleAnnotationProcessorPatchPlugin$AnnotationProcessorModelBuilder'
Event: 7.928 Thread 0x00000244fbc23b60 Unloading class 0x0000024481528000 'GradleAnnotationProcessorPatchPlugin'

Classes redefined (0 events):
No events

Internal exceptions (20 events):
Event: 14.568 Thread 0x00000244fd35c060 Implicit null exception at 0x00000244ed127485 to 0x00000244ed12851c
Event: 14.569 Thread 0x00000244fd35c060 Implicit null exception at 0x00000244ed28aab6 to 0x00000244ed28c970
Event: 14.574 Thread 0x000002449f280cb0 Implicit null exception at 0x00000244ecfb2a5d to 0x00000244ecfb2af8
Event: 14.574 Thread 0x000002449f284970 Implicit null exception at 0x00000244ecfb2a5d to 0x00000244ecfb2af8
Event: 14.574 Thread 0x000002449f284970 Implicit null exception at 0x00000244ed53661e to 0x00000244ed536db4
Event: 14.574 Thread 0x000002449f280cb0 Implicit null exception at 0x00000244ed53661e to 0x00000244ed536db4
Event: 14.608 Thread 0x00000244fd35c060 Exception <a 'java/lang/NoSuchMethodError'{0x0000000086a6e740}: 'int java.lang.invoke.DirectMethodHandle$Holder.invokeSpecialIFC(java.lang.Object, java.lang.Object, java.lang.Object, java.lang.Object, java.lang.Object)'> (0x0000000086a6e740) 
thrown [s\src\hotspot\share\interpreter\linkResolver.cpp, line 759]
Event: 14.685 Thread 0x00000244fd35c060 Exception <a 'java/lang/IncompatibleClassChangeError'{0x00000000867e99f0}: Found class java.lang.Object, but interface was expected> (0x00000000867e99f0) 
thrown [s\src\hotspot\share\interpreter\linkResolver.cpp, line 826]
Event: 14.748 Thread 0x000002449f287700 Exception <a 'java/lang/NoSuchMethodError'{0x000000008634adb0}: 'java.lang.Object java.lang.invoke.DirectMethodHandle$Holder.newInvokeSpecial(java.lang.Object, java.lang.Object, int, java.lang.Object, java.lang.Object)'> (0x000000008634adb0) 
thrown [s\src\hotspot\share\interpreter\linkResolver.cpp, line 759]
Event: 14.810 Thread 0x000002449f287700 Implicit null exception at 0x00000244ed55b529 to 0x00000244ed55be40
Event: 14.811 Thread 0x00000244fd35ac20 Exception <a 'java/lang/NoSuchMethodError'{0x0000000085f5df28}: static Lorg/gradle/internal/build/event/types/DefaultTaskStartedProgressEvent;.<clinit>()V> (0x0000000085f5df28) 
thrown [s\src\hotspot\share\prims\jni.cpp, line 1112]
Event: 14.811 Thread 0x00000244fd35ac20 Exception <a 'java/lang/NoSuchMethodError'{0x0000000085f68220}: static Lorg/gradle/internal/build/event/types/DefaultTaskDescriptor;.<clinit>()V> (0x0000000085f68220) 
thrown [s\src\hotspot\share\prims\jni.cpp, line 1112]
Event: 14.816 Thread 0x00000244fd35ac20 Exception <a 'java/lang/NoSuchMethodError'{0x0000000085fa0ae0}: static Lorg/gradle/internal/build/event/types/DefaultTaskFinishedProgressEvent;.<clinit>()V> (0x0000000085fa0ae0) 
thrown [s\src\hotspot\share\prims\jni.cpp, line 1112]
Event: 14.818 Thread 0x00000244fd35ac20 Exception <a 'java/lang/NoSuchMethodError'{0x0000000085fe1598}: static Lorg/gradle/internal/build/event/types/DefaultTaskSkippedResult;.<clinit>()V> (0x0000000085fe1598) 
thrown [s\src\hotspot\share\prims\jni.cpp, line 1112]
Event: 14.818 Thread 0x00000244fd35ac20 Exception <a 'java/lang/NoSuchMethodError'{0x0000000085fe2648}: static Lorg/gradle/internal/build/event/types/AbstractTaskResult;.<clinit>()V> (0x0000000085fe2648) 
thrown [s\src\hotspot\share\prims\jni.cpp, line 1112]
Event: 14.823 Thread 0x00000244fcb79cb0 Exception <a 'java/lang/NoSuchMethodError'{0x0000000085e3de88}: 'void java.lang.invoke.DirectMethodHandle$Holder.invokeSpecial(java.lang.Object, java.lang.Object, java.lang.Object, java.lang.Object, int, java.lang.Object, java.lang.Object)'> (0x0000000085e3de88) 
thrown [s\src\hotspot\share\interpreter\linkResolver.cpp, line 759]
Event: 14.831 Thread 0x000002449f283f50 Exception <a 'java/lang/NoSuchMethodError'{0x0000000085d33230}: static Ljava/lang/Object;.<clinit>()V> (0x0000000085d33230) 
thrown [s\src\hotspot\share\prims\jni.cpp, line 1112]
Event: 14.833 Thread 0x000002449f283f50 Exception <a 'java/lang/NoSuchMethodError'{0x0000000085d55598}: static Lorg/jetbrains/kotlin/gradle/plugin/statistics/MetricContainer;.<clinit>()V> (0x0000000085d55598) 
thrown [s\src\hotspot\share\prims\jni.cpp, line 1112]
Event: 14.922 Thread 0x00000244fcb79cb0 Exception <a 'java/lang/NoSuchMethodError'{0x000000008fdaa928}: 'int java.lang.invoke.DirectMethodHandle$Holder.invokeSpecial(java.lang.Object, java.lang.Object, java.lang.Object, java.lang.Object, java.lang.Object)'> (0x000000008fdaa928) 
thrown [s\src\hotspot\share\interpreter\linkResolver.cpp, line 759]
Event: 15.053 Thread 0x00000244fcb79cb0 Exception <a 'java/lang/NoSuchMethodError'{0x0000000088995bd0}: static Ljava/lang/Object;.<clinit>()V> (0x0000000088995bd0) 
thrown [s\src\hotspot\share\prims\jni.cpp, line 1112]

VM Operations (20 events):
Event: 14.155 Executing VM operation: G1CollectForAllocation
Event: 14.162 Executing VM operation: G1CollectForAllocation done
Event: 14.737 Executing VM operation: ICBufferFull
Event: 14.737 Executing VM operation: ICBufferFull done
Event: 14.810 Executing VM operation: HandshakeAllThreads
Event: 14.810 Executing VM operation: HandshakeAllThreads done
Event: 14.815 Executing VM operation: HandshakeAllThreads
Event: 14.815 Executing VM operation: HandshakeAllThreads done
Event: 14.891 Executing VM operation: G1CollectForAllocation
Event: 14.899 Executing VM operation: G1CollectForAllocation done
Event: 14.908 Executing VM operation: HandshakeAllThreads
Event: 14.908 Executing VM operation: HandshakeAllThreads done
Event: 14.911 Executing VM operation: HandshakeAllThreads
Event: 14.911 Executing VM operation: HandshakeAllThreads done
Event: 14.925 Executing VM operation: HandshakeAllThreads
Event: 14.925 Executing VM operation: HandshakeAllThreads done
Event: 14.934 Executing VM operation: G1PauseRemark
Event: 14.938 Executing VM operation: G1PauseRemark done
Event: 14.955 Executing VM operation: G1PauseCleanup
Event: 14.955 Executing VM operation: G1PauseCleanup done

Memory protections (0 events):
No events

Nmethod flushes (20 events):
Event: 12.730 Thread 0x00000244fbc47ba0 flushing  nmethod 0x00000244e6142b90
Event: 12.730 Thread 0x00000244fbc47ba0 flushing  nmethod 0x00000244e6186a90
Event: 12.730 Thread 0x00000244fbc47ba0 flushing  nmethod 0x00000244e618ab10
Event: 12.731 Thread 0x00000244fbc47ba0 flushing  nmethod 0x00000244e61a3390
Event: 12.731 Thread 0x00000244fbc47ba0 flushing  nmethod 0x00000244e6200890
Event: 12.731 Thread 0x00000244fbc47ba0 flushing  nmethod 0x00000244e6211d90
Event: 12.731 Thread 0x00000244fbc47ba0 flushing  nmethod 0x00000244e6218190
Event: 12.731 Thread 0x00000244fbc47ba0 flushing  nmethod 0x00000244e624ba90
Event: 12.731 Thread 0x00000244fbc47ba0 flushing  nmethod 0x00000244e624d010
Event: 12.731 Thread 0x00000244fbc47ba0 flushing  nmethod 0x00000244e625bb10
Event: 12.731 Thread 0x00000244fbc47ba0 flushing  nmethod 0x00000244e627e390
Event: 12.731 Thread 0x00000244fbc47ba0 flushing  nmethod 0x00000244e62bfe10
Event: 12.731 Thread 0x00000244fbc47ba0 flushing  nmethod 0x00000244e62c0890
Event: 12.731 Thread 0x00000244fbc47ba0 flushing  nmethod 0x00000244e6318790
Event: 12.732 Thread 0x00000244fbc47ba0 flushing  nmethod 0x00000244e632f690
Event: 12.732 Thread 0x00000244fbc47ba0 flushing  nmethod 0x00000244e632fe90
Event: 12.732 Thread 0x00000244fbc47ba0 flushing  nmethod 0x00000244e6330e90
Event: 12.732 Thread 0x00000244fbc47ba0 flushing  nmethod 0x00000244e633e510
Event: 12.732 Thread 0x00000244fbc47ba0 flushing  nmethod 0x00000244e6342c90
Event: 12.732 Thread 0x00000244fbc47ba0 flushing  nmethod 0x00000244e6382610

Events (20 events):
Event: 15.001 Thread 0x00000244fcb79cb0 Thread added: 0x00000244fcb7edb0
Event: 15.001 Thread 0x00000244fcb79cb0 Thread added: 0x00000244fcb801f0
Event: 15.048 Thread 0x00000244fcb79cb0 Thread added: 0x00000244fcb80c10
Event: 15.048 Thread 0x00000244fcb79cb0 Thread added: 0x00000244fcb7d460
Event: 15.048 Thread 0x00000244fcb79cb0 Thread added: 0x00000244a03403b0
Event: 15.048 Thread 0x00000244fcb79cb0 Thread added: 0x00000244a0343140
Event: 15.048 Thread 0x00000244fcb79cb0 Thread added: 0x00000244a033fea0
Event: 15.048 Thread 0x00000244fcb79cb0 Thread added: 0x00000244a0342210
Event: 15.048 Thread 0x00000244fcb79cb0 Thread added: 0x00000244a03408c0
Event: 15.048 Thread 0x00000244fcb79cb0 Thread added: 0x00000244a0341d00
Event: 15.065 Thread 0x00000244fcb79cb0 Thread added: 0x00000244a0340dd0
Event: 15.066 Thread 0x00000244fcb79cb0 Thread added: 0x00000244a033f990
Event: 15.070 Thread 0x00000244fcb79cb0 Thread added: 0x00000244a03412e0
Event: 15.071 Thread 0x00000244fcb79cb0 Thread added: 0x00000244a0342720
Event: 15.072 Thread 0x00000244fcb79cb0 Thread added: 0x00000244a0344580
Event: 15.073 Thread 0x00000244fcb79cb0 Thread added: 0x00000244a0344fa0
Event: 15.073 Thread 0x00000244fcb79cb0 Thread added: 0x00000244a0344a90
Event: 15.074 Thread 0x00000244fcb79cb0 Thread added: 0x00000244a03417f0
Event: 15.075 Thread 0x00000244fcb79cb0 Thread added: 0x00000244a03454b0
Event: 15.076 Thread 0x00000244fcb79cb0 Thread added: 0x00000244a03459c0


Dynamic libraries:
0x00007ff7e22b0000 - 0x00007ff7e22be000 	C:\Program Files\Microsoft\jdk-17.0.13.11-hotspot\bin\java.exe
0x00007ff9a5880000 - 0x00007ff9a5ae3000 	C:\Windows\SYSTEM32\ntdll.dll
0x00007ff9a37b0000 - 0x00007ff9a3877000 	C:\Windows\System32\KERNEL32.DLL
0x00007ff9a3170000 - 0x00007ff9a3537000 	C:\Windows\System32\KERNELBASE.dll
0x00007ff9a2ce0000 - 0x00007ff9a2e2c000 	C:\Windows\System32\ucrtbase.dll
0x00007ff98c560000 - 0x00007ff98c57d000 	C:\Program Files\Microsoft\jdk-17.0.13.11-hotspot\bin\VCRUNTIME140.dll
0x00007ff98cdb0000 - 0x00007ff98cdc7000 	C:\Program Files\Microsoft\jdk-17.0.13.11-hotspot\bin\jli.dll
0x00007ff9a40f0000 - 0x00007ff9a42b9000 	C:\Windows\System32\USER32.dll
0x00007ff982a70000 - 0x00007ff982d00000 	C:\Windows\WinSxS\amd64_microsoft.windows.common-controls_6595b64144ccf1df_6.0.26100.3037_none_3e09262ce333c378\COMCTL32.dll
0x00007ff9a2c20000 - 0x00007ff9a2c47000 	C:\Windows\System32\win32u.dll
0x00007ff9a5610000 - 0x00007ff9a56b9000 	C:\Windows\System32\msvcrt.dll
0x00007ff9a3960000 - 0x00007ff9a398a000 	C:\Windows\System32\GDI32.dll
0x00007ff9a2f80000 - 0x00007ff9a30ab000 	C:\Windows\System32\gdi32full.dll
0x00007ff9a2e30000 - 0x00007ff9a2ed3000 	C:\Windows\System32\msvcp_win.dll
0x00007ff9a3880000 - 0x00007ff9a38af000 	C:\Windows\System32\IMM32.DLL
0x00007ff9905f0000 - 0x00007ff9905fc000 	C:\Program Files\Microsoft\jdk-17.0.13.11-hotspot\bin\vcruntime140_1.dll
0x00007ff984d70000 - 0x00007ff984dfd000 	C:\Program Files\Microsoft\jdk-17.0.13.11-hotspot\bin\msvcp140.dll
0x00007ff8bf0c0000 - 0x00007ff8bfd31000 	C:\Program Files\Microsoft\jdk-17.0.13.11-hotspot\bin\server\jvm.dll
0x00007ff9a4fa0000 - 0x00007ff9a5054000 	C:\Windows\System32\ADVAPI32.dll
0x00007ff9a4010000 - 0x00007ff9a40b6000 	C:\Windows\System32\sechost.dll
0x00007ff9a54f0000 - 0x00007ff9a5606000 	C:\Windows\System32\RPCRT4.dll
0x00007ff9a3b80000 - 0x00007ff9a3bf4000 	C:\Windows\System32\WS2_32.dll
0x00007ff9a1890000 - 0x00007ff9a18de000 	C:\Windows\SYSTEM32\POWRPROF.dll
0x00007ff9970f0000 - 0x00007ff9970fb000 	C:\Windows\SYSTEM32\VERSION.dll
0x00007ff98def0000 - 0x00007ff98df26000 	C:\Windows\SYSTEM32\WINMM.dll
0x00007ff9a1870000 - 0x00007ff9a1884000 	C:\Windows\SYSTEM32\UMPDC.dll
0x00007ff9a1b40000 - 0x00007ff9a1b5a000 	C:\Windows\SYSTEM32\kernel.appcore.dll
0x00007ff98ba40000 - 0x00007ff98ba4a000 	C:\Program Files\Microsoft\jdk-17.0.13.11-hotspot\bin\jimage.dll
0x00007ff9a0450000 - 0x00007ff9a0691000 	C:\Windows\SYSTEM32\DBGHELP.DLL
0x00007ff9a3c00000 - 0x00007ff9a3f7e000 	C:\Windows\System32\combase.dll
0x00007ff9a4e10000 - 0x00007ff9a4ee6000 	C:\Windows\System32\OLEAUT32.dll
0x00007ff98cd70000 - 0x00007ff98cda9000 	C:\Windows\SYSTEM32\dbgcore.DLL
0x00007ff9a2ee0000 - 0x00007ff9a2f79000 	C:\Windows\System32\bcryptPrimitives.dll
0x00007ff979b60000 - 0x00007ff979b6e000 	C:\Program Files\Microsoft\jdk-17.0.13.11-hotspot\bin\instrument.dll
0x00007ff985220000 - 0x00007ff985245000 	C:\Program Files\Microsoft\jdk-17.0.13.11-hotspot\bin\java.dll
0x00007ff944500000 - 0x00007ff9445d7000 	C:\Program Files\Microsoft\jdk-17.0.13.11-hotspot\bin\jsvml.dll
0x00007ff9a4540000 - 0x00007ff9a4c44000 	C:\Windows\System32\SHELL32.dll
0x00007ff9a0920000 - 0x00007ff9a1157000 	C:\Windows\SYSTEM32\windows.storage.dll
0x00007ff9a36c0000 - 0x00007ff9a37a9000 	C:\Windows\System32\SHCORE.dll
0x00007ff9a4310000 - 0x00007ff9a436d000 	C:\Windows\System32\shlwapi.dll
0x00007ff9a2b30000 - 0x00007ff9a2b5e000 	C:\Windows\SYSTEM32\profapi.dll
0x00007ff97cf70000 - 0x00007ff97cf88000 	C:\Program Files\Microsoft\jdk-17.0.13.11-hotspot\bin\zip.dll
0x00007ff984d50000 - 0x00007ff984d6a000 	C:\Program Files\Microsoft\jdk-17.0.13.11-hotspot\bin\net.dll
0x00007ff997ff0000 - 0x00007ff99810e000 	C:\Windows\SYSTEM32\WINHTTP.dll
0x00007ff9a2070000 - 0x00007ff9a20da000 	C:\Windows\system32\mswsock.dll
0x00007ff984d30000 - 0x00007ff984d46000 	C:\Program Files\Microsoft\jdk-17.0.13.11-hotspot\bin\nio.dll
0x00007ff985210000 - 0x00007ff985220000 	C:\Program Files\Microsoft\jdk-17.0.13.11-hotspot\bin\verify.dll
0x00007ff97a1a0000 - 0x00007ff97a1c7000 	C:\Users\acern\.gradle\native\1def1411415f61bf3af743bc5b6707747c0891f09f0c88961ee8f79bc544acac\windows-amd64\native-platform.dll
0x0000000072c60000 - 0x0000000072cd3000 	C:\Users\acern\.gradle\native\0.2.5\x86_64-windows-gnu\gradle-fileevents.dll
0x00007ff97ad80000 - 0x00007ff97ad8a000 	C:\Program Files\Microsoft\jdk-17.0.13.11-hotspot\bin\management.dll
0x00007ff97ad70000 - 0x00007ff97ad7b000 	C:\Program Files\Microsoft\jdk-17.0.13.11-hotspot\bin\management_ext.dll
0x00007ff9a40e0000 - 0x00007ff9a40e8000 	C:\Windows\System32\PSAPI.DLL
0x00007ff9a2320000 - 0x00007ff9a233c000 	C:\Windows\SYSTEM32\CRYPTSP.dll
0x00007ff9a1aa0000 - 0x00007ff9a1ad8000 	C:\Windows\system32\rsaenh.dll
0x00007ff9a2110000 - 0x00007ff9a213b000 	C:\Windows\SYSTEM32\USERENV.dll
0x00007ff9a2550000 - 0x00007ff9a2576000 	C:\Windows\SYSTEM32\bcrypt.dll
0x00007ff9a2310000 - 0x00007ff9a231c000 	C:\Windows\SYSTEM32\CRYPTBASE.dll
0x00007ff9a14d0000 - 0x00007ff9a1502000 	C:\Windows\SYSTEM32\IPHLPAPI.DLL
0x00007ff9a40c0000 - 0x00007ff9a40ca000 	C:\Windows\System32\NSI.dll
0x00007ff997fc0000 - 0x00007ff997fdf000 	C:\Windows\SYSTEM32\dhcpcsvc6.DLL
0x00007ff997f90000 - 0x00007ff997fb5000 	C:\Windows\SYSTEM32\dhcpcsvc.DLL
0x00007ff9a1560000 - 0x00007ff9a1685000 	C:\Windows\SYSTEM32\DNSAPI.dll
0x00007ff97cf50000 - 0x00007ff97cf59000 	C:\Program Files\Microsoft\jdk-17.0.13.11-hotspot\bin\extnet.dll
0x00007ff97cf60000 - 0x00007ff97cf6e000 	C:\Program Files\Microsoft\jdk-17.0.13.11-hotspot\bin\sunmscapi.dll
0x00007ff9a3540000 - 0x00007ff9a36b6000 	C:\Windows\System32\CRYPT32.dll
0x00007ff9a2510000 - 0x00007ff9a2540000 	C:\Windows\SYSTEM32\ncrypt.dll
0x00007ff9a24c0000 - 0x00007ff9a24ff000 	C:\Windows\SYSTEM32\NTASN1.dll
0x00007ff98f900000 - 0x00007ff98f908000 	C:\Windows\system32\wshunix.dll
0x0000000072b60000 - 0x0000000072bd3000 	C:\Users\acern\AppData\Local\Temp\native-platform13991059669761073194dir\gradle-fileevents.dll
0x00007ff91bd90000 - 0x00007ff91bda8000 	C:\Windows\system32\napinsp.dll
0x00007ff9023b0000 - 0x00007ff9023c2000 	C:\Windows\System32\winrnr.dll
0x00007ff998560000 - 0x00007ff998576000 	C:\Windows\system32\wshbth.dll
0x00007ff9908e0000 - 0x00007ff990902000 	C:\Windows\system32\nlansp_c.dll
0x00007ff998170000 - 0x00007ff99817b000 	C:\Windows\System32\rasadhlp.dll
0x00007ff9954f0000 - 0x00007ff995575000 	C:\Windows\System32\fwpuclnt.dll

dbghelp: loaded successfully - version: 4.0.5 - missing functions: none
symbol engine: initialized successfully - sym options: 0x614 - pdb path: .;C:\Program Files\Microsoft\jdk-17.0.13.11-hotspot\bin;C:\Windows\SYSTEM32;C:\Windows\WinSxS\amd64_microsoft.windows.common-controls_6595b64144ccf1df_6.0.26100.3037_none_3e09262ce333c378;C:\Program Files\Microsoft\jdk-17.0.13.11-hotspot\bin\server;C:\Users\acern\.gradle\native\1def1411415f61bf3af743bc5b6707747c0891f09f0c88961ee8f79bc544acac\windows-amd64;C:\Users\acern\.gradle\native\0.2.5\x86_64-windows-gnu;C:\Users\acern\AppData\Local\Temp\native-platform13991059669761073194dir

VM Arguments:
jvm_args: --add-opens=java.base/java.lang=ALL-UNNAMED --add-opens=java.base/java.lang.invoke=ALL-UNNAMED --add-opens=java.base/java.util=ALL-UNNAMED --add-opens=java.prefs/java.util.prefs=ALL-UNNAMED --add-exports=jdk.compiler/com.sun.tools.javac.api=ALL-UNNAMED --add-exports=jdk.compiler/com.sun.tools.javac.util=ALL-UNNAMED --add-opens=java.base/java.util=ALL-UNNAMED --add-opens=java.prefs/java.util.prefs=ALL-UNNAMED --add-opens=java.base/java.nio.charset=ALL-UNNAMED --add-opens=java.base/java.net=ALL-UNNAMED --add-opens=java.base/java.util.concurrent.atomic=ALL-UNNAMED --add-opens=java.xml/javax.xml.namespace=ALL-UNNAMED -XX:MaxMetaspaceSize=512m -Xmx2048m -Dfile.encoding=UTF-8 -Duser.country=ID -Duser.language=en -Duser.variant -javaagent:C:\Users\acern\.gradle\wrapper\dists\gradle-8.12-all\ejduaidbjup3bmmkhw3rie4zb\gradle-8.12\lib\agents\gradle-instrumentation-agent-8.12.jar 
java_command: org.gradle.launcher.daemon.bootstrap.GradleDaemon 8.12
java_class_path (initial): C:\Users\acern\.gradle\wrapper\dists\gradle-8.12-all\ejduaidbjup3bmmkhw3rie4zb\gradle-8.12\lib\gradle-daemon-main-8.12.jar
Launcher Type: SUN_STANDARD

[Global flags]
     intx CICompilerCount                          = 12                                        {product} {ergonomic}
   size_t CompressedClassSpaceSize                 = 436207616                                 {product} {ergonomic}
     uint ConcGCThreads                            = 3                                         {product} {ergonomic}
     uint G1ConcRefinementThreads                  = 13                                        {product} {ergonomic}
   size_t G1HeapRegionSize                         = 1048576                                   {product} {ergonomic}
    uintx GCDrainStackTargetSize                   = 64                                        {product} {ergonomic}
   size_t InitialHeapSize                          = 266338304                                 {product} {ergonomic}
   size_t MarkStackSize                            = 4194304                                   {product} {ergonomic}
   size_t MaxHeapSize                              = 2147483648                                {product} {command line}
   size_t MaxMetaspaceSize                         = 536870912                                 {product} {command line}
   size_t MaxNewSize                               = 1287651328                                {product} {ergonomic}
   size_t MinHeapDeltaBytes                        = 1048576                                   {product} {ergonomic}
   size_t MinHeapSize                              = 8388608                                   {product} {ergonomic}
    uintx NonNMethodCodeHeapSize                   = 7602480                                {pd product} {ergonomic}
    uintx NonProfiledCodeHeapSize                  = 122027880                              {pd product} {ergonomic}
    uintx ProfiledCodeHeapSize                     = 122027880                              {pd product} {ergonomic}
    uintx ReservedCodeCacheSize                    = 251658240                              {pd product} {ergonomic}
     bool SegmentedCodeCache                       = true                                      {product} {ergonomic}
   size_t SoftMaxHeapSize                          = 2147483648                             {manageable} {ergonomic}
     bool UseCompressedClassPointers               = true                           {product lp64_product} {ergonomic}
     bool UseCompressedOops                        = true                           {product lp64_product} {ergonomic}
     bool UseG1GC                                  = true                                      {product} {ergonomic}
     bool UseLargePagesIndividualAllocation        = false                                  {pd product} {ergonomic}

Logging:
Log output configuration:
 #0: stdout all=warning uptime,level,tags
 #1: stderr all=off uptime,level,tags

Environment Variables:
JAVA_HOME=C:\Program Files\Microsoft\jdk-17.0.13.11-hotspot\
PATH=C:\oraclexe\app\oracle\product\10.2.0\server\bin;C:\Program Files\Microsoft\jdk-17.0.13.11-hotspot\bin;C:\Windows\system32;C:\Windows;C:\Windows\System32\Wbem;C:\Windows\System32\WindowsPowerShell\v1.0\;C:\Windows\System32\OpenSSH\;C:\Program Files (x86)\NVIDIA Corporation\PhysX\Common;C:\Program Files\NVIDIA Corporation\NVIDIA NvDLISR;C:\Windows\system32;C:\Windows;C:\Windows\System32\Wbem;C:\Windows\System32\WindowsPowerShell\v1.0\;C:\Windows\System32\OpenSSH\;C:\ProgramData\chocolatey\bin;C:\Program Files\Git\cmd;C:\Program Files\nodejs\;C:\Users\acern\AppData\Local\Microsoft\WindowsApps;C:\Users\acern\AppData\Local\Programs\Microsoft VS Code\bin;C:\Users\acern\AppData\Local\Microsoft\WinGet\Links;C:\Users\acern\AppData\Local\Android\Sdk\platform-tools;C:\Users\acern\AppData\Roaming\npm
USERNAME=acern
OS=Windows_NT
PROCESSOR_IDENTIFIER=Intel64 Family 6 Model 141 Stepping 1, GenuineIntel
TMP=C:\Users\acern\AppData\Local\Temp
TEMP=C:\Users\acern\AppData\Local\Temp



Periodic native trim disabled


---------------  S Y S T E M  ---------------

OS:
 Windows 11 , 64 bit Build 26100 (10.0.26100.3037)
OS uptime: 0 days 4:41 hours
Hyper-V role detected

CPU: total 16 (initial active 16) (8 cores per cpu, 2 threads per core) family 6 model 141 stepping 1 microcode 0x3c, cx8, cmov, fxsr, ht, mmx, 3dnowpref, sse, sse2, sse3, ssse3, sse4.1, sse4.2, popcnt, lzcnt, tsc, tscinvbit, avx, avx2, aes, erms, clmul, bmi1, bmi2, adx, avx512f, avx512dq, avx512cd, avx512bw, avx512vl, sha, fma, vzeroupper, avx512_vpopcntdq, avx512_vpclmulqdq, avx512_vaes, avx512_vnni, clflush, clflushopt, clwb, avx512_vbmi2, avx512_vbmi, hv
Processor Information for the first 16 processors :
  Max Mhz: 2496, Current Mhz: 2496, Mhz Limit: 2496

Memory: 4k page, system-wide physical 16147M (809M free)
TotalPageFile size 25245M (AvailPageFile size 0M)
current process WorkingSet (physical memory assigned to process): 390M, peak: 390M
current process commit charge ("private bytes"): 440M, peak: 479M

vm_info: OpenJDK 64-Bit Server VM (17.0.13+11-LTS) for windows-amd64 JRE (17.0.13+11-LTS), built on Oct 11 2024 23:25:05 by "MicrosoftCorporation" with unknown MS VC++:1939

END.
