#
# There is insufficient memory for the Java Runtime Environment to continue.
# Native memory allocation (malloc) failed to allocate 32744 bytes. Error detail: Chunk::new
# Possible reasons:
#   The system is out of physical RAM or swap space
#   This process is running with CompressedOops enabled, and the Java Heap may be blocking the growth of the native heap
# Possible solutions:
#   Reduce memory load on the system
#   Increase physical memory or swap space
#   Check if swap backing store is full
#   Decrease Java heap size (-Xmx/-Xms)
#   Decrease number of Java threads
#   Decrease Java thread stack sizes (-Xss)
#   Set larger code cache with -XX:ReservedCodeCacheSize=
#   JVM is running with Unscaled Compressed Oops mode in which the Java heap is
#     placed in the first 4GB address space. The Java Heap base address is the
#     maximum limit for the native heap growth. Please use -XX:HeapBaseMinAddress
#     to set the Java Heap base and to place the Java Heap above 4GB virtual address.
# This output file may be truncated or incomplete.
#
#  Out of Memory Error (arena.cpp:168), pid=24156, tid=22908
#
# JRE version: OpenJDK Runtime Environment Temurin-21.0.5+11 (21.0.5+11) (build 21.0.5+11-LTS)
# Java VM: OpenJDK 64-Bit Server VM Temurin-21.0.5+11 (21.0.5+11-LTS, mixed mode, sharing, tiered, compressed oops, compressed class ptrs, parallel gc, windows-amd64)
# No core dump will be written. Minidumps are not enabled by default on client versions of Windows
#

---------------  S U M M A R Y ------------

Command Line: --add-modules=ALL-SYSTEM --add-opens=java.base/java.util=ALL-UNNAMED --add-opens=java.base/java.lang=ALL-UNNAMED --add-opens=java.base/sun.nio.fs=ALL-UNNAMED -Declipse.application=org.eclipse.jdt.ls.core.id1 -Dosgi.bundles.defaultStartLevel=4 -Declipse.product=org.eclipse.jdt.ls.core.product -Djava.import.generatesMetadataFilesAtProjectRoot=false -DDetectVMInstallationsJob.disabled=true -Dfile.encoding=utf8 -XX:+UseParallelGC -XX:GCTimeRatio=4 -XX:AdaptiveSizePolicyWeight=90 -Dsun.zip.disableMemoryMapping=true -Xmx1G -Xms100m -Xlog:disable -javaagent:c:\Users\acern\.vscode\extensions\redhat.java-1.39.0-win32-x64\lombok\lombok-1.18.34.jar c:\Users\acern\.vscode\extensions\redhat.java-1.39.0-win32-x64\server\plugins\org.eclipse.equinox.launcher_1.6.900.v20240613-2009.jar -configuration c:\Users\acern\AppData\Roaming\Code\User\globalStorage\redhat.java\1.39.0\config_ss_win -data c:\Users\acern\AppData\Roaming\Code\User\workspaceStorage\95dcfcb247da138ebbdec8923269b0d2\redhat.java\ss_ws --pipe=\\.\pipe\lsp-4ca1bed16c6d167a415069156c5f5db5-sock

Host: 11th Gen Intel(R) Core(TM) i9-11900H @ 2.50GHz, 16 cores, 15G,  Windows 11 , 64 bit Build 26100 (10.0.26100.3037)
Time: Thu Feb 20 17:04:39 2025 Malay Peninsula Standard Time elapsed time: 4.921900 seconds (0d 0h 0m 4s)

---------------  T H R E A D  ---------------

Current thread (0x00000283e0f55210):  JavaThread "C1 CompilerThread1" daemon [_thread_in_native, id=22908, stack(0x000000a179200000,0x000000a179300000) (1024K)]


Current CompileTask:
C1:4921 3084   !   3       jdk.xml.internal.SecuritySupport::readConfig (150 bytes)

Stack: [0x000000a179200000,0x000000a179300000]
Native frames: (J=compiled Java code, j=interpreted, Vv=VM code, C=native code)
V  [jvm.dll+0x6cd4e9]
V  [jvm.dll+0x8a7941]
V  [jvm.dll+0x8a9e6e]
V  [jvm.dll+0x8aa543]
V  [jvm.dll+0x27f6d6]
V  [jvm.dll+0xc500d]
V  [jvm.dll+0xc5543]
V  [jvm.dll+0x16a491]
V  [jvm.dll+0x169458]
V  [jvm.dll+0x152cf4]
V  [jvm.dll+0x152fa3]
V  [jvm.dll+0x153274]
V  [jvm.dll+0x1526a6]
V  [jvm.dll+0x15447d]
V  [jvm.dll+0x25682a]
V  [jvm.dll+0x254dca]
V  [jvm.dll+0x3f00d6]
V  [jvm.dll+0x8514fb]
V  [jvm.dll+0x6cbbed]
C  [ucrtbase.dll+0x37b0]
C  [KERNEL32.DLL+0x2e8d7]
C  [ntdll.dll+0xbbf2c]


---------------  P R O C E S S  ---------------

Threads class SMR info:
_java_thread_list=0x00000283e753b700, length=24, elements={
0x000002838a1f91f0, 0x000002839e74c380, 0x000002839e74e850, 0x00000283e0e38ef0,
0x00000283e0e39b40, 0x00000283e0e3c5a0, 0x00000283e0e3cff0, 0x00000283e0e43100,
0x00000283e0e4fed0, 0x00000283e0f4da90, 0x00000283e0f55210, 0x00000283e0f5b060,
0x00000283e2635bf0, 0x00000283e2b1d260, 0x00000283e75b9940, 0x00000283e7859a40,
0x00000283e2d49a80, 0x00000283e77a5600, 0x00000283e72d5a90, 0x00000283e78f1cc0,
0x00000283e78c1a00, 0x00000283e7de4350, 0x00000283e7de7300, 0x00000283e7de79d0
}

Java Threads: ( => current thread )
  0x000002838a1f91f0 JavaThread "main"                              [_thread_blocked, id=23920, stack(0x000000a178500000,0x000000a178600000) (1024K)]
  0x000002839e74c380 JavaThread "Reference Handler"          daemon [_thread_blocked, id=7656, stack(0x000000a178900000,0x000000a178a00000) (1024K)]
  0x000002839e74e850 JavaThread "Finalizer"                  daemon [_thread_blocked, id=23296, stack(0x000000a178a00000,0x000000a178b00000) (1024K)]
  0x00000283e0e38ef0 JavaThread "Signal Dispatcher"          daemon [_thread_blocked, id=9348, stack(0x000000a178b00000,0x000000a178c00000) (1024K)]
  0x00000283e0e39b40 JavaThread "Attach Listener"            daemon [_thread_blocked, id=23684, stack(0x000000a178c00000,0x000000a178d00000) (1024K)]
  0x00000283e0e3c5a0 JavaThread "Service Thread"             daemon [_thread_blocked, id=5528, stack(0x000000a178d00000,0x000000a178e00000) (1024K)]
  0x00000283e0e3cff0 JavaThread "Monitor Deflation Thread"   daemon [_thread_blocked, id=21916, stack(0x000000a178e00000,0x000000a178f00000) (1024K)]
  0x00000283e0e43100 JavaThread "C2 CompilerThread0"         daemon [_thread_in_native, id=4760, stack(0x000000a178f00000,0x000000a179000000) (1024K)]
  0x00000283e0e4fed0 JavaThread "C1 CompilerThread0"         daemon [_thread_blocked, id=11992, stack(0x000000a179000000,0x000000a179100000) (1024K)]
  0x00000283e0f4da90 JavaThread "Common-Cleaner"             daemon [_thread_blocked, id=24096, stack(0x000000a179100000,0x000000a179200000) (1024K)]
=>0x00000283e0f55210 JavaThread "C1 CompilerThread1"         daemon [_thread_in_native, id=22908, stack(0x000000a179200000,0x000000a179300000) (1024K)]
  0x00000283e0f5b060 JavaThread "C1 CompilerThread2"         daemon [_thread_blocked, id=7612, stack(0x000000a179300000,0x000000a179400000) (1024K)]
  0x00000283e2635bf0 JavaThread "Notification Thread"        daemon [_thread_blocked, id=23504, stack(0x000000a179400000,0x000000a179500000) (1024K)]
  0x00000283e2b1d260 JavaThread "Active Thread: Equinox Container: 2e387ca7-0aba-4986-b19c-2ea2f27833e2"        [_thread_blocked, id=18884, stack(0x000000a179e00000,0x000000a179f00000) (1024K)]
  0x00000283e75b9940 JavaThread "Framework Event Dispatcher: Equinox Container: 2e387ca7-0aba-4986-b19c-2ea2f27833e2" daemon [_thread_blocked, id=15532, stack(0x000000a179f00000,0x000000a17a000000) (1024K)]
  0x00000283e7859a40 JavaThread "Start Level: Equinox Container: 2e387ca7-0aba-4986-b19c-2ea2f27833e2" daemon [_thread_in_vm, id=24452, stack(0x000000a17a000000,0x000000a17a100000) (1024K)]
  0x00000283e2d49a80 JavaThread "SCR Component Actor"        daemon [_thread_blocked, id=19480, stack(0x000000a17a100000,0x000000a17a200000) (1024K)]
  0x00000283e77a5600 JavaThread "SCR Component Registry"     daemon [_thread_blocked, id=13060, stack(0x000000a179d00000,0x000000a179e00000) (1024K)]
  0x00000283e72d5a90 JavaThread "Worker-JM"                         [_thread_blocked, id=3316, stack(0x000000a179500000,0x000000a179600000) (1024K)]
  0x00000283e78f1cc0 JavaThread "Worker-0"                          [_thread_blocked, id=2340, stack(0x000000a17a500000,0x000000a17a600000) (1024K)]
  0x00000283e78c1a00 JavaThread "Worker-1"                          [_thread_blocked, id=9932, stack(0x000000a17a600000,0x000000a17a700000) (1024K)]
  0x00000283e7de4350 JavaThread "C2 CompilerThread1"         daemon [_thread_in_native, id=8648, stack(0x000000a17a700000,0x000000a17a800000) (1024K)]
  0x00000283e7de7300 JavaThread "C2 CompilerThread2"         daemon [_thread_in_native, id=20828, stack(0x000000a17a800000,0x000000a17a900000) (1024K)]
  0x00000283e7de79d0 JavaThread "C1 CompilerThread3"         daemon [_thread_blocked, id=24404, stack(0x000000a17ac00000,0x000000a17ad00000) (1024K)]
Total: 24

Other Threads:
  0x000002838a2bebe0 VMThread "VM Thread"                           [id=23116, stack(0x000000a178800000,0x000000a178900000) (1024K)]
  0x000002838a2657e0 WatcherThread "VM Periodic Task Thread"        [id=13764, stack(0x000000a178700000,0x000000a178800000) (1024K)]
  0x000002838a217bf0 WorkerThread "GC Thread#0"                     [id=20032, stack(0x000000a178600000,0x000000a178700000) (1024K)]
  0x00000283e269ccb0 WorkerThread "GC Thread#1"                     [id=23260, stack(0x000000a179700000,0x000000a179800000) (1024K)]
  0x00000283e2a78430 WorkerThread "GC Thread#2"                     [id=19020, stack(0x000000a179800000,0x000000a179900000) (1024K)]
  0x00000283e2a72810 WorkerThread "GC Thread#3"                     [id=23620, stack(0x000000a179900000,0x000000a179a00000) (1024K)]
  0x00000283e2715f70 WorkerThread "GC Thread#4"                     [id=7668, stack(0x000000a179a00000,0x000000a179b00000) (1024K)]
  0x00000283e2716310 WorkerThread "GC Thread#5"                     [id=22196, stack(0x000000a179b00000,0x000000a179c00000) (1024K)]
  0x00000283e2a72bb0 WorkerThread "GC Thread#6"                     [id=24368, stack(0x000000a179c00000,0x000000a179d00000) (1024K)]
  0x00000283e785a0f0 WorkerThread "GC Thread#7"                     [id=1120, stack(0x000000a17a200000,0x000000a17a300000) (1024K)]
  0x00000283e785a830 WorkerThread "GC Thread#8"                     [id=23740, stack(0x000000a179600000,0x000000a179700000) (1024K)]
  0x00000283e785ba50 WorkerThread "GC Thread#9"                     [id=23104, stack(0x000000a17a300000,0x000000a17a400000) (1024K)]
  0x00000283e785abd0 WorkerThread "GC Thread#10"                    [id=20744, stack(0x000000a17a400000,0x000000a17a500000) (1024K)]
  0x00000283e785b310 WorkerThread "GC Thread#11"                    [id=23996, stack(0x000000a17a900000,0x000000a17aa00000) (1024K)]
  0x00000283e785b6b0 WorkerThread "GC Thread#12"                    [id=2364, stack(0x000000a17aa00000,0x000000a17ab00000) (1024K)]
Total: 15

Threads with active compile tasks:
C2 CompilerThread0  4940 2709       4       org.lombokweb.asm.ClassReader::readMethod (1066 bytes)
C1 CompilerThread1  4940 3084   !   3       jdk.xml.internal.SecuritySupport::readConfig (150 bytes)
C2 CompilerThread1  4940 3053       4       java.util.Properties::loadConvert (540 bytes)
C2 CompilerThread2  4940 3056       4       java.lang.invoke.MethodType::makeImpl (109 bytes)
Total: 4

VM state: not at safepoint (normal execution)

VM Mutex/Monitor currently owned by a thread:  ([mutex/lock_event])
[0x00007ff8bc66b300] Metaspace_lock - owner thread: 0x00000283e7859a40

Heap address: 0x00000000c0000000, size: 1024 MB, Compressed Oops mode: 32-bit

CDS archive(s) mapped at: [0x000002839f000000-0x000002839fba0000-0x000002839fba0000), size 12189696, SharedBaseAddress: 0x000002839f000000, ArchiveRelocationMode: 1.
Compressed class space mapped at: 0x00000283a0000000-0x00000283e0000000, reserved size: 1073741824
Narrow klass base: 0x000002839f000000, Narrow klass shift: 0, Narrow klass range: 0x100000000

GC Precious Log:
 CardTable entry size: 512
 CPUs: 16 total, 16 available
 Memory: 16147M
 Large Page Support: Disabled
 NUMA Support: Disabled
 Compressed Oops: Enabled (32-bit)
 Alignments: Space 512K, Generation 512K, Heap 2M
 Heap Min Capacity: 100M
 Heap Initial Capacity: 100M
 Heap Max Capacity: 1G
 Pre-touch: Disabled
 Parallel Workers: 13

Heap:
 PSYoungGen      total 30720K, used 8482K [0x00000000eab00000, 0x00000000ed000000, 0x0000000100000000)
  eden space 25088K, 33% used [0x00000000eab00000,0x00000000eb348920,0x00000000ec380000)
  from space 5632K, 0% used [0x00000000eca80000,0x00000000eca80000,0x00000000ed000000)
  to   space 6144K, 0% used [0x00000000ec400000,0x00000000ec400000,0x00000000eca00000)
 ParOldGen       total 68608K, used 10708K [0x00000000c0000000, 0x00000000c4300000, 0x00000000eab00000)
  object space 68608K, 15% used [0x00000000c0000000,0x00000000c0a75370,0x00000000c4300000)
 Metaspace       used 22507K, committed 23104K, reserved 1114112K
  class space    used 2067K, committed 2304K, reserved 1048576K

Card table byte_map: [0x0000028389ba0000,0x0000028389db0000] _byte_map_base: 0x00000283895a0000

Marking Bits: (ParMarkBitMap*) 0x00007ff8bc672250
 Begin Bits: [0x000002839c550000, 0x000002839d550000)
 End Bits:   [0x000002839d550000, 0x000002839e550000)

Polling page: 0x0000028388100000

Metaspace:

Usage:
  Non-class:     19.96 MB used.
      Class:      2.02 MB used.
       Both:     21.98 MB used.

Virtual space:
  Non-class space:       64.00 MB reserved,      20.31 MB ( 32%) committed,  1 nodes.
      Class space:        1.00 GB reserved,       2.25 MB ( <1%) committed,  1 nodes.
             Both:        1.06 GB reserved,      22.56 MB (  2%) committed. 

Chunk freelists:
   Non-Class:  10.77 MB
       Class:  13.56 MB
        Both:  24.33 MB

MaxMetaspaceSize: unlimited
CompressedClassSpaceSize: 1.00 GB
Initial GC threshold: 21.00 MB
Current GC threshold: 35.00 MB
CDS: on
 - commit_granule_bytes: 65536.
 - commit_granule_words: 8192.
 - virtual_space_node_default_size: 8388608.
 - enlarge_chunks_in_place: 1.
 - use_allocation_guard: 0.


Internal statistics:

num_allocs_failed_limit: 3.
num_arena_births: 494.
num_arena_deaths: 14.
num_vsnodes_births: 2.
num_vsnodes_deaths: 0.
num_space_committed: 361.
num_space_uncommitted: 0.
num_chunks_returned_to_freelist: 17.
num_chunks_taken_from_freelist: 1315.
num_chunk_merges: 6.
num_chunk_splits: 869.
num_chunks_enlarged: 554.
num_inconsistent_stats: 0.

CodeHeap 'non-profiled nmethods': size=119168Kb used=1344Kb max_used=1344Kb free=117824Kb
 bounds [0x00000283950f0000, 0x0000028395360000, 0x000002839c550000]
CodeHeap 'profiled nmethods': size=119104Kb used=6170Kb max_used=6170Kb free=112933Kb
 bounds [0x000002838d550000, 0x000002838db60000, 0x00000283949a0000]
CodeHeap 'non-nmethods': size=7488Kb used=3006Kb max_used=3032Kb free=4481Kb
 bounds [0x00000283949a0000, 0x0000028394ca0000, 0x00000283950f0000]
 total_blobs=3690 nmethods=3092 adapters=501
 compilation: enabled
              stopped_count=0, restarted_count=0
 full_count=0

Compilation events (20 events):
Event: 4.905 Thread 0x00000283e0f5b060 nmethod 3076 0x000002838db4e710 code [0x000002838db4e960, 0x000002838db4f260]
Event: 4.905 Thread 0x00000283e0f55210 3080       3       com.sun.org.apache.xerces.internal.xni.XMLString::<init> (5 bytes)
Event: 4.905 Thread 0x00000283e7de79d0 nmethod 3078 0x000002838db4f590 code [0x000002838db4f780, 0x000002838db4fb48]
Event: 4.905 Thread 0x00000283e0e4fed0 nmethod 3079 0x000002838db4fd10 code [0x000002838db4fee0, 0x000002838db50238]
Event: 4.905 Thread 0x00000283e0f55210 nmethod 3080 0x000002838db50390 code [0x000002838db50540, 0x000002838db506a8]
Event: 4.905 Thread 0x00000283e0e4fed0 3081       3       com.sun.org.apache.xerces.internal.util.PropertyState::isExceptional (8 bytes)
Event: 4.905 Thread 0x00000283e0e4fed0 nmethod 3081 0x000002838db50790 code [0x000002838db50920, 0x000002838db50a58]
Event: 4.905 Thread 0x00000283e0e4fed0 3082   !   3       com.sun.org.apache.xerces.internal.utils.XMLSecurityManager::getSystemProperty (68 bytes)
Event: 4.906 Thread 0x00000283e0f5b060 3083       3       jdk.xml.internal.SecuritySupport::readConfig (6 bytes)
Event: 4.906 Thread 0x00000283e0f55210 3084   !   3       jdk.xml.internal.SecuritySupport::readConfig (150 bytes)
Event: 4.906 Thread 0x00000283e0f5b060 nmethod 3083 0x000002838db50b10 code [0x000002838db50cc0, 0x000002838db50de0]
Event: 4.907 Thread 0x00000283e7de79d0 3085       1       org.eclipse.osgi.internal.loader.classpath.ClasspathManager::getFragmentClasspaths (5 bytes)
Event: 4.907 Thread 0x00000283e0e4fed0 nmethod 3082 0x000002838db50e90 code [0x000002838db51180, 0x000002838db52028]
Event: 4.907 Thread 0x00000283e0f5b060 3086       3       java.util.Collection::stream (11 bytes)
Event: 4.907 Thread 0x00000283e7de79d0 nmethod 3085 0x000002839523f710 code [0x000002839523f8a0, 0x000002839523f968]
Event: 4.907 Thread 0x00000283e0f5b060 nmethod 3086 0x000002838db52790 code [0x000002838db52940, 0x000002838db52b40]
Event: 4.908 Thread 0x00000283e0f5b060 3087       3       java.util.Arrays$ArrayList::toArray (15 bytes)
Event: 4.908 Thread 0x00000283e0e4fed0 3088       3       com.sun.org.apache.xerces.internal.util.FeatureState::isExceptional (8 bytes)
Event: 4.908 Thread 0x00000283e7de79d0 3089       3       com.sun.org.apache.xerces.internal.impl.XMLScanner::setFeature (32 bytes)
Event: 4.908 Thread 0x00000283e0f5b060 nmethod 3087 0x000002838db52c10 code [0x000002838db52dc0, 0x000002838db52f10]

GC Heap History (14 events):
Event: 1.238 GC heap before
{Heap before GC invocations=1 (full 0):
 PSYoungGen      total 29696K, used 25600K [0x00000000eab00000, 0x00000000ecc00000, 0x0000000100000000)
  eden space 25600K, 100% used [0x00000000eab00000,0x00000000ec400000,0x00000000ec400000)
  from space 4096K, 0% used [0x00000000ec800000,0x00000000ec800000,0x00000000ecc00000)
  to   space 4096K, 0% used [0x00000000ec400000,0x00000000ec400000,0x00000000ec800000)
 ParOldGen       total 68608K, used 0K [0x00000000c0000000, 0x00000000c4300000, 0x00000000eab00000)
  object space 68608K, 0% used [0x00000000c0000000,0x00000000c0000000,0x00000000c4300000)
 Metaspace       used 4105K, committed 4352K, reserved 1114112K
  class space    used 403K, committed 512K, reserved 1048576K
}
Event: 1.254 GC heap after
{Heap after GC invocations=1 (full 0):
 PSYoungGen      total 29696K, used 3174K [0x00000000eab00000, 0x00000000ecc00000, 0x0000000100000000)
  eden space 25600K, 0% used [0x00000000eab00000,0x00000000eab00000,0x00000000ec400000)
  from space 4096K, 77% used [0x00000000ec400000,0x00000000ec719850,0x00000000ec800000)
  to   space 4096K, 0% used [0x00000000ec800000,0x00000000ec800000,0x00000000ecc00000)
 ParOldGen       total 68608K, used 8K [0x00000000c0000000, 0x00000000c4300000, 0x00000000eab00000)
  object space 68608K, 0% used [0x00000000c0000000,0x00000000c0002000,0x00000000c4300000)
 Metaspace       used 4105K, committed 4352K, reserved 1114112K
  class space    used 403K, committed 512K, reserved 1048576K
}
Event: 2.381 GC heap before
{Heap before GC invocations=2 (full 0):
 PSYoungGen      total 29696K, used 28774K [0x00000000eab00000, 0x00000000ecc00000, 0x0000000100000000)
  eden space 25600K, 100% used [0x00000000eab00000,0x00000000ec400000,0x00000000ec400000)
  from space 4096K, 77% used [0x00000000ec400000,0x00000000ec719850,0x00000000ec800000)
  to   space 4096K, 0% used [0x00000000ec800000,0x00000000ec800000,0x00000000ecc00000)
 ParOldGen       total 68608K, used 8K [0x00000000c0000000, 0x00000000c4300000, 0x00000000eab00000)
  object space 68608K, 0% used [0x00000000c0000000,0x00000000c0002000,0x00000000c4300000)
 Metaspace       used 8023K, committed 8320K, reserved 1114112K
  class space    used 788K, committed 960K, reserved 1048576K
}
Event: 2.388 GC heap after
{Heap after GC invocations=2 (full 0):
 PSYoungGen      total 29696K, used 4086K [0x00000000eab00000, 0x00000000ecc00000, 0x0000000100000000)
  eden space 25600K, 0% used [0x00000000eab00000,0x00000000eab00000,0x00000000ec400000)
  from space 4096K, 99% used [0x00000000ec800000,0x00000000ecbfd840,0x00000000ecc00000)
  to   space 4096K, 0% used [0x00000000ec400000,0x00000000ec400000,0x00000000ec800000)
 ParOldGen       total 68608K, used 870K [0x00000000c0000000, 0x00000000c4300000, 0x00000000eab00000)
  object space 68608K, 1% used [0x00000000c0000000,0x00000000c00d9820,0x00000000c4300000)
 Metaspace       used 8023K, committed 8320K, reserved 1114112K
  class space    used 788K, committed 960K, reserved 1048576K
}
Event: 3.819 GC heap before
{Heap before GC invocations=3 (full 0):
 PSYoungGen      total 29696K, used 29686K [0x00000000eab00000, 0x00000000ecc00000, 0x0000000100000000)
  eden space 25600K, 100% used [0x00000000eab00000,0x00000000ec400000,0x00000000ec400000)
  from space 4096K, 99% used [0x00000000ec800000,0x00000000ecbfd840,0x00000000ecc00000)
  to   space 4096K, 0% used [0x00000000ec400000,0x00000000ec400000,0x00000000ec800000)
 ParOldGen       total 68608K, used 870K [0x00000000c0000000, 0x00000000c4300000, 0x00000000eab00000)
  object space 68608K, 1% used [0x00000000c0000000,0x00000000c00d9820,0x00000000c4300000)
 Metaspace       used 12898K, committed 13440K, reserved 1114112K
  class space    used 1294K, committed 1536K, reserved 1048576K
}
Event: 3.826 GC heap after
{Heap after GC invocations=3 (full 0):
 PSYoungGen      total 29696K, used 4086K [0x00000000eab00000, 0x00000000ecc00000, 0x0000000100000000)
  eden space 25600K, 0% used [0x00000000eab00000,0x00000000eab00000,0x00000000ec400000)
  from space 4096K, 99% used [0x00000000ec400000,0x00000000ec7fd8d8,0x00000000ec800000)
  to   space 4096K, 0% used [0x00000000ec800000,0x00000000ec800000,0x00000000ecc00000)
 ParOldGen       total 68608K, used 2779K [0x00000000c0000000, 0x00000000c4300000, 0x00000000eab00000)
  object space 68608K, 4% used [0x00000000c0000000,0x00000000c02b6ed8,0x00000000c4300000)
 Metaspace       used 12898K, committed 13440K, reserved 1114112K
  class space    used 1294K, committed 1536K, reserved 1048576K
}
Event: 4.225 GC heap before
{Heap before GC invocations=4 (full 0):
 PSYoungGen      total 29696K, used 29686K [0x00000000eab00000, 0x00000000ecc00000, 0x0000000100000000)
  eden space 25600K, 100% used [0x00000000eab00000,0x00000000ec400000,0x00000000ec400000)
  from space 4096K, 99% used [0x00000000ec400000,0x00000000ec7fd8d8,0x00000000ec800000)
  to   space 4096K, 0% used [0x00000000ec800000,0x00000000ec800000,0x00000000ecc00000)
 ParOldGen       total 68608K, used 2779K [0x00000000c0000000, 0x00000000c4300000, 0x00000000eab00000)
  object space 68608K, 4% used [0x00000000c0000000,0x00000000c02b6ed8,0x00000000c4300000)
 Metaspace       used 15683K, committed 16320K, reserved 1114112K
  class space    used 1555K, committed 1856K, reserved 1048576K
}
Event: 4.228 GC heap after
{Heap after GC invocations=4 (full 0):
 PSYoungGen      total 29696K, used 4095K [0x00000000eab00000, 0x00000000ecc00000, 0x0000000100000000)
  eden space 25600K, 0% used [0x00000000eab00000,0x00000000eab00000,0x00000000ec400000)
  from space 4096K, 99% used [0x00000000ec800000,0x00000000ecbfff48,0x00000000ecc00000)
  to   space 4096K, 0% used [0x00000000ec400000,0x00000000ec400000,0x00000000ec800000)
 ParOldGen       total 68608K, used 5038K [0x00000000c0000000, 0x00000000c4300000, 0x00000000eab00000)
  object space 68608K, 7% used [0x00000000c0000000,0x00000000c04eba60,0x00000000c4300000)
 Metaspace       used 15683K, committed 16320K, reserved 1114112K
  class space    used 1555K, committed 1856K, reserved 1048576K
}
Event: 4.451 GC heap before
{Heap before GC invocations=5 (full 0):
 PSYoungGen      total 29696K, used 29695K [0x00000000eab00000, 0x00000000ecc00000, 0x0000000100000000)
  eden space 25600K, 100% used [0x00000000eab00000,0x00000000ec400000,0x00000000ec400000)
  from space 4096K, 99% used [0x00000000ec800000,0x00000000ecbfff48,0x00000000ecc00000)
  to   space 4096K, 0% used [0x00000000ec400000,0x00000000ec400000,0x00000000ec800000)
 ParOldGen       total 68608K, used 5038K [0x00000000c0000000, 0x00000000c4300000, 0x00000000eab00000)
  object space 68608K, 7% used [0x00000000c0000000,0x00000000c04eba60,0x00000000c4300000)
 Metaspace       used 19859K, committed 20416K, reserved 1114112K
  class space    used 1859K, committed 2112K, reserved 1048576K
}
Event: 4.454 GC heap after
{Heap after GC invocations=5 (full 0):
 PSYoungGen      total 29184K, used 4091K [0x00000000eab00000, 0x00000000ed180000, 0x0000000100000000)
  eden space 25088K, 0% used [0x00000000eab00000,0x00000000eab00000,0x00000000ec380000)
  from space 4096K, 99% used [0x00000000ec400000,0x00000000ec7fec78,0x00000000ec800000)
  to   space 7168K, 0% used [0x00000000eca80000,0x00000000eca80000,0x00000000ed180000)
 ParOldGen       total 68608K, used 7718K [0x00000000c0000000, 0x00000000c4300000, 0x00000000eab00000)
  object space 68608K, 11% used [0x00000000c0000000,0x00000000c0789ac0,0x00000000c4300000)
 Metaspace       used 19859K, committed 20416K, reserved 1114112K
  class space    used 1859K, committed 2112K, reserved 1048576K
}
Event: 4.734 GC heap before
{Heap before GC invocations=6 (full 0):
 PSYoungGen      total 29184K, used 25261K [0x00000000eab00000, 0x00000000ed180000, 0x0000000100000000)
  eden space 25088K, 84% used [0x00000000eab00000,0x00000000ebfacb60,0x00000000ec380000)
  from space 4096K, 99% used [0x00000000ec400000,0x00000000ec7fec78,0x00000000ec800000)
  to   space 7168K, 0% used [0x00000000eca80000,0x00000000eca80000,0x00000000ed180000)
 ParOldGen       total 68608K, used 7718K [0x00000000c0000000, 0x00000000c4300000, 0x00000000eab00000)
  object space 68608K, 11% used [0x00000000c0000000,0x00000000c0789ac0,0x00000000c4300000)
 Metaspace       used 20928K, committed 21504K, reserved 1114112K
  class space    used 1930K, committed 2176K, reserved 1048576K
}
Event: 4.743 GC heap after
{Heap after GC invocations=6 (full 0):
 PSYoungGen      total 30720K, used 5342K [0x00000000eab00000, 0x00000000ed000000, 0x0000000100000000)
  eden space 25088K, 0% used [0x00000000eab00000,0x00000000eab00000,0x00000000ec380000)
  from space 5632K, 94% used [0x00000000eca80000,0x00000000ecfb7948,0x00000000ed000000)
  to   space 6144K, 0% used [0x00000000ec400000,0x00000000ec400000,0x00000000eca00000)
 ParOldGen       total 68608K, used 7726K [0x00000000c0000000, 0x00000000c4300000, 0x00000000eab00000)
  object space 68608K, 11% used [0x00000000c0000000,0x00000000c078bac0,0x00000000c4300000)
 Metaspace       used 20928K, committed 21504K, reserved 1114112K
  class space    used 1930K, committed 2176K, reserved 1048576K
}
Event: 4.743 GC heap before
{Heap before GC invocations=7 (full 1):
 PSYoungGen      total 30720K, used 5342K [0x00000000eab00000, 0x00000000ed000000, 0x0000000100000000)
  eden space 25088K, 0% used [0x00000000eab00000,0x00000000eab00000,0x00000000ec380000)
  from space 5632K, 94% used [0x00000000eca80000,0x00000000ecfb7948,0x00000000ed000000)
  to   space 6144K, 0% used [0x00000000ec400000,0x00000000ec400000,0x00000000eca00000)
 ParOldGen       total 68608K, used 7726K [0x00000000c0000000, 0x00000000c4300000, 0x00000000eab00000)
  object space 68608K, 11% used [0x00000000c0000000,0x00000000c078bac0,0x00000000c4300000)
 Metaspace       used 20928K, committed 21504K, reserved 1114112K
  class space    used 1930K, committed 2176K, reserved 1048576K
}
Event: 4.763 GC heap after
{Heap after GC invocations=7 (full 1):
 PSYoungGen      total 30720K, used 0K [0x00000000eab00000, 0x00000000ed000000, 0x0000000100000000)
  eden space 25088K, 0% used [0x00000000eab00000,0x00000000eab00000,0x00000000ec380000)
  from space 5632K, 0% used [0x00000000eca80000,0x00000000eca80000,0x00000000ed000000)
  to   space 6144K, 0% used [0x00000000ec400000,0x00000000ec400000,0x00000000eca00000)
 ParOldGen       total 68608K, used 10708K [0x00000000c0000000, 0x00000000c4300000, 0x00000000eab00000)
  object space 68608K, 15% used [0x00000000c0000000,0x00000000c0a75370,0x00000000c4300000)
 Metaspace       used 20915K, committed 21504K, reserved 1114112K
  class space    used 1926K, committed 2176K, reserved 1048576K
}

Dll operation events (9 events):
Event: 0.017 Loaded shared library c:\Users\acern\.vscode\extensions\redhat.java-1.39.0-win32-x64\jre\21.0.5-win32-x86_64\bin\java.dll
Event: 0.112 Loaded shared library c:\Users\acern\.vscode\extensions\redhat.java-1.39.0-win32-x64\jre\21.0.5-win32-x86_64\bin\zip.dll
Event: 0.142 Loaded shared library C:\Users\acern\.vscode\extensions\redhat.java-1.39.0-win32-x64\jre\21.0.5-win32-x86_64\bin\instrument.dll
Event: 0.159 Loaded shared library C:\Users\acern\.vscode\extensions\redhat.java-1.39.0-win32-x64\jre\21.0.5-win32-x86_64\bin\net.dll
Event: 0.164 Loaded shared library C:\Users\acern\.vscode\extensions\redhat.java-1.39.0-win32-x64\jre\21.0.5-win32-x86_64\bin\nio.dll
Event: 0.172 Loaded shared library C:\Users\acern\.vscode\extensions\redhat.java-1.39.0-win32-x64\jre\21.0.5-win32-x86_64\bin\zip.dll
Event: 0.208 Loaded shared library C:\Users\acern\.vscode\extensions\redhat.java-1.39.0-win32-x64\jre\21.0.5-win32-x86_64\bin\jimage.dll
Event: 0.383 Loaded shared library c:\Users\acern\.vscode\extensions\redhat.java-1.39.0-win32-x64\jre\21.0.5-win32-x86_64\bin\verify.dll
Event: 2.326 Loaded shared library C:\Users\acern\AppData\Roaming\Code\User\globalStorage\redhat.java\1.39.0\config_ss_win\org.eclipse.equinox.launcher\org.eclipse.equinox.launcher.win32.win32.x86_64_1.2.1100.v20240722-2106\eclipse_11904.dll

Deoptimization events (20 events):
Event: 4.726 Thread 0x00000283e7859a40 Uncommon trap: trap_request=0xffffffc6 fr.pc=0x00000283951940dc relative=0x000000000000097c
Event: 4.726 Thread 0x00000283e7859a40 Uncommon trap: reason=bimorphic_or_optimized_type_check action=maybe_recompile pc=0x00000283951940dc method=java.util.HashMap.putVal(ILjava/lang/Object;Ljava/lang/Object;ZZ)Ljava/lang/Object; @ 56 c2
Event: 4.726 Thread 0x00000283e7859a40 DEOPT PACKING pc=0x00000283951940dc sp=0x000000a17a0fd7d0
Event: 4.726 Thread 0x00000283e7859a40 DEOPT UNPACKING pc=0x00000283949f6da2 sp=0x000000a17a0fd6d0 mode 2
Event: 4.726 Thread 0x00000283e7859a40 Uncommon trap: trap_request=0xffffffc6 fr.pc=0x00000283951940dc relative=0x000000000000097c
Event: 4.726 Thread 0x00000283e7859a40 Uncommon trap: reason=bimorphic_or_optimized_type_check action=maybe_recompile pc=0x00000283951940dc method=java.util.HashMap.putVal(ILjava/lang/Object;Ljava/lang/Object;ZZ)Ljava/lang/Object; @ 56 c2
Event: 4.726 Thread 0x00000283e7859a40 DEOPT PACKING pc=0x00000283951940dc sp=0x000000a17a0fd7d0
Event: 4.726 Thread 0x00000283e7859a40 DEOPT UNPACKING pc=0x00000283949f6da2 sp=0x000000a17a0fd6d0 mode 2
Event: 4.726 Thread 0x00000283e7859a40 Uncommon trap: trap_request=0xffffffc6 fr.pc=0x00000283951940dc relative=0x000000000000097c
Event: 4.726 Thread 0x00000283e7859a40 Uncommon trap: reason=bimorphic_or_optimized_type_check action=maybe_recompile pc=0x00000283951940dc method=java.util.HashMap.putVal(ILjava/lang/Object;Ljava/lang/Object;ZZ)Ljava/lang/Object; @ 56 c2
Event: 4.726 Thread 0x00000283e7859a40 DEOPT PACKING pc=0x00000283951940dc sp=0x000000a17a0fd7d0
Event: 4.726 Thread 0x00000283e7859a40 DEOPT UNPACKING pc=0x00000283949f6da2 sp=0x000000a17a0fd6d0 mode 2
Event: 4.726 Thread 0x00000283e7859a40 Uncommon trap: trap_request=0xffffffc6 fr.pc=0x000002839511fd78 relative=0x0000000000000938
Event: 4.726 Thread 0x00000283e7859a40 Uncommon trap: reason=bimorphic_or_optimized_type_check action=maybe_recompile pc=0x000002839511fd78 method=java.util.HashMap.putVal(ILjava/lang/Object;Ljava/lang/Object;ZZ)Ljava/lang/Object; @ 152 c2
Event: 4.726 Thread 0x00000283e7859a40 DEOPT PACKING pc=0x000002839511fd78 sp=0x000000a17a0fd740
Event: 4.726 Thread 0x00000283e7859a40 DEOPT UNPACKING pc=0x00000283949f6da2 sp=0x000000a17a0fd6e0 mode 2
Event: 4.726 Thread 0x00000283e7859a40 Uncommon trap: trap_request=0xffffffc6 fr.pc=0x000002839511fd30 relative=0x00000000000008f0
Event: 4.726 Thread 0x00000283e7859a40 Uncommon trap: reason=bimorphic_or_optimized_type_check action=maybe_recompile pc=0x000002839511fd30 method=java.util.HashMap.putVal(ILjava/lang/Object;Ljava/lang/Object;ZZ)Ljava/lang/Object; @ 56 c2
Event: 4.726 Thread 0x00000283e7859a40 DEOPT PACKING pc=0x000002839511fd30 sp=0x000000a17a0fd740
Event: 4.726 Thread 0x00000283e7859a40 DEOPT UNPACKING pc=0x00000283949f6da2 sp=0x000000a17a0fd6d8 mode 2

Classes loaded (20 events):
Event: 4.894 Loading class org/w3c/dom/Node done
Event: 4.894 Loading class javax/xml/transform/Result
Event: 4.894 Loading class javax/xml/transform/Result done
Event: 4.894 Loading class javax/xml/transform/Source
Event: 4.894 Loading class javax/xml/transform/Source done
Event: 4.895 Loading class javax/xml/transform/stream/StreamResult
Event: 4.895 Loading class javax/xml/transform/stream/StreamResult done
Event: 4.896 Loading class javax/xml/parsers/DocumentBuilderFactory
Event: 4.896 Loading class javax/xml/parsers/DocumentBuilderFactory done
Event: 4.897 Loading class com/sun/org/apache/xerces/internal/jaxp/DocumentBuilderFactoryImpl
Event: 4.898 Loading class com/sun/org/apache/xerces/internal/jaxp/DocumentBuilderFactoryImpl done
Event: 4.898 Loading class com/sun/org/apache/xerces/internal/jaxp/DocumentBuilderImpl
Event: 4.899 Loading class javax/xml/parsers/DocumentBuilder
Event: 4.899 Loading class javax/xml/parsers/DocumentBuilder done
Event: 4.899 Loading class com/sun/org/apache/xerces/internal/jaxp/DocumentBuilderImpl done
Event: 4.899 Loading class com/sun/org/apache/xerces/internal/parsers/DOMParser
Event: 4.899 Loading class com/sun/org/apache/xerces/internal/parsers/AbstractDOMParser
Event: 4.900 Loading class com/sun/org/apache/xerces/internal/parsers/AbstractDOMParser done
Event: 4.900 Loading class com/sun/org/apache/xerces/internal/parsers/DOMParser done
Event: 4.908 Loading class com/sun/org/apache/xerces/internal/dom/DocumentImpl

Classes unloaded (7 events):
Event: 4.747 Thread 0x000002838a2bebe0 Unloading class 0x00000283a0185400 'java/lang/invoke/LambdaForm$MH+0x00000283a0185400'
Event: 4.747 Thread 0x000002838a2bebe0 Unloading class 0x00000283a0185000 'java/lang/invoke/LambdaForm$MH+0x00000283a0185000'
Event: 4.747 Thread 0x000002838a2bebe0 Unloading class 0x00000283a0184c00 'java/lang/invoke/LambdaForm$MH+0x00000283a0184c00'
Event: 4.747 Thread 0x000002838a2bebe0 Unloading class 0x00000283a0184800 'java/lang/invoke/LambdaForm$MH+0x00000283a0184800'
Event: 4.747 Thread 0x000002838a2bebe0 Unloading class 0x00000283a0184400 'java/lang/invoke/LambdaForm$BMH+0x00000283a0184400'
Event: 4.747 Thread 0x000002838a2bebe0 Unloading class 0x00000283a0184000 'java/lang/invoke/LambdaForm$DMH+0x00000283a0184000'
Event: 4.747 Thread 0x000002838a2bebe0 Unloading class 0x00000283a0182c00 'java/lang/invoke/LambdaForm$DMH+0x00000283a0182c00'

Classes redefined (0 events):
No events

Internal exceptions (20 events):
Event: 3.913 Thread 0x00000283e7859a40 Exception <a 'java/io/FileNotFoundException'{0x00000000eac9fbb8}> (0x00000000eac9fbb8) 
thrown [s\src\hotspot\share\prims\jni.cpp, line 520]
Event: 3.913 Thread 0x00000283e7859a40 Exception <a 'java/io/FileNotFoundException'{0x00000000eaca6b68}> (0x00000000eaca6b68) 
thrown [s\src\hotspot\share\prims\jni.cpp, line 520]
Event: 4.014 Thread 0x00000283e7859a40 Exception <a 'java/lang/NoSuchMethodError'{0x00000000eb062f38}: 'java.lang.Object java.lang.invoke.DirectMethodHandle$Holder.newInvokeSpecial(java.lang.Object, java.lang.Object, java.lang.Object, java.lang.Object, java.lang.Object)'> (0x00000000eb062f38) 
thrown [s\src\hotspot\share\interpreter\linkResolver.cpp, line 773]
Event: 4.031 Thread 0x00000283e7859a40 Exception <a 'java/lang/NoSuchMethodError'{0x00000000eb13aa70}: 'java.lang.Object java.lang.invoke.DirectMethodHandle$Holder.invokeSpecial(java.lang.Object, java.lang.Object, java.lang.Object, long, java.lang.Object)'> (0x00000000eb13aa70) 
thrown [s\src\hotspot\share\interpreter\linkResolver.cpp, line 773]
Event: 4.032 Thread 0x00000283e7859a40 Exception <a 'java/lang/NoSuchMethodError'{0x00000000eb142200}: 'java.lang.Object java.lang.invoke.DirectMethodHandle$Holder.newInvokeSpecial(java.lang.Object, java.lang.Object, java.lang.Object, long)'> (0x00000000eb142200) 
thrown [s\src\hotspot\share\interpreter\linkResolver.cpp, line 773]
Event: 4.032 Thread 0x00000283e7859a40 Exception <a 'java/lang/NoSuchMethodError'{0x00000000eb145e80}: 'java.lang.Object java.lang.invoke.Invokers$Holder.linkToTargetMethod(java.lang.Object, java.lang.Object, long, java.lang.Object)'> (0x00000000eb145e80) 
thrown [s\src\hotspot\share\interpreter\linkResolver.cpp, line 773]
Event: 4.075 Thread 0x00000283e7859a40 Exception <a 'java/lang/IncompatibleClassChangeError'{0x00000000eb3ab978}: Found class java.lang.Object, but interface was expected> (0x00000000eb3ab978) 
thrown [s\src\hotspot\share\interpreter\linkResolver.cpp, line 840]
Event: 4.076 Thread 0x00000283e7859a40 Exception <a 'java/lang/NoSuchMethodError'{0x00000000eb3af348}: 'java.lang.Object java.lang.invoke.DirectMethodHandle$Holder.invokeSpecial(java.lang.Object, java.lang.Object, java.lang.Object, int, java.lang.Object, java.lang.Object)'> (0x00000000eb3af348) 
thrown [s\src\hotspot\share\interpreter\linkResolver.cpp, line 773]
Event: 4.076 Thread 0x00000283e7859a40 Exception <a 'java/lang/NoSuchMethodError'{0x00000000eb3b6be0}: 'java.lang.Object java.lang.invoke.DirectMethodHandle$Holder.newInvokeSpecial(java.lang.Object, java.lang.Object, java.lang.Object, int, java.lang.Object)'> (0x00000000eb3b6be0) 
thrown [s\src\hotspot\share\interpreter\linkResolver.cpp, line 773]
Event: 4.077 Thread 0x00000283e7859a40 Exception <a 'java/lang/NoSuchMethodError'{0x00000000eb3ba6d0}: 'java.lang.Object java.lang.invoke.Invokers$Holder.linkToTargetMethod(java.lang.Object, java.lang.Object, int, java.lang.Object, java.lang.Object)'> (0x00000000eb3ba6d0) 
thrown [s\src\hotspot\share\interpreter\linkResolver.cpp, line 773]
Event: 4.078 Thread 0x00000283e78f1cc0 Exception <a 'java/lang/NoSuchMethodError'{0x00000000eb16f478}: 'java.lang.Object java.lang.invoke.DirectMethodHandle$Holder.invokeSpecial(java.lang.Object, java.lang.Object, int, java.lang.Object, java.lang.Object)'> (0x00000000eb16f478) 
thrown [s\src\hotspot\share\interpreter\linkResolver.cpp, line 773]
Event: 4.078 Thread 0x00000283e78f1cc0 Exception <a 'java/lang/NoSuchMethodError'{0x00000000eb1761b0}: 'java.lang.Object java.lang.invoke.DirectMethodHandle$Holder.newInvokeSpecial(java.lang.Object, java.lang.Object, int, java.lang.Object)'> (0x00000000eb1761b0) 
thrown [s\src\hotspot\share\interpreter\linkResolver.cpp, line 773]
Event: 4.099 Thread 0x00000283e7859a40 Exception <a 'java/lang/NoSuchMethodError'{0x00000000eb4e8ed8}: 'void java.lang.invoke.DirectMethodHandle$Holder.invokeSpecial(java.lang.Object, java.lang.Object, java.lang.Object, java.lang.Object, java.lang.Object)'> (0x00000000eb4e8ed8) 
thrown [s\src\hotspot\share\interpreter\linkResolver.cpp, line 773]
Event: 4.139 Thread 0x00000283e7859a40 Exception <a 'java/lang/NoSuchMethodError'{0x00000000eb6ddcc8}: 'double java.lang.invoke.DirectMethodHandle$Holder.invokeStatic(java.lang.Object, java.lang.Object)'> (0x00000000eb6ddcc8) 
thrown [s\src\hotspot\share\interpreter\linkResolver.cpp, line 773]
Event: 4.139 Thread 0x00000283e7859a40 Exception <a 'java/lang/NoSuchMethodError'{0x00000000eb6e1388}: 'double java.lang.invoke.DirectMethodHandle$Holder.invokeStaticInit(java.lang.Object, java.lang.Object)'> (0x00000000eb6e1388) 
thrown [s\src\hotspot\share\interpreter\linkResolver.cpp, line 773]
Event: 4.355 Thread 0x00000283e7859a40 Exception <a 'java/lang/NoSuchMethodError'{0x00000000eb6fea90}: 'int java.lang.invoke.DirectMethodHandle$Holder.invokeStaticInit(java.lang.Object, java.lang.Object, java.lang.Object)'> (0x00000000eb6fea90) 
thrown [s\src\hotspot\share\interpreter\linkResolver.cpp, line 773]
Event: 4.692 Thread 0x00000283e7859a40 Exception <a 'java/lang/NoSuchMethodError'{0x00000000ebcc5d30}: 'java.lang.Object java.lang.invoke.DirectMethodHandle$Holder.newInvokeSpecial(java.lang.Object, int, java.lang.Object, java.lang.Object)'> (0x00000000ebcc5d30) 
thrown [s\src\hotspot\share\interpreter\linkResolver.cpp, line 773]
Event: 4.733 Thread 0x00000283e7859a40 Exception <a 'sun/nio/fs/WindowsException'{0x00000000ebf802c8}> (0x00000000ebf802c8) 
thrown [s\src\hotspot\share\prims\jni.cpp, line 520]
Event: 4.794 Thread 0x00000283e7859a40 Exception <a 'java/lang/NoSuchMethodError'{0x00000000eacc27f8}: 'java.lang.Object java.lang.invoke.DirectMethodHandle$Holder.invokeStaticInit(java.lang.Object, int, int, int, int)'> (0x00000000eacc27f8) 
thrown [s\src\hotspot\share\interpreter\linkResolver.cpp, line 773]
Event: 4.821 Thread 0x00000283e7859a40 Exception <a 'java/lang/NoSuchMethodError'{0x00000000eae08110}: 'java.lang.Object java.lang.invoke.DirectMethodHandle$Holder.invokeStaticInit(java.lang.Object, java.lang.Object, int, int, int, int)'> (0x00000000eae08110) 
thrown [s\src\hotspot\share\interpreter\linkResolver.cpp, line 773]

ZGC Phase Switch (0 events):
No events

VM Operations (20 events):
Event: 4.048 Executing VM operation: HandshakeAllThreads (Deoptimize)
Event: 4.048 Executing VM operation: HandshakeAllThreads (Deoptimize) done
Event: 4.063 Executing VM operation: HandshakeAllThreads (Deoptimize)
Event: 4.063 Executing VM operation: HandshakeAllThreads (Deoptimize) done
Event: 4.224 Executing VM operation: ParallelGCFailedAllocation (Allocation Failure)
Event: 4.228 Executing VM operation: ParallelGCFailedAllocation (Allocation Failure) done
Event: 4.451 Executing VM operation: ParallelGCFailedAllocation (Allocation Failure)
Event: 4.454 Executing VM operation: ParallelGCFailedAllocation (Allocation Failure) done
Event: 4.623 Executing VM operation: HandshakeAllThreads (Deoptimize)
Event: 4.623 Executing VM operation: HandshakeAllThreads (Deoptimize) done
Event: 4.723 Executing VM operation: HandshakeAllThreads (Deoptimize)
Event: 4.723 Executing VM operation: HandshakeAllThreads (Deoptimize) done
Event: 4.725 Executing VM operation: HandshakeAllThreads (Deoptimize)
Event: 4.725 Executing VM operation: HandshakeAllThreads (Deoptimize) done
Event: 4.734 Executing VM operation: CollectForMetadataAllocation (Metadata GC Threshold)
Event: 4.763 Executing VM operation: CollectForMetadataAllocation (Metadata GC Threshold) done
Event: 4.833 Executing VM operation: HandshakeAllThreads (Deoptimize)
Event: 4.833 Executing VM operation: HandshakeAllThreads (Deoptimize) done
Event: 4.833 Executing VM operation: HandshakeAllThreads (Deoptimize)
Event: 4.833 Executing VM operation: HandshakeAllThreads (Deoptimize) done

Memory protections (0 events):
No events

Nmethod flushes (0 events):
No events

Events (20 events):
Event: 2.319 Thread 0x000002838a1f91f0 Thread added: 0x00000283e7859a40
Event: 2.379 Thread 0x00000283e7859a40 Thread added: 0x00000283e2d49a80
Event: 2.508 Thread 0x00000283e2a445c0 Thread exited: 0x00000283e2a445c0
Event: 2.617 Thread 0x00000283e7859a40 Thread added: 0x00000283e77a5600
Event: 2.903 Thread 0x00000283e2a44c90 Thread exited: 0x00000283e2a44c90
Event: 2.903 Thread 0x00000283e2a43ef0 Thread exited: 0x00000283e2a43ef0
Event: 2.921 Thread 0x00000283e0f5b060 Thread added: 0x00000283e2a44c90
Event: 3.225 Thread 0x00000283e2a44c90 Thread exited: 0x00000283e2a44c90
Event: 3.611 Thread 0x00000283e7859a40 Thread added: 0x00000283e72d5a90
Event: 4.035 Thread 0x00000283e7859a40 Thread added: 0x00000283e78f1cc0
Event: 4.079 Thread 0x00000283e7859a40 Thread added: 0x00000283e78c1a00
Event: 4.162 Thread 0x00000283e0f5b060 Thread added: 0x00000283e78c9560
Event: 4.218 Thread 0x00000283e0f55210 Thread added: 0x00000283e78c87c0
Event: 4.332 Thread 0x00000283e78c9560 Thread exited: 0x00000283e78c9560
Event: 4.332 Thread 0x00000283e78c87c0 Thread exited: 0x00000283e78c87c0
Event: 4.446 Thread 0x00000283e0f55210 Thread added: 0x00000283e7de4350
Event: 4.446 Thread 0x00000283e0f55210 Thread added: 0x00000283e7de7300
Event: 4.656 Thread 0x00000283e7859a40 Thread added: 0x00000283e78c2db0
Event: 4.708 Thread 0x00000283e0f5b060 Thread added: 0x00000283e7de79d0
Event: 4.783 Thread 0x00000283e78c2db0 Thread exited: 0x00000283e78c2db0


Dynamic libraries:
0x00007ff7be830000 - 0x00007ff7be83e000 	c:\Users\acern\.vscode\extensions\redhat.java-1.39.0-win32-x64\jre\21.0.5-win32-x86_64\bin\java.exe
0x00007ff9a5880000 - 0x00007ff9a5ae3000 	C:\Windows\SYSTEM32\ntdll.dll
0x00007ff9a37b0000 - 0x00007ff9a3877000 	C:\Windows\System32\KERNEL32.DLL
0x00007ff9a3170000 - 0x00007ff9a3537000 	C:\Windows\System32\KERNELBASE.dll
0x00007ff9a2ce0000 - 0x00007ff9a2e2c000 	C:\Windows\System32\ucrtbase.dll
0x00007ff98c830000 - 0x00007ff98c84e000 	c:\Users\acern\.vscode\extensions\redhat.java-1.39.0-win32-x64\jre\21.0.5-win32-x86_64\bin\VCRUNTIME140.dll
0x00007ff98c850000 - 0x00007ff98c868000 	c:\Users\acern\.vscode\extensions\redhat.java-1.39.0-win32-x64\jre\21.0.5-win32-x86_64\bin\jli.dll
0x00007ff982a70000 - 0x00007ff982d00000 	C:\Windows\WinSxS\amd64_microsoft.windows.common-controls_6595b64144ccf1df_6.0.26100.3037_none_3e09262ce333c378\COMCTL32.dll
0x00007ff9a5610000 - 0x00007ff9a56b9000 	C:\Windows\System32\msvcrt.dll
0x00007ff9a3960000 - 0x00007ff9a398a000 	C:\Windows\System32\GDI32.dll
0x00007ff9a2c20000 - 0x00007ff9a2c47000 	C:\Windows\System32\win32u.dll
0x00007ff9a40f0000 - 0x00007ff9a42b9000 	C:\Windows\System32\USER32.dll
0x00007ff9a2f80000 - 0x00007ff9a30ab000 	C:\Windows\System32\gdi32full.dll
0x00007ff9a2e30000 - 0x00007ff9a2ed3000 	C:\Windows\System32\msvcp_win.dll
0x00007ff9a3880000 - 0x00007ff9a38af000 	C:\Windows\System32\IMM32.DLL
0x00007ff98c740000 - 0x00007ff98c74c000 	c:\Users\acern\.vscode\extensions\redhat.java-1.39.0-win32-x64\jre\21.0.5-win32-x86_64\bin\vcruntime140_1.dll
0x00007ff98c590000 - 0x00007ff98c61d000 	c:\Users\acern\.vscode\extensions\redhat.java-1.39.0-win32-x64\jre\21.0.5-win32-x86_64\bin\msvcp140.dll
0x00007ff8bb9c0000 - 0x00007ff8bc74f000 	c:\Users\acern\.vscode\extensions\redhat.java-1.39.0-win32-x64\jre\21.0.5-win32-x86_64\bin\server\jvm.dll
0x00007ff9a4fa0000 - 0x00007ff9a5054000 	C:\Windows\System32\ADVAPI32.dll
0x00007ff9a4010000 - 0x00007ff9a40b6000 	C:\Windows\System32\sechost.dll
0x00007ff9a54f0000 - 0x00007ff9a5606000 	C:\Windows\System32\RPCRT4.dll
0x00007ff9a3b80000 - 0x00007ff9a3bf4000 	C:\Windows\System32\WS2_32.dll
0x00007ff9a1890000 - 0x00007ff9a18de000 	C:\Windows\SYSTEM32\POWRPROF.dll
0x00007ff98def0000 - 0x00007ff98df26000 	C:\Windows\SYSTEM32\WINMM.dll
0x00007ff9970f0000 - 0x00007ff9970fb000 	C:\Windows\SYSTEM32\VERSION.dll
0x00007ff9a1870000 - 0x00007ff9a1884000 	C:\Windows\SYSTEM32\UMPDC.dll
0x00007ff9a1b40000 - 0x00007ff9a1b5a000 	C:\Windows\SYSTEM32\kernel.appcore.dll
0x00007ff98c580000 - 0x00007ff98c58a000 	c:\Users\acern\.vscode\extensions\redhat.java-1.39.0-win32-x64\jre\21.0.5-win32-x86_64\bin\jimage.dll
0x00007ff9a0450000 - 0x00007ff9a0691000 	C:\Windows\SYSTEM32\DBGHELP.DLL
0x00007ff9a3c00000 - 0x00007ff9a3f7e000 	C:\Windows\System32\combase.dll
0x00007ff9a4e10000 - 0x00007ff9a4ee6000 	C:\Windows\System32\OLEAUT32.dll
0x00007ff98cd70000 - 0x00007ff98cda9000 	C:\Windows\SYSTEM32\dbgcore.DLL
0x00007ff9a2ee0000 - 0x00007ff9a2f79000 	C:\Windows\System32\bcryptPrimitives.dll
0x00007ff97d8e0000 - 0x00007ff97d8ef000 	c:\Users\acern\.vscode\extensions\redhat.java-1.39.0-win32-x64\jre\21.0.5-win32-x86_64\bin\instrument.dll
0x00007ff984f10000 - 0x00007ff984f2f000 	c:\Users\acern\.vscode\extensions\redhat.java-1.39.0-win32-x64\jre\21.0.5-win32-x86_64\bin\java.dll
0x00007ff9a4540000 - 0x00007ff9a4c44000 	C:\Windows\System32\SHELL32.dll
0x00007ff9a0920000 - 0x00007ff9a1157000 	C:\Windows\SYSTEM32\windows.storage.dll
0x00007ff9a36c0000 - 0x00007ff9a37a9000 	C:\Windows\System32\SHCORE.dll
0x00007ff9a4310000 - 0x00007ff9a436d000 	C:\Windows\System32\shlwapi.dll
0x00007ff9a2b30000 - 0x00007ff9a2b5e000 	C:\Windows\SYSTEM32\profapi.dll
0x00007ff984ec0000 - 0x00007ff984ed8000 	c:\Users\acern\.vscode\extensions\redhat.java-1.39.0-win32-x64\jre\21.0.5-win32-x86_64\bin\zip.dll
0x00007ff97d8f0000 - 0x00007ff97d900000 	C:\Users\acern\.vscode\extensions\redhat.java-1.39.0-win32-x64\jre\21.0.5-win32-x86_64\bin\net.dll
0x00007ff997ff0000 - 0x00007ff99810e000 	C:\Windows\SYSTEM32\WINHTTP.dll
0x00007ff9a2070000 - 0x00007ff9a20da000 	C:\Windows\system32\mswsock.dll
0x00007ff97b930000 - 0x00007ff97b946000 	C:\Users\acern\.vscode\extensions\redhat.java-1.39.0-win32-x64\jre\21.0.5-win32-x86_64\bin\nio.dll
0x00007ff97b920000 - 0x00007ff97b930000 	c:\Users\acern\.vscode\extensions\redhat.java-1.39.0-win32-x64\jre\21.0.5-win32-x86_64\bin\verify.dll
0x00007ff97ce70000 - 0x00007ff97ceb5000 	C:\Users\acern\AppData\Roaming\Code\User\globalStorage\redhat.java\1.39.0\config_ss_win\org.eclipse.equinox.launcher\org.eclipse.equinox.launcher.win32.win32.x86_64_1.2.1100.v20240722-2106\eclipse_11904.dll
0x00007ff9a39b0000 - 0x00007ff9a3b45000 	C:\Windows\System32\ole32.dll
0x00007ff9a2320000 - 0x00007ff9a233c000 	C:\Windows\SYSTEM32\CRYPTSP.dll
0x00007ff9a1aa0000 - 0x00007ff9a1ad8000 	C:\Windows\system32\rsaenh.dll
0x00007ff9a2110000 - 0x00007ff9a213b000 	C:\Windows\SYSTEM32\USERENV.dll
0x00007ff9a2550000 - 0x00007ff9a2576000 	C:\Windows\SYSTEM32\bcrypt.dll
0x00007ff9a2310000 - 0x00007ff9a231c000 	C:\Windows\SYSTEM32\CRYPTBASE.dll
0x00007ff9a14d0000 - 0x00007ff9a1502000 	C:\Windows\SYSTEM32\IPHLPAPI.DLL
0x00007ff9a40c0000 - 0x00007ff9a40ca000 	C:\Windows\System32\NSI.dll

dbghelp: loaded successfully - version: 4.0.5 - missing functions: none
symbol engine: initialized successfully - sym options: 0x614 - pdb path: .;c:\Users\acern\.vscode\extensions\redhat.java-1.39.0-win32-x64\jre\21.0.5-win32-x86_64\bin;C:\Windows\SYSTEM32;C:\Windows\WinSxS\amd64_microsoft.windows.common-controls_6595b64144ccf1df_6.0.26100.3037_none_3e09262ce333c378;c:\Users\acern\.vscode\extensions\redhat.java-1.39.0-win32-x64\jre\21.0.5-win32-x86_64\bin\server;C:\Users\acern\AppData\Roaming\Code\User\globalStorage\redhat.java\1.39.0\config_ss_win\org.eclipse.equinox.launcher\org.eclipse.equinox.launcher.win32.win32.x86_64_1.2.1100.v20240722-2106

VM Arguments:
jvm_args: --add-modules=ALL-SYSTEM --add-opens=java.base/java.util=ALL-UNNAMED --add-opens=java.base/java.lang=ALL-UNNAMED --add-opens=java.base/sun.nio.fs=ALL-UNNAMED -Declipse.application=org.eclipse.jdt.ls.core.id1 -Dosgi.bundles.defaultStartLevel=4 -Declipse.product=org.eclipse.jdt.ls.core.product -Djava.import.generatesMetadataFilesAtProjectRoot=false -DDetectVMInstallationsJob.disabled=true -Dfile.encoding=utf8 -XX:+UseParallelGC -XX:GCTimeRatio=4 -XX:AdaptiveSizePolicyWeight=90 -Dsun.zip.disableMemoryMapping=true -Xmx1G -Xms100m -Xlog:disable -javaagent:c:\Users\acern\.vscode\extensions\redhat.java-1.39.0-win32-x64\lombok\lombok-1.18.34.jar 
java_command: c:\Users\acern\.vscode\extensions\redhat.java-1.39.0-win32-x64\server\plugins\org.eclipse.equinox.launcher_1.6.900.v20240613-2009.jar -configuration c:\Users\acern\AppData\Roaming\Code\User\globalStorage\redhat.java\1.39.0\config_ss_win -data c:\Users\acern\AppData\Roaming\Code\User\workspaceStorage\95dcfcb247da138ebbdec8923269b0d2\redhat.java\ss_ws --pipe=\\.\pipe\lsp-4ca1bed16c6d167a415069156c5f5db5-sock
java_class_path (initial): c:\Users\acern\.vscode\extensions\redhat.java-1.39.0-win32-x64\server\plugins\org.eclipse.equinox.launcher_1.6.900.v20240613-2009.jar
Launcher Type: SUN_STANDARD

[Global flags]
    uintx AdaptiveSizePolicyWeight                 = 90                                        {product} {command line}
     intx CICompilerCount                          = 12                                        {product} {ergonomic}
    uintx GCTimeRatio                              = 4                                         {product} {command line}
   size_t InitialHeapSize                          = 104857600                                 {product} {command line}
   size_t MaxHeapSize                              = 1073741824                                {product} {command line}
   size_t MaxNewSize                               = 357564416                                 {product} {ergonomic}
   size_t MinHeapDeltaBytes                        = 524288                                    {product} {ergonomic}
   size_t MinHeapSize                              = 104857600                                 {product} {command line}
   size_t NewSize                                  = 34603008                                  {product} {ergonomic}
    uintx NonNMethodCodeHeapSize                   = 7602480                                {pd product} {ergonomic}
    uintx NonProfiledCodeHeapSize                  = 122027880                              {pd product} {ergonomic}
   size_t OldSize                                  = 70254592                                  {product} {ergonomic}
    uintx ProfiledCodeHeapSize                     = 122027880                              {pd product} {ergonomic}
    uintx ReservedCodeCacheSize                    = 251658240                              {pd product} {ergonomic}
     bool SegmentedCodeCache                       = true                                      {product} {ergonomic}
   size_t SoftMaxHeapSize                          = 1073741824                             {manageable} {ergonomic}
     bool UseCompressedOops                        = true                           {product lp64_product} {ergonomic}
     bool UseLargePagesIndividualAllocation        = false                                  {pd product} {ergonomic}
     bool UseParallelGC                            = true                                      {product} {command line}

Logging:
Log output configuration:
 #0: stdout all=off uptime,level,tags foldmultilines=false
 #1: stderr all=off uptime,level,tags foldmultilines=false

Environment Variables:
JAVA_HOME=C:\Program Files\Microsoft\jdk-17.0.13.11-hotspot\
PATH=C:\oraclexe\app\oracle\product\10.2.0\server\bin;C:\Program Files\Microsoft\jdk-17.0.13.11-hotspot\bin;C:\Windows\system32;C:\Windows;C:\Windows\System32\Wbem;C:\Windows\System32\WindowsPowerShell\v1.0\;C:\Windows\System32\OpenSSH\;C:\Program Files (x86)\NVIDIA Corporation\PhysX\Common;C:\Program Files\NVIDIA Corporation\NVIDIA NvDLISR;C:\Windows\system32;C:\Windows;C:\Windows\System32\Wbem;C:\Windows\System32\WindowsPowerShell\v1.0\;C:\Windows\System32\OpenSSH\;C:\ProgramData\chocolatey\bin;C:\Program Files\Git\cmd;C:\Program Files\nodejs\;C:\Users\acern\AppData\Local\Microsoft\WindowsApps;C:\Users\acern\AppData\Local\Programs\Microsoft VS Code\bin;C:\Users\acern\AppData\Local\Microsoft\WinGet\Links;C:\Users\acern\AppData\Local\Android\Sdk\platform-tools;C:\Users\acern\AppData\Roaming\npm
USERNAME=acern
OS=Windows_NT
PROCESSOR_IDENTIFIER=Intel64 Family 6 Model 141 Stepping 1, GenuineIntel
TMP=C:\Users\acern\AppData\Local\Temp
TEMP=C:\Users\acern\AppData\Local\Temp




Periodic native trim disabled

---------------  S Y S T E M  ---------------

OS:
 Windows 11 , 64 bit Build 26100 (10.0.26100.3037)
OS uptime: 0 days 4:40 hours
Hyper-V role detected

CPU: total 16 (initial active 16) (8 cores per cpu, 2 threads per core) family 6 model 141 stepping 1 microcode 0x3c, cx8, cmov, fxsr, ht, mmx, 3dnowpref, sse, sse2, sse3, ssse3, sse4.1, sse4.2, popcnt, lzcnt, tsc, tscinvbit, avx, avx2, aes, erms, clmul, bmi1, bmi2, adx, avx512f, avx512dq, avx512cd, avx512bw, avx512vl, sha, fma, vzeroupper, avx512_vpopcntdq, avx512_vpclmulqdq, avx512_vaes, avx512_vnni, clflush, clflushopt, clwb, avx512_vbmi2, avx512_vbmi, hv, rdtscp, rdpid, fsrm, gfni, avx512_bitalg, f16c, cet_ibt, cet_ss, avx512_ifma
Processor Information for all 16 processors :
  Max Mhz: 2496, Current Mhz: 2496, Mhz Limit: 2496

Memory: 4k page, system-wide physical 16147M (1188M free)
TotalPageFile size 25225M (AvailPageFile size 3M)
current process WorkingSet (physical memory assigned to process): 167M, peak: 167M
current process commit charge ("private bytes"): 281M, peak: 281M

vm_info: OpenJDK 64-Bit Server VM (21.0.5+11-LTS) for windows-amd64 JRE (21.0.5+11-LTS), built on 2024-10-15T00:00:00Z by "admin" with MS VC++ 17.7 (VS2022)

END.
