#
# There is insufficient memory for the Java Runtime Environment to continue.
# Native memory allocation (malloc) failed to allocate 289296 bytes. Error detail: Chunk::new
# Possible reasons:
#   The system is out of physical RAM or swap space
#   This process is running with CompressedOops enabled, and the Java Heap may be blocking the growth of the native heap
# Possible solutions:
#   Reduce memory load on the system
#   Increase physical memory or swap space
#   Check if swap backing store is full
#   Decrease Java heap size (-Xmx/-Xms)
#   Decrease number of Java threads
#   Decrease Java thread stack sizes (-Xss)
#   Set larger code cache with -XX:ReservedCodeCacheSize=
#   JVM is running with Unscaled Compressed Oops mode in which the Java heap is
#     placed in the first 4GB address space. The Java Heap base address is the
#     maximum limit for the native heap growth. Please use -XX:HeapBaseMinAddress
#     to set the Java Heap base and to place the Java Heap above 4GB virtual address.
# This output file may be truncated or incomplete.
#
#  Out of Memory Error (arena.cpp:191), pid=12968, tid=8612
#
# JRE version: OpenJDK Runtime Environment Microsoft-10376486 (17.0.13+11) (build 17.0.13+11-LTS)
# Java VM: OpenJDK 64-Bit Server VM Microsoft-10376486 (17.0.13+11-LTS, mixed mode, sharing, tiered, compressed oops, compressed class ptrs, g1 gc, windows-amd64)
# No core dump will be written. Minidumps are not enabled by default on client versions of Windows
#

---------------  S U M M A R Y ------------

Command Line: --add-opens=java.base/java.lang=ALL-UNNAMED --add-opens=java.base/java.lang.invoke=ALL-UNNAMED --add-opens=java.base/java.util=ALL-UNNAMED --add-opens=java.prefs/java.util.prefs=ALL-UNNAMED --add-exports=jdk.compiler/com.sun.tools.javac.api=ALL-UNNAMED --add-exports=jdk.compiler/com.sun.tools.javac.util=ALL-UNNAMED --add-opens=java.base/java.util=ALL-UNNAMED --add-opens=java.prefs/java.util.prefs=ALL-UNNAMED --add-opens=java.base/java.nio.charset=ALL-UNNAMED --add-opens=java.base/java.net=ALL-UNNAMED --add-opens=java.base/java.util.concurrent.atomic=ALL-UNNAMED --add-opens=java.xml/javax.xml.namespace=ALL-UNNAMED -XX:MaxMetaspaceSize=512m -Xmx2048m -Dfile.encoding=UTF-8 -Duser.country=ID -Duser.language=en -Duser.variant -javaagent:C:\Users\acern\.gradle\wrapper\dists\gradle-8.12-all\ejduaidbjup3bmmkhw3rie4zb\gradle-8.12\lib\agents\gradle-instrumentation-agent-8.12.jar org.gradle.launcher.daemon.bootstrap.GradleDaemon 8.12

Host: 11th Gen Intel(R) Core(TM) i9-11900H @ 2.50GHz, 16 cores, 15G,  Windows 11 , 64 bit Build 26100 (10.0.26100.3037)
Time: Thu Feb 20 17:05:08 2025 Malay Peninsula Standard Time elapsed time: 3.678128 seconds (0d 0h 0m 3s)

---------------  T H R E A D  ---------------

Current thread (0x0000020c623b0750):  JavaThread "C2 CompilerThread0" daemon [_thread_in_native, id=8612, stack(0x000000d712700000,0x000000d712800000)]


Current CompileTask:
C2:   3678 2715   !   4       java.net.URLClassLoader$1::run (81 bytes)

Stack: [0x000000d712700000,0x000000d712800000]
Native frames: (J=compiled Java code, j=interpreted, Vv=VM code, C=native code)
V  [jvm.dll+0x687fc9]
V  [jvm.dll+0x83eeb8]
V  [jvm.dll+0x840963]
V  [jvm.dll+0x840fd3]
V  [jvm.dll+0x24951f]
V  [jvm.dll+0xad0c4]
V  [jvm.dll+0xad75c]
V  [jvm.dll+0x56f494]
V  [jvm.dll+0x335182]
V  [jvm.dll+0x3345ea]
V  [jvm.dll+0x21a748]
V  [jvm.dll+0x219b7f]
V  [jvm.dll+0x1a5506]
V  [jvm.dll+0x22a1ca]
V  [jvm.dll+0x22830b]
V  [jvm.dll+0x7f4708]
V  [jvm.dll+0x7eea6c]
V  [jvm.dll+0x686ea7]
C  [ucrtbase.dll+0x37b0]
C  [KERNEL32.DLL+0x2e8d7]
C  [ntdll.dll+0xbbf2c]


---------------  P R O C E S S  ---------------

Threads class SMR info:
_java_thread_list=0x0000020c04e9eb30, length=30, elements={
0x0000020c4366e390, 0x0000020c6239d140, 0x0000020c6239ec20, 0x0000020c623ae0e0,
0x0000020c623ae9b0, 0x0000020c623af280, 0x0000020c623afb50, 0x0000020c623b0750,
0x0000020c623b1110, 0x0000020c623c0a60, 0x0000020c62389190, 0x0000020c6277a720,
0x0000020c6277acf0, 0x0000020c6277b2c0, 0x0000020c62848450, 0x0000020c043d1b40,
0x0000020c0416c310, 0x0000020c7f32d140, 0x0000020c04157260, 0x0000020c7f6036e0,
0x0000020c0451bf40, 0x0000020c0451b010, 0x0000020c0451ba30, 0x0000020c0451d380,
0x0000020c0451ce70, 0x0000020c0451a0e0, 0x0000020c0451a5f0, 0x0000020c0451c960,
0x0000020c04f47a50, 0x0000020c04f48f90
}

Java Threads: ( => current thread )
  0x0000020c4366e390 JavaThread "main" [_thread_blocked, id=17860, stack(0x000000d711a00000,0x000000d711b00000)]
  0x0000020c6239d140 JavaThread "Reference Handler" daemon [_thread_blocked, id=17300, stack(0x000000d712100000,0x000000d712200000)]
  0x0000020c6239ec20 JavaThread "Finalizer" daemon [_thread_blocked, id=24268, stack(0x000000d712200000,0x000000d712300000)]
  0x0000020c623ae0e0 JavaThread "Signal Dispatcher" daemon [_thread_blocked, id=18256, stack(0x000000d712300000,0x000000d712400000)]
  0x0000020c623ae9b0 JavaThread "Attach Listener" daemon [_thread_blocked, id=10116, stack(0x000000d712400000,0x000000d712500000)]
  0x0000020c623af280 JavaThread "Service Thread" daemon [_thread_blocked, id=3556, stack(0x000000d712500000,0x000000d712600000)]
  0x0000020c623afb50 JavaThread "Monitor Deflation Thread" daemon [_thread_blocked, id=12472, stack(0x000000d712600000,0x000000d712700000)]
=>0x0000020c623b0750 JavaThread "C2 CompilerThread0" daemon [_thread_in_native, id=8612, stack(0x000000d712700000,0x000000d712800000)]
  0x0000020c623b1110 JavaThread "C1 CompilerThread0" daemon [_thread_blocked, id=12580, stack(0x000000d712800000,0x000000d712900000)]
  0x0000020c623c0a60 JavaThread "Sweeper thread" daemon [_thread_blocked, id=15932, stack(0x000000d712900000,0x000000d712a00000)]
  0x0000020c62389190 JavaThread "Common-Cleaner" daemon [_thread_blocked, id=24128, stack(0x000000d712a00000,0x000000d712b00000)]
  0x0000020c6277a720 JavaThread "C1 CompilerThread1" daemon [_thread_blocked, id=23740, stack(0x000000d712b00000,0x000000d712c00000)]
  0x0000020c6277acf0 JavaThread "C1 CompilerThread2" daemon [_thread_blocked, id=23892, stack(0x000000d712c00000,0x000000d712d00000)]
  0x0000020c6277b2c0 JavaThread "C1 CompilerThread3" daemon [_thread_blocked, id=3868, stack(0x000000d712d00000,0x000000d712e00000)]
  0x0000020c62848450 JavaThread "Notification Thread" daemon [_thread_blocked, id=15348, stack(0x000000d712f00000,0x000000d713000000)]
  0x0000020c043d1b40 JavaThread "Daemon health stats" [_thread_blocked, id=8704, stack(0x000000d713200000,0x000000d713300000)]
  0x0000020c0416c310 JavaThread "Incoming local TCP Connector on port 53825" [_thread_in_native, id=24856, stack(0x000000d713100000,0x000000d713200000)]
  0x0000020c7f32d140 JavaThread "Daemon periodic checks" [_thread_blocked, id=24860, stack(0x000000d713300000,0x000000d713400000)]
  0x0000020c04157260 JavaThread "Daemon" [_thread_blocked, id=24932, stack(0x000000d713900000,0x000000d713a00000)]
  0x0000020c7f6036e0 JavaThread "Handler for socket connection from /127.0.0.1:53825 to /127.0.0.1:53826" [_thread_in_native, id=24936, stack(0x000000d713a00000,0x000000d713b00000)]
  0x0000020c0451bf40 JavaThread "Cancel handler" [_thread_blocked, id=24940, stack(0x000000d713b00000,0x000000d713c00000)]
  0x0000020c0451b010 JavaThread "Daemon worker" [_thread_in_vm, id=24944, stack(0x000000d713c00000,0x000000d713d00000)]
  0x0000020c0451ba30 JavaThread "Asynchronous log dispatcher for DefaultDaemonConnection: socket connection from /127.0.0.1:53825 to /127.0.0.1:53826" [_thread_blocked, id=24948, stack(0x000000d713d00000,0x000000d713e00000)]
  0x0000020c0451d380 JavaThread "Stdin handler" [_thread_blocked, id=24952, stack(0x000000d713e00000,0x000000d713f00000)]
  0x0000020c0451ce70 JavaThread "Daemon client event forwarder" [_thread_blocked, id=24956, stack(0x000000d713f00000,0x000000d714000000)]
  0x0000020c0451a0e0 JavaThread "Cache worker for journal cache (C:\Users\acern\.gradle\caches\journal-1)" [_thread_blocked, id=24988, stack(0x000000d714000000,0x000000d714100000)]
  0x0000020c0451a5f0 JavaThread "File lock request listener" [_thread_in_native, id=24992, stack(0x000000d714100000,0x000000d714200000)]
  0x0000020c0451c960 JavaThread "Cache worker for file hash cache (C:\Users\acern\.gradle\caches\8.12\fileHashes)" [_thread_blocked, id=25056, stack(0x000000d712e00000,0x000000d712f00000)]
  0x0000020c04f47a50 JavaThread "C2 CompilerThread1" daemon [_thread_in_native, id=25064, stack(0x000000d714200000,0x000000d714300000)]
  0x0000020c04f48f90 JavaThread "C2 CompilerThread2" daemon [_thread_in_native, id=25068, stack(0x000000d714300000,0x000000d714400000)]

Other Threads:
  0x0000020c62397ce0 VMThread "VM Thread" [stack: 0x000000d712000000,0x000000d712100000] [id=23624]
  0x0000020c62848930 WatcherThread [stack: 0x000000d713000000,0x000000d713100000] [id=22060]
  0x0000020c4132e850 GCTaskThread "GC Thread#0" [stack: 0x000000d711b00000,0x000000d711c00000] [id=24472]
  0x0000020c62936e40 GCTaskThread "GC Thread#1" [stack: 0x000000d713400000,0x000000d713500000] [id=10128]
  0x0000020c7e8cb1a0 GCTaskThread "GC Thread#2" [stack: 0x000000d713500000,0x000000d713600000] [id=23312]
  0x0000020c6294c120 GCTaskThread "GC Thread#3" [stack: 0x000000d713600000,0x000000d713700000] [id=13400]
  0x0000020c7e8efee0 GCTaskThread "GC Thread#4" [stack: 0x000000d713700000,0x000000d713800000] [id=13960]
  0x0000020c7e8f01a0 GCTaskThread "GC Thread#5" [stack: 0x000000d713800000,0x000000d713900000] [id=11700]
  0x0000020c436db100 ConcurrentGCThread "G1 Main Marker" [stack: 0x000000d711c00000,0x000000d711d00000] [id=10800]
  0x0000020c436dd450 ConcurrentGCThread "G1 Conc#0" [stack: 0x000000d711d00000,0x000000d711e00000] [id=6596]
  0x0000020c622ce8b0 ConcurrentGCThread "G1 Refine#0" [stack: 0x000000d711e00000,0x000000d711f00000] [id=24564]
  0x0000020c622cef90 ConcurrentGCThread "G1 Service" [stack: 0x000000d711f00000,0x000000d712000000] [id=12972]

Threads with active compile tasks:
C2 CompilerThread0     3702 2715   !   4       java.net.URLClassLoader$1::run (81 bytes)
C2 CompilerThread1     3702 2713   !   4       java.net.URLClassLoader::findClass (47 bytes)
C2 CompilerThread2     3702 2714       4       java.net.URLClassLoader$1::run (5 bytes)

VM state: not at safepoint (normal execution)

VM Mutex/Monitor currently owned by a thread: None

Heap address: 0x0000000080000000, size: 2048 MB, Compressed Oops mode: 32-bit

CDS archive(s) mapped at: [0x0000020c63000000-0x0000020c63bb0000-0x0000020c63bb0000), size 12255232, SharedBaseAddress: 0x0000020c63000000, ArchiveRelocationMode: 1.
Compressed class space mapped at: 0x0000020c64000000-0x0000020c7e000000, reserved size: 436207616
Narrow klass base: 0x0000020c63000000, Narrow klass shift: 0, Narrow klass range: 0x100000000

GC Precious Log:
 CPUs: 16 total, 16 available
 Memory: 16147M
 Large Page Support: Disabled
 NUMA Support: Disabled
 Compressed Oops: Enabled (32-bit)
 Heap Region Size: 1M
 Heap Min Capacity: 8M
 Heap Initial Capacity: 254M
 Heap Max Capacity: 2G
 Pre-touch: Disabled
 Parallel Workers: 13
 Concurrent Workers: 3
 Concurrent Refinement Workers: 13
 Periodic GC: Disabled

Heap:
 garbage-first heap   total 260096K, used 101688K [0x0000000080000000, 0x0000000100000000)
  region size 1024K, 89 young (91136K), 5 survivors (5120K)
 Metaspace       used 18980K, committed 19328K, reserved 491520K
  class space    used 2736K, committed 2880K, reserved 425984K

Heap Regions: E=young(eden), S=young(survivor), O=old, HS=humongous(starts), HC=humongous(continues), CS=collection set, F=free, OA=open archive, CA=closed archive, TAMS=top-at-mark-start (previous, next)
|   0|0x0000000080000000, 0x0000000080100000, 0x0000000080100000|100%| O|  |TAMS 0x0000000080000000, 0x0000000080000000| Untracked 
|   1|0x0000000080100000, 0x0000000080200000, 0x0000000080200000|100%|HS|  |TAMS 0x0000000080100000, 0x0000000080100000| Complete 
|   2|0x0000000080200000, 0x0000000080300000, 0x0000000080300000|100%|HC|  |TAMS 0x0000000080200000, 0x0000000080200000| Complete 
|   3|0x0000000080300000, 0x0000000080400000, 0x0000000080400000|100%|HC|  |TAMS 0x0000000080300000, 0x0000000080300000| Complete 
|   4|0x0000000080400000, 0x0000000080500000, 0x0000000080500000|100%| O|  |TAMS 0x0000000080400000, 0x0000000080400000| Untracked 
|   5|0x0000000080500000, 0x0000000080600000, 0x0000000080600000|100%| O|  |TAMS 0x0000000080500000, 0x0000000080500000| Untracked 
|   6|0x0000000080600000, 0x0000000080700000, 0x0000000080700000|100%| O|  |TAMS 0x0000000080600000, 0x0000000080600000| Untracked 
|   7|0x0000000080700000, 0x0000000080800000, 0x0000000080800000|100%|HS|  |TAMS 0x0000000080700000, 0x0000000080700000| Complete 
|   8|0x0000000080800000, 0x0000000080800000, 0x0000000080900000|  0%| F|  |TAMS 0x0000000080800000, 0x0000000080800000| Untracked 
|   9|0x0000000080900000, 0x0000000080a00000, 0x0000000080a00000|100%| O|  |TAMS 0x0000000080900000, 0x0000000080900000| Untracked 
|  10|0x0000000080a00000, 0x0000000080b00000, 0x0000000080b00000|100%| O|  |TAMS 0x0000000080a00000, 0x0000000080a00000| Untracked 
|  11|0x0000000080b00000, 0x0000000080c00000, 0x0000000080c00000|100%| O|  |TAMS 0x0000000080b00000, 0x0000000080b00000| Untracked 
|  12|0x0000000080c00000, 0x0000000080ca3a00, 0x0000000080d00000| 63%| O|  |TAMS 0x0000000080c00000, 0x0000000080c00000| Untracked 
|  13|0x0000000080d00000, 0x0000000080d00000, 0x0000000080e00000|  0%| F|  |TAMS 0x0000000080d00000, 0x0000000080d00000| Untracked 
|  14|0x0000000080e00000, 0x0000000080e00000, 0x0000000080f00000|  0%| F|  |TAMS 0x0000000080e00000, 0x0000000080e00000| Untracked 
|  15|0x0000000080f00000, 0x0000000080f00000, 0x0000000081000000|  0%| F|  |TAMS 0x0000000080f00000, 0x0000000080f00000| Untracked 
|  16|0x0000000081000000, 0x0000000081000000, 0x0000000081100000|  0%| F|  |TAMS 0x0000000081000000, 0x0000000081000000| Untracked 
|  17|0x0000000081100000, 0x0000000081100000, 0x0000000081200000|  0%| F|  |TAMS 0x0000000081100000, 0x0000000081100000| Untracked 
|  18|0x0000000081200000, 0x0000000081200000, 0x0000000081300000|  0%| F|  |TAMS 0x0000000081200000, 0x0000000081200000| Untracked 
|  19|0x0000000081300000, 0x0000000081300000, 0x0000000081400000|  0%| F|  |TAMS 0x0000000081300000, 0x0000000081300000| Untracked 
|  20|0x0000000081400000, 0x0000000081400000, 0x0000000081500000|  0%| F|  |TAMS 0x0000000081400000, 0x0000000081400000| Untracked 
|  21|0x0000000081500000, 0x0000000081500000, 0x0000000081600000|  0%| F|  |TAMS 0x0000000081500000, 0x0000000081500000| Untracked 
|  22|0x0000000081600000, 0x0000000081600000, 0x0000000081700000|  0%| F|  |TAMS 0x0000000081600000, 0x0000000081600000| Untracked 
|  23|0x0000000081700000, 0x0000000081700000, 0x0000000081800000|  0%| F|  |TAMS 0x0000000081700000, 0x0000000081700000| Untracked 
|  24|0x0000000081800000, 0x0000000081800000, 0x0000000081900000|  0%| F|  |TAMS 0x0000000081800000, 0x0000000081800000| Untracked 
|  25|0x0000000081900000, 0x0000000081900000, 0x0000000081a00000|  0%| F|  |TAMS 0x0000000081900000, 0x0000000081900000| Untracked 
|  26|0x0000000081a00000, 0x0000000081a00000, 0x0000000081b00000|  0%| F|  |TAMS 0x0000000081a00000, 0x0000000081a00000| Untracked 
|  27|0x0000000081b00000, 0x0000000081b00000, 0x0000000081c00000|  0%| F|  |TAMS 0x0000000081b00000, 0x0000000081b00000| Untracked 
|  28|0x0000000081c00000, 0x0000000081c00000, 0x0000000081d00000|  0%| F|  |TAMS 0x0000000081c00000, 0x0000000081c00000| Untracked 
|  29|0x0000000081d00000, 0x0000000081d00000, 0x0000000081e00000|  0%| F|  |TAMS 0x0000000081d00000, 0x0000000081d00000| Untracked 
|  30|0x0000000081e00000, 0x0000000081e00000, 0x0000000081f00000|  0%| F|  |TAMS 0x0000000081e00000, 0x0000000081e00000| Untracked 
|  31|0x0000000081f00000, 0x0000000081f00000, 0x0000000082000000|  0%| F|  |TAMS 0x0000000081f00000, 0x0000000081f00000| Untracked 
|  32|0x0000000082000000, 0x0000000082000000, 0x0000000082100000|  0%| F|  |TAMS 0x0000000082000000, 0x0000000082000000| Untracked 
|  33|0x0000000082100000, 0x0000000082100000, 0x0000000082200000|  0%| F|  |TAMS 0x0000000082100000, 0x0000000082100000| Untracked 
|  34|0x0000000082200000, 0x0000000082200000, 0x0000000082300000|  0%| F|  |TAMS 0x0000000082200000, 0x0000000082200000| Untracked 
|  35|0x0000000082300000, 0x0000000082300000, 0x0000000082400000|  0%| F|  |TAMS 0x0000000082300000, 0x0000000082300000| Untracked 
|  36|0x0000000082400000, 0x0000000082400000, 0x0000000082500000|  0%| F|  |TAMS 0x0000000082400000, 0x0000000082400000| Untracked 
|  37|0x0000000082500000, 0x0000000082500000, 0x0000000082600000|  0%| F|  |TAMS 0x0000000082500000, 0x0000000082500000| Untracked 
|  38|0x0000000082600000, 0x0000000082600000, 0x0000000082700000|  0%| F|  |TAMS 0x0000000082600000, 0x0000000082600000| Untracked 
|  39|0x0000000082700000, 0x0000000082700000, 0x0000000082800000|  0%| F|  |TAMS 0x0000000082700000, 0x0000000082700000| Untracked 
|  40|0x0000000082800000, 0x0000000082800000, 0x0000000082900000|  0%| F|  |TAMS 0x0000000082800000, 0x0000000082800000| Untracked 
|  41|0x0000000082900000, 0x0000000082900000, 0x0000000082a00000|  0%| F|  |TAMS 0x0000000082900000, 0x0000000082900000| Untracked 
|  42|0x0000000082a00000, 0x0000000082a00000, 0x0000000082b00000|  0%| F|  |TAMS 0x0000000082a00000, 0x0000000082a00000| Untracked 
|  43|0x0000000082b00000, 0x0000000082b00000, 0x0000000082c00000|  0%| F|  |TAMS 0x0000000082b00000, 0x0000000082b00000| Untracked 
|  44|0x0000000082c00000, 0x0000000082c00000, 0x0000000082d00000|  0%| F|  |TAMS 0x0000000082c00000, 0x0000000082c00000| Untracked 
|  45|0x0000000082d00000, 0x0000000082d00000, 0x0000000082e00000|  0%| F|  |TAMS 0x0000000082d00000, 0x0000000082d00000| Untracked 
|  46|0x0000000082e00000, 0x0000000082e00000, 0x0000000082f00000|  0%| F|  |TAMS 0x0000000082e00000, 0x0000000082e00000| Untracked 
|  47|0x0000000082f00000, 0x0000000082f00000, 0x0000000083000000|  0%| F|  |TAMS 0x0000000082f00000, 0x0000000082f00000| Untracked 
|  48|0x0000000083000000, 0x0000000083000000, 0x0000000083100000|  0%| F|  |TAMS 0x0000000083000000, 0x0000000083000000| Untracked 
|  49|0x0000000083100000, 0x0000000083100000, 0x0000000083200000|  0%| F|  |TAMS 0x0000000083100000, 0x0000000083100000| Untracked 
|  50|0x0000000083200000, 0x0000000083200000, 0x0000000083300000|  0%| F|  |TAMS 0x0000000083200000, 0x0000000083200000| Untracked 
|  51|0x0000000083300000, 0x0000000083300000, 0x0000000083400000|  0%| F|  |TAMS 0x0000000083300000, 0x0000000083300000| Untracked 
|  52|0x0000000083400000, 0x0000000083400000, 0x0000000083500000|  0%| F|  |TAMS 0x0000000083400000, 0x0000000083400000| Untracked 
|  53|0x0000000083500000, 0x0000000083500000, 0x0000000083600000|  0%| F|  |TAMS 0x0000000083500000, 0x0000000083500000| Untracked 
|  54|0x0000000083600000, 0x0000000083600000, 0x0000000083700000|  0%| F|  |TAMS 0x0000000083600000, 0x0000000083600000| Untracked 
|  55|0x0000000083700000, 0x0000000083700000, 0x0000000083800000|  0%| F|  |TAMS 0x0000000083700000, 0x0000000083700000| Untracked 
|  56|0x0000000083800000, 0x0000000083800000, 0x0000000083900000|  0%| F|  |TAMS 0x0000000083800000, 0x0000000083800000| Untracked 
|  57|0x0000000083900000, 0x0000000083900000, 0x0000000083a00000|  0%| F|  |TAMS 0x0000000083900000, 0x0000000083900000| Untracked 
|  58|0x0000000083a00000, 0x0000000083a00000, 0x0000000083b00000|  0%| F|  |TAMS 0x0000000083a00000, 0x0000000083a00000| Untracked 
|  59|0x0000000083b00000, 0x0000000083b00000, 0x0000000083c00000|  0%| F|  |TAMS 0x0000000083b00000, 0x0000000083b00000| Untracked 
|  60|0x0000000083c00000, 0x0000000083c00000, 0x0000000083d00000|  0%| F|  |TAMS 0x0000000083c00000, 0x0000000083c00000| Untracked 
|  61|0x0000000083d00000, 0x0000000083d00000, 0x0000000083e00000|  0%| F|  |TAMS 0x0000000083d00000, 0x0000000083d00000| Untracked 
|  62|0x0000000083e00000, 0x0000000083e00000, 0x0000000083f00000|  0%| F|  |TAMS 0x0000000083e00000, 0x0000000083e00000| Untracked 
|  63|0x0000000083f00000, 0x0000000083f00000, 0x0000000084000000|  0%| F|  |TAMS 0x0000000083f00000, 0x0000000083f00000| Untracked 
|  64|0x0000000084000000, 0x0000000084000000, 0x0000000084100000|  0%| F|  |TAMS 0x0000000084000000, 0x0000000084000000| Untracked 
|  65|0x0000000084100000, 0x0000000084100000, 0x0000000084200000|  0%| F|  |TAMS 0x0000000084100000, 0x0000000084100000| Untracked 
|  66|0x0000000084200000, 0x0000000084200000, 0x0000000084300000|  0%| F|  |TAMS 0x0000000084200000, 0x0000000084200000| Untracked 
|  67|0x0000000084300000, 0x0000000084300000, 0x0000000084400000|  0%| F|  |TAMS 0x0000000084300000, 0x0000000084300000| Untracked 
|  68|0x0000000084400000, 0x0000000084400000, 0x0000000084500000|  0%| F|  |TAMS 0x0000000084400000, 0x0000000084400000| Untracked 
|  69|0x0000000084500000, 0x0000000084500000, 0x0000000084600000|  0%| F|  |TAMS 0x0000000084500000, 0x0000000084500000| Untracked 
|  70|0x0000000084600000, 0x0000000084600000, 0x0000000084700000|  0%| F|  |TAMS 0x0000000084600000, 0x0000000084600000| Untracked 
|  71|0x0000000084700000, 0x0000000084700000, 0x0000000084800000|  0%| F|  |TAMS 0x0000000084700000, 0x0000000084700000| Untracked 
|  72|0x0000000084800000, 0x0000000084800000, 0x0000000084900000|  0%| F|  |TAMS 0x0000000084800000, 0x0000000084800000| Untracked 
|  73|0x0000000084900000, 0x0000000084900000, 0x0000000084a00000|  0%| F|  |TAMS 0x0000000084900000, 0x0000000084900000| Untracked 
|  74|0x0000000084a00000, 0x0000000084a00000, 0x0000000084b00000|  0%| F|  |TAMS 0x0000000084a00000, 0x0000000084a00000| Untracked 
|  75|0x0000000084b00000, 0x0000000084b00000, 0x0000000084c00000|  0%| F|  |TAMS 0x0000000084b00000, 0x0000000084b00000| Untracked 
|  76|0x0000000084c00000, 0x0000000084c00000, 0x0000000084d00000|  0%| F|  |TAMS 0x0000000084c00000, 0x0000000084c00000| Untracked 
|  77|0x0000000084d00000, 0x0000000084d00000, 0x0000000084e00000|  0%| F|  |TAMS 0x0000000084d00000, 0x0000000084d00000| Untracked 
|  78|0x0000000084e00000, 0x0000000084e00000, 0x0000000084f00000|  0%| F|  |TAMS 0x0000000084e00000, 0x0000000084e00000| Untracked 
|  79|0x0000000084f00000, 0x0000000084f00000, 0x0000000085000000|  0%| F|  |TAMS 0x0000000084f00000, 0x0000000084f00000| Untracked 
|  80|0x0000000085000000, 0x0000000085000000, 0x0000000085100000|  0%| F|  |TAMS 0x0000000085000000, 0x0000000085000000| Untracked 
|  81|0x0000000085100000, 0x0000000085100000, 0x0000000085200000|  0%| F|  |TAMS 0x0000000085100000, 0x0000000085100000| Untracked 
|  82|0x0000000085200000, 0x0000000085200000, 0x0000000085300000|  0%| F|  |TAMS 0x0000000085200000, 0x0000000085200000| Untracked 
|  83|0x0000000085300000, 0x0000000085300000, 0x0000000085400000|  0%| F|  |TAMS 0x0000000085300000, 0x0000000085300000| Untracked 
|  84|0x0000000085400000, 0x0000000085400000, 0x0000000085500000|  0%| F|  |TAMS 0x0000000085400000, 0x0000000085400000| Untracked 
|  85|0x0000000085500000, 0x0000000085500000, 0x0000000085600000|  0%| F|  |TAMS 0x0000000085500000, 0x0000000085500000| Untracked 
|  86|0x0000000085600000, 0x0000000085600000, 0x0000000085700000|  0%| F|  |TAMS 0x0000000085600000, 0x0000000085600000| Untracked 
|  87|0x0000000085700000, 0x0000000085700000, 0x0000000085800000|  0%| F|  |TAMS 0x0000000085700000, 0x0000000085700000| Untracked 
|  88|0x0000000085800000, 0x0000000085800000, 0x0000000085900000|  0%| F|  |TAMS 0x0000000085800000, 0x0000000085800000| Untracked 
|  89|0x0000000085900000, 0x0000000085900000, 0x0000000085a00000|  0%| F|  |TAMS 0x0000000085900000, 0x0000000085900000| Untracked 
|  90|0x0000000085a00000, 0x0000000085a00000, 0x0000000085b00000|  0%| F|  |TAMS 0x0000000085a00000, 0x0000000085a00000| Untracked 
|  91|0x0000000085b00000, 0x0000000085b00000, 0x0000000085c00000|  0%| F|  |TAMS 0x0000000085b00000, 0x0000000085b00000| Untracked 
|  92|0x0000000085c00000, 0x0000000085c00000, 0x0000000085d00000|  0%| F|  |TAMS 0x0000000085c00000, 0x0000000085c00000| Untracked 
|  93|0x0000000085d00000, 0x0000000085d00000, 0x0000000085e00000|  0%| F|  |TAMS 0x0000000085d00000, 0x0000000085d00000| Untracked 
|  94|0x0000000085e00000, 0x0000000085e00000, 0x0000000085f00000|  0%| F|  |TAMS 0x0000000085e00000, 0x0000000085e00000| Untracked 
|  95|0x0000000085f00000, 0x0000000085f00000, 0x0000000086000000|  0%| F|  |TAMS 0x0000000085f00000, 0x0000000085f00000| Untracked 
|  96|0x0000000086000000, 0x0000000086000000, 0x0000000086100000|  0%| F|  |TAMS 0x0000000086000000, 0x0000000086000000| Untracked 
|  97|0x0000000086100000, 0x0000000086100000, 0x0000000086200000|  0%| F|  |TAMS 0x0000000086100000, 0x0000000086100000| Untracked 
|  98|0x0000000086200000, 0x0000000086200000, 0x0000000086300000|  0%| F|  |TAMS 0x0000000086200000, 0x0000000086200000| Untracked 
|  99|0x0000000086300000, 0x0000000086300000, 0x0000000086400000|  0%| F|  |TAMS 0x0000000086300000, 0x0000000086300000| Untracked 
| 100|0x0000000086400000, 0x0000000086400000, 0x0000000086500000|  0%| F|  |TAMS 0x0000000086400000, 0x0000000086400000| Untracked 
| 101|0x0000000086500000, 0x0000000086500000, 0x0000000086600000|  0%| F|  |TAMS 0x0000000086500000, 0x0000000086500000| Untracked 
| 102|0x0000000086600000, 0x0000000086600000, 0x0000000086700000|  0%| F|  |TAMS 0x0000000086600000, 0x0000000086600000| Untracked 
| 103|0x0000000086700000, 0x0000000086700000, 0x0000000086800000|  0%| F|  |TAMS 0x0000000086700000, 0x0000000086700000| Untracked 
| 104|0x0000000086800000, 0x0000000086800000, 0x0000000086900000|  0%| F|  |TAMS 0x0000000086800000, 0x0000000086800000| Untracked 
| 105|0x0000000086900000, 0x0000000086900000, 0x0000000086a00000|  0%| F|  |TAMS 0x0000000086900000, 0x0000000086900000| Untracked 
| 106|0x0000000086a00000, 0x0000000086a00000, 0x0000000086b00000|  0%| F|  |TAMS 0x0000000086a00000, 0x0000000086a00000| Untracked 
| 107|0x0000000086b00000, 0x0000000086b00000, 0x0000000086c00000|  0%| F|  |TAMS 0x0000000086b00000, 0x0000000086b00000| Untracked 
| 108|0x0000000086c00000, 0x0000000086c00000, 0x0000000086d00000|  0%| F|  |TAMS 0x0000000086c00000, 0x0000000086c00000| Untracked 
| 109|0x0000000086d00000, 0x0000000086d00000, 0x0000000086e00000|  0%| F|  |TAMS 0x0000000086d00000, 0x0000000086d00000| Untracked 
| 110|0x0000000086e00000, 0x0000000086e00000, 0x0000000086f00000|  0%| F|  |TAMS 0x0000000086e00000, 0x0000000086e00000| Untracked 
| 111|0x0000000086f00000, 0x0000000086f00000, 0x0000000087000000|  0%| F|  |TAMS 0x0000000086f00000, 0x0000000086f00000| Untracked 
| 112|0x0000000087000000, 0x0000000087000000, 0x0000000087100000|  0%| F|  |TAMS 0x0000000087000000, 0x0000000087000000| Untracked 
| 113|0x0000000087100000, 0x0000000087100000, 0x0000000087200000|  0%| F|  |TAMS 0x0000000087100000, 0x0000000087100000| Untracked 
| 114|0x0000000087200000, 0x0000000087200000, 0x0000000087300000|  0%| F|  |TAMS 0x0000000087200000, 0x0000000087200000| Untracked 
| 115|0x0000000087300000, 0x0000000087300000, 0x0000000087400000|  0%| F|  |TAMS 0x0000000087300000, 0x0000000087300000| Untracked 
| 116|0x0000000087400000, 0x0000000087400000, 0x0000000087500000|  0%| F|  |TAMS 0x0000000087400000, 0x0000000087400000| Untracked 
| 117|0x0000000087500000, 0x0000000087500000, 0x0000000087600000|  0%| F|  |TAMS 0x0000000087500000, 0x0000000087500000| Untracked 
| 118|0x0000000087600000, 0x0000000087600000, 0x0000000087700000|  0%| F|  |TAMS 0x0000000087600000, 0x0000000087600000| Untracked 
| 119|0x0000000087700000, 0x0000000087700000, 0x0000000087800000|  0%| F|  |TAMS 0x0000000087700000, 0x0000000087700000| Untracked 
| 120|0x0000000087800000, 0x0000000087800000, 0x0000000087900000|  0%| F|  |TAMS 0x0000000087800000, 0x0000000087800000| Untracked 
| 121|0x0000000087900000, 0x0000000087900000, 0x0000000087a00000|  0%| F|  |TAMS 0x0000000087900000, 0x0000000087900000| Untracked 
| 122|0x0000000087a00000, 0x0000000087a00000, 0x0000000087b00000|  0%| F|  |TAMS 0x0000000087a00000, 0x0000000087a00000| Untracked 
| 123|0x0000000087b00000, 0x0000000087b00000, 0x0000000087c00000|  0%| F|  |TAMS 0x0000000087b00000, 0x0000000087b00000| Untracked 
| 124|0x0000000087c00000, 0x0000000087c00000, 0x0000000087d00000|  0%| F|  |TAMS 0x0000000087c00000, 0x0000000087c00000| Untracked 
| 125|0x0000000087d00000, 0x0000000087d00000, 0x0000000087e00000|  0%| F|  |TAMS 0x0000000087d00000, 0x0000000087d00000| Untracked 
| 126|0x0000000087e00000, 0x0000000087e00000, 0x0000000087f00000|  0%| F|  |TAMS 0x0000000087e00000, 0x0000000087e00000| Untracked 
| 127|0x0000000087f00000, 0x0000000087f00000, 0x0000000088000000|  0%| F|  |TAMS 0x0000000087f00000, 0x0000000087f00000| Untracked 
| 128|0x0000000088000000, 0x0000000088000000, 0x0000000088100000|  0%| F|  |TAMS 0x0000000088000000, 0x0000000088000000| Untracked 
| 129|0x0000000088100000, 0x0000000088100000, 0x0000000088200000|  0%| F|  |TAMS 0x0000000088100000, 0x0000000088100000| Untracked 
| 130|0x0000000088200000, 0x0000000088200000, 0x0000000088300000|  0%| F|  |TAMS 0x0000000088200000, 0x0000000088200000| Untracked 
| 131|0x0000000088300000, 0x0000000088300000, 0x0000000088400000|  0%| F|  |TAMS 0x0000000088300000, 0x0000000088300000| Untracked 
| 132|0x0000000088400000, 0x0000000088400000, 0x0000000088500000|  0%| F|  |TAMS 0x0000000088400000, 0x0000000088400000| Untracked 
| 133|0x0000000088500000, 0x0000000088500000, 0x0000000088600000|  0%| F|  |TAMS 0x0000000088500000, 0x0000000088500000| Untracked 
| 134|0x0000000088600000, 0x0000000088600000, 0x0000000088700000|  0%| F|  |TAMS 0x0000000088600000, 0x0000000088600000| Untracked 
| 135|0x0000000088700000, 0x0000000088700000, 0x0000000088800000|  0%| F|  |TAMS 0x0000000088700000, 0x0000000088700000| Untracked 
| 136|0x0000000088800000, 0x0000000088800000, 0x0000000088900000|  0%| F|  |TAMS 0x0000000088800000, 0x0000000088800000| Untracked 
| 137|0x0000000088900000, 0x0000000088900000, 0x0000000088a00000|  0%| F|  |TAMS 0x0000000088900000, 0x0000000088900000| Untracked 
| 138|0x0000000088a00000, 0x0000000088a00000, 0x0000000088b00000|  0%| F|  |TAMS 0x0000000088a00000, 0x0000000088a00000| Untracked 
| 139|0x0000000088b00000, 0x0000000088b00000, 0x0000000088c00000|  0%| F|  |TAMS 0x0000000088b00000, 0x0000000088b00000| Untracked 
| 140|0x0000000088c00000, 0x0000000088c00000, 0x0000000088d00000|  0%| F|  |TAMS 0x0000000088c00000, 0x0000000088c00000| Untracked 
| 141|0x0000000088d00000, 0x0000000088d00000, 0x0000000088e00000|  0%| F|  |TAMS 0x0000000088d00000, 0x0000000088d00000| Untracked 
| 142|0x0000000088e00000, 0x0000000088e00000, 0x0000000088f00000|  0%| F|  |TAMS 0x0000000088e00000, 0x0000000088e00000| Untracked 
| 143|0x0000000088f00000, 0x0000000088f00000, 0x0000000089000000|  0%| F|  |TAMS 0x0000000088f00000, 0x0000000088f00000| Untracked 
| 144|0x0000000089000000, 0x0000000089000000, 0x0000000089100000|  0%| F|  |TAMS 0x0000000089000000, 0x0000000089000000| Untracked 
| 145|0x0000000089100000, 0x0000000089100000, 0x0000000089200000|  0%| F|  |TAMS 0x0000000089100000, 0x0000000089100000| Untracked 
| 146|0x0000000089200000, 0x0000000089200000, 0x0000000089300000|  0%| F|  |TAMS 0x0000000089200000, 0x0000000089200000| Untracked 
| 147|0x0000000089300000, 0x0000000089300000, 0x0000000089400000|  0%| F|  |TAMS 0x0000000089300000, 0x0000000089300000| Untracked 
| 148|0x0000000089400000, 0x0000000089400000, 0x0000000089500000|  0%| F|  |TAMS 0x0000000089400000, 0x0000000089400000| Untracked 
| 149|0x0000000089500000, 0x0000000089500000, 0x0000000089600000|  0%| F|  |TAMS 0x0000000089500000, 0x0000000089500000| Untracked 
| 150|0x0000000089600000, 0x0000000089600000, 0x0000000089700000|  0%| F|  |TAMS 0x0000000089600000, 0x0000000089600000| Untracked 
| 151|0x0000000089700000, 0x0000000089700000, 0x0000000089800000|  0%| F|  |TAMS 0x0000000089700000, 0x0000000089700000| Untracked 
| 152|0x0000000089800000, 0x0000000089800000, 0x0000000089900000|  0%| F|  |TAMS 0x0000000089800000, 0x0000000089800000| Untracked 
| 153|0x0000000089900000, 0x0000000089900000, 0x0000000089a00000|  0%| F|  |TAMS 0x0000000089900000, 0x0000000089900000| Untracked 
| 154|0x0000000089a00000, 0x0000000089a00000, 0x0000000089b00000|  0%| F|  |TAMS 0x0000000089a00000, 0x0000000089a00000| Untracked 
| 155|0x0000000089b00000, 0x0000000089b00000, 0x0000000089c00000|  0%| F|  |TAMS 0x0000000089b00000, 0x0000000089b00000| Untracked 
| 156|0x0000000089c00000, 0x0000000089c00000, 0x0000000089d00000|  0%| F|  |TAMS 0x0000000089c00000, 0x0000000089c00000| Untracked 
| 157|0x0000000089d00000, 0x0000000089d00000, 0x0000000089e00000|  0%| F|  |TAMS 0x0000000089d00000, 0x0000000089d00000| Untracked 
| 158|0x0000000089e00000, 0x0000000089e00000, 0x0000000089f00000|  0%| F|  |TAMS 0x0000000089e00000, 0x0000000089e00000| Untracked 
| 159|0x0000000089f00000, 0x0000000089f00000, 0x000000008a000000|  0%| F|  |TAMS 0x0000000089f00000, 0x0000000089f00000| Untracked 
| 160|0x000000008a000000, 0x000000008a000000, 0x000000008a100000|  0%| F|  |TAMS 0x000000008a000000, 0x000000008a000000| Untracked 
| 161|0x000000008a100000, 0x000000008a100000, 0x000000008a200000|  0%| F|  |TAMS 0x000000008a100000, 0x000000008a100000| Untracked 
| 162|0x000000008a200000, 0x000000008a200000, 0x000000008a300000|  0%| F|  |TAMS 0x000000008a200000, 0x000000008a200000| Untracked 
| 163|0x000000008a300000, 0x000000008a300000, 0x000000008a400000|  0%| F|  |TAMS 0x000000008a300000, 0x000000008a300000| Untracked 
| 164|0x000000008a400000, 0x000000008a400000, 0x000000008a500000|  0%| F|  |TAMS 0x000000008a400000, 0x000000008a400000| Untracked 
| 165|0x000000008a500000, 0x000000008a600000, 0x000000008a600000|100%| E|  |TAMS 0x000000008a500000, 0x000000008a500000| Complete 
| 166|0x000000008a600000, 0x000000008a700000, 0x000000008a700000|100%| E|CS|TAMS 0x000000008a600000, 0x000000008a600000| Complete 
| 167|0x000000008a700000, 0x000000008a800000, 0x000000008a800000|100%| E|CS|TAMS 0x000000008a700000, 0x000000008a700000| Complete 
| 168|0x000000008a800000, 0x000000008a900000, 0x000000008a900000|100%| E|CS|TAMS 0x000000008a800000, 0x000000008a800000| Complete 
| 169|0x000000008a900000, 0x000000008aa00000, 0x000000008aa00000|100%| E|CS|TAMS 0x000000008a900000, 0x000000008a900000| Complete 
| 170|0x000000008aa00000, 0x000000008ab00000, 0x000000008ab00000|100%| E|CS|TAMS 0x000000008aa00000, 0x000000008aa00000| Complete 
| 171|0x000000008ab00000, 0x000000008ac00000, 0x000000008ac00000|100%| E|CS|TAMS 0x000000008ab00000, 0x000000008ab00000| Complete 
| 172|0x000000008ac00000, 0x000000008ad00000, 0x000000008ad00000|100%| E|CS|TAMS 0x000000008ac00000, 0x000000008ac00000| Complete 
| 173|0x000000008ad00000, 0x000000008ae00000, 0x000000008ae00000|100%| E|CS|TAMS 0x000000008ad00000, 0x000000008ad00000| Complete 
| 174|0x000000008ae00000, 0x000000008af00000, 0x000000008af00000|100%| E|CS|TAMS 0x000000008ae00000, 0x000000008ae00000| Complete 
| 175|0x000000008af00000, 0x000000008b000000, 0x000000008b000000|100%| E|CS|TAMS 0x000000008af00000, 0x000000008af00000| Complete 
| 176|0x000000008b000000, 0x000000008b100000, 0x000000008b100000|100%| E|CS|TAMS 0x000000008b000000, 0x000000008b000000| Complete 
| 177|0x000000008b100000, 0x000000008b200000, 0x000000008b200000|100%| E|CS|TAMS 0x000000008b100000, 0x000000008b100000| Complete 
| 178|0x000000008b200000, 0x000000008b300000, 0x000000008b300000|100%| E|CS|TAMS 0x000000008b200000, 0x000000008b200000| Complete 
| 179|0x000000008b300000, 0x000000008b400000, 0x000000008b400000|100%| E|CS|TAMS 0x000000008b300000, 0x000000008b300000| Complete 
| 180|0x000000008b400000, 0x000000008b500000, 0x000000008b500000|100%| E|CS|TAMS 0x000000008b400000, 0x000000008b400000| Complete 
| 181|0x000000008b500000, 0x000000008b600000, 0x000000008b600000|100%| E|CS|TAMS 0x000000008b500000, 0x000000008b500000| Complete 
| 182|0x000000008b600000, 0x000000008b700000, 0x000000008b700000|100%| E|CS|TAMS 0x000000008b600000, 0x000000008b600000| Complete 
| 183|0x000000008b700000, 0x000000008b800000, 0x000000008b800000|100%| E|CS|TAMS 0x000000008b700000, 0x000000008b700000| Complete 
| 184|0x000000008b800000, 0x000000008b900000, 0x000000008b900000|100%| E|CS|TAMS 0x000000008b800000, 0x000000008b800000| Complete 
| 185|0x000000008b900000, 0x000000008ba00000, 0x000000008ba00000|100%| E|CS|TAMS 0x000000008b900000, 0x000000008b900000| Complete 
| 186|0x000000008ba00000, 0x000000008bb00000, 0x000000008bb00000|100%| E|CS|TAMS 0x000000008ba00000, 0x000000008ba00000| Complete 
| 187|0x000000008bb00000, 0x000000008bc00000, 0x000000008bc00000|100%| E|CS|TAMS 0x000000008bb00000, 0x000000008bb00000| Complete 
| 188|0x000000008bc00000, 0x000000008bd00000, 0x000000008bd00000|100%| E|CS|TAMS 0x000000008bc00000, 0x000000008bc00000| Complete 
| 189|0x000000008bd00000, 0x000000008be00000, 0x000000008be00000|100%| E|CS|TAMS 0x000000008bd00000, 0x000000008bd00000| Complete 
| 190|0x000000008be00000, 0x000000008bf00000, 0x000000008bf00000|100%| E|CS|TAMS 0x000000008be00000, 0x000000008be00000| Complete 
| 191|0x000000008bf00000, 0x000000008c000000, 0x000000008c000000|100%| E|CS|TAMS 0x000000008bf00000, 0x000000008bf00000| Complete 
| 192|0x000000008c000000, 0x000000008c100000, 0x000000008c100000|100%| E|CS|TAMS 0x000000008c000000, 0x000000008c000000| Complete 
| 193|0x000000008c100000, 0x000000008c200000, 0x000000008c200000|100%| E|CS|TAMS 0x000000008c100000, 0x000000008c100000| Complete 
| 194|0x000000008c200000, 0x000000008c300000, 0x000000008c300000|100%| E|CS|TAMS 0x000000008c200000, 0x000000008c200000| Complete 
| 195|0x000000008c300000, 0x000000008c400000, 0x000000008c400000|100%| E|CS|TAMS 0x000000008c300000, 0x000000008c300000| Complete 
| 196|0x000000008c400000, 0x000000008c500000, 0x000000008c500000|100%| E|CS|TAMS 0x000000008c400000, 0x000000008c400000| Complete 
| 197|0x000000008c500000, 0x000000008c5aa8b0, 0x000000008c600000| 66%| S|CS|TAMS 0x000000008c500000, 0x000000008c500000| Complete 
| 198|0x000000008c600000, 0x000000008c700000, 0x000000008c700000|100%| S|CS|TAMS 0x000000008c600000, 0x000000008c600000| Complete 
| 199|0x000000008c700000, 0x000000008c800000, 0x000000008c800000|100%| S|CS|TAMS 0x000000008c700000, 0x000000008c700000| Complete 
| 200|0x000000008c800000, 0x000000008c900000, 0x000000008c900000|100%| S|CS|TAMS 0x000000008c800000, 0x000000008c800000| Complete 
| 201|0x000000008c900000, 0x000000008ca00000, 0x000000008ca00000|100%| S|CS|TAMS 0x000000008c900000, 0x000000008c900000| Complete 
| 202|0x000000008ca00000, 0x000000008cb00000, 0x000000008cb00000|100%| E|CS|TAMS 0x000000008ca00000, 0x000000008ca00000| Complete 
| 203|0x000000008cb00000, 0x000000008cc00000, 0x000000008cc00000|100%| E|CS|TAMS 0x000000008cb00000, 0x000000008cb00000| Complete 
| 204|0x000000008cc00000, 0x000000008cd00000, 0x000000008cd00000|100%| E|CS|TAMS 0x000000008cc00000, 0x000000008cc00000| Complete 
| 205|0x000000008cd00000, 0x000000008ce00000, 0x000000008ce00000|100%| E|CS|TAMS 0x000000008cd00000, 0x000000008cd00000| Complete 
| 206|0x000000008ce00000, 0x000000008cf00000, 0x000000008cf00000|100%| E|CS|TAMS 0x000000008ce00000, 0x000000008ce00000| Complete 
| 207|0x000000008cf00000, 0x000000008d000000, 0x000000008d000000|100%| E|CS|TAMS 0x000000008cf00000, 0x000000008cf00000| Complete 
| 208|0x000000008d000000, 0x000000008d100000, 0x000000008d100000|100%| E|CS|TAMS 0x000000008d000000, 0x000000008d000000| Complete 
| 209|0x000000008d100000, 0x000000008d200000, 0x000000008d200000|100%| E|CS|TAMS 0x000000008d100000, 0x000000008d100000| Complete 
| 210|0x000000008d200000, 0x000000008d300000, 0x000000008d300000|100%| E|CS|TAMS 0x000000008d200000, 0x000000008d200000| Complete 
| 211|0x000000008d300000, 0x000000008d400000, 0x000000008d400000|100%| E|CS|TAMS 0x000000008d300000, 0x000000008d300000| Complete 
| 212|0x000000008d400000, 0x000000008d500000, 0x000000008d500000|100%| E|CS|TAMS 0x000000008d400000, 0x000000008d400000| Complete 
| 213|0x000000008d500000, 0x000000008d600000, 0x000000008d600000|100%| E|CS|TAMS 0x000000008d500000, 0x000000008d500000| Complete 
| 214|0x000000008d600000, 0x000000008d700000, 0x000000008d700000|100%| E|CS|TAMS 0x000000008d600000, 0x000000008d600000| Complete 
| 215|0x000000008d700000, 0x000000008d800000, 0x000000008d800000|100%| E|CS|TAMS 0x000000008d700000, 0x000000008d700000| Complete 
| 216|0x000000008d800000, 0x000000008d900000, 0x000000008d900000|100%| E|CS|TAMS 0x000000008d800000, 0x000000008d800000| Complete 
| 217|0x000000008d900000, 0x000000008da00000, 0x000000008da00000|100%| E|CS|TAMS 0x000000008d900000, 0x000000008d900000| Complete 
| 218|0x000000008da00000, 0x000000008db00000, 0x000000008db00000|100%| E|CS|TAMS 0x000000008da00000, 0x000000008da00000| Complete 
| 219|0x000000008db00000, 0x000000008dc00000, 0x000000008dc00000|100%| E|CS|TAMS 0x000000008db00000, 0x000000008db00000| Complete 
| 220|0x000000008dc00000, 0x000000008dd00000, 0x000000008dd00000|100%| E|CS|TAMS 0x000000008dc00000, 0x000000008dc00000| Complete 
| 221|0x000000008dd00000, 0x000000008de00000, 0x000000008de00000|100%| E|CS|TAMS 0x000000008dd00000, 0x000000008dd00000| Complete 
| 222|0x000000008de00000, 0x000000008df00000, 0x000000008df00000|100%| E|CS|TAMS 0x000000008de00000, 0x000000008de00000| Complete 
| 223|0x000000008df00000, 0x000000008e000000, 0x000000008e000000|100%| E|CS|TAMS 0x000000008df00000, 0x000000008df00000| Complete 
| 224|0x000000008e000000, 0x000000008e100000, 0x000000008e100000|100%| E|CS|TAMS 0x000000008e000000, 0x000000008e000000| Complete 
| 225|0x000000008e100000, 0x000000008e200000, 0x000000008e200000|100%| E|CS|TAMS 0x000000008e100000, 0x000000008e100000| Complete 
| 226|0x000000008e200000, 0x000000008e300000, 0x000000008e300000|100%| E|CS|TAMS 0x000000008e200000, 0x000000008e200000| Complete 
| 227|0x000000008e300000, 0x000000008e400000, 0x000000008e400000|100%| E|CS|TAMS 0x000000008e300000, 0x000000008e300000| Complete 
| 228|0x000000008e400000, 0x000000008e500000, 0x000000008e500000|100%| E|CS|TAMS 0x000000008e400000, 0x000000008e400000| Complete 
| 229|0x000000008e500000, 0x000000008e600000, 0x000000008e600000|100%| E|CS|TAMS 0x000000008e500000, 0x000000008e500000| Complete 
| 230|0x000000008e600000, 0x000000008e700000, 0x000000008e700000|100%| E|CS|TAMS 0x000000008e600000, 0x000000008e600000| Complete 
| 231|0x000000008e700000, 0x000000008e800000, 0x000000008e800000|100%| E|CS|TAMS 0x000000008e700000, 0x000000008e700000| Complete 
| 232|0x000000008e800000, 0x000000008e900000, 0x000000008e900000|100%| E|CS|TAMS 0x000000008e800000, 0x000000008e800000| Complete 
| 233|0x000000008e900000, 0x000000008ea00000, 0x000000008ea00000|100%| E|CS|TAMS 0x000000008e900000, 0x000000008e900000| Complete 
| 234|0x000000008ea00000, 0x000000008eb00000, 0x000000008eb00000|100%| E|CS|TAMS 0x000000008ea00000, 0x000000008ea00000| Complete 
| 235|0x000000008eb00000, 0x000000008ec00000, 0x000000008ec00000|100%| E|CS|TAMS 0x000000008eb00000, 0x000000008eb00000| Complete 
| 236|0x000000008ec00000, 0x000000008ed00000, 0x000000008ed00000|100%| E|CS|TAMS 0x000000008ec00000, 0x000000008ec00000| Complete 
| 237|0x000000008ed00000, 0x000000008ee00000, 0x000000008ee00000|100%| E|CS|TAMS 0x000000008ed00000, 0x000000008ed00000| Complete 
| 238|0x000000008ee00000, 0x000000008ef00000, 0x000000008ef00000|100%| E|CS|TAMS 0x000000008ee00000, 0x000000008ee00000| Complete 
| 239|0x000000008ef00000, 0x000000008f000000, 0x000000008f000000|100%| E|CS|TAMS 0x000000008ef00000, 0x000000008ef00000| Complete 
| 240|0x000000008f000000, 0x000000008f100000, 0x000000008f100000|100%| E|CS|TAMS 0x000000008f000000, 0x000000008f000000| Complete 
| 241|0x000000008f100000, 0x000000008f200000, 0x000000008f200000|100%| E|CS|TAMS 0x000000008f100000, 0x000000008f100000| Complete 
| 242|0x000000008f200000, 0x000000008f300000, 0x000000008f300000|100%| E|CS|TAMS 0x000000008f200000, 0x000000008f200000| Complete 
| 243|0x000000008f300000, 0x000000008f400000, 0x000000008f400000|100%| E|CS|TAMS 0x000000008f300000, 0x000000008f300000| Complete 
| 244|0x000000008f400000, 0x000000008f500000, 0x000000008f500000|100%| E|CS|TAMS 0x000000008f400000, 0x000000008f400000| Complete 
| 245|0x000000008f500000, 0x000000008f600000, 0x000000008f600000|100%| E|CS|TAMS 0x000000008f500000, 0x000000008f500000| Complete 
| 246|0x000000008f600000, 0x000000008f700000, 0x000000008f700000|100%| E|CS|TAMS 0x000000008f600000, 0x000000008f600000| Complete 
| 247|0x000000008f700000, 0x000000008f800000, 0x000000008f800000|100%| E|CS|TAMS 0x000000008f700000, 0x000000008f700000| Complete 
| 248|0x000000008f800000, 0x000000008f900000, 0x000000008f900000|100%| E|CS|TAMS 0x000000008f800000, 0x000000008f800000| Complete 
| 249|0x000000008f900000, 0x000000008fa00000, 0x000000008fa00000|100%| E|CS|TAMS 0x000000008f900000, 0x000000008f900000| Complete 
| 250|0x000000008fa00000, 0x000000008fb00000, 0x000000008fb00000|100%| E|CS|TAMS 0x000000008fa00000, 0x000000008fa00000| Complete 
| 251|0x000000008fb00000, 0x000000008fc00000, 0x000000008fc00000|100%| E|CS|TAMS 0x000000008fb00000, 0x000000008fb00000| Complete 
| 252|0x000000008fc00000, 0x000000008fd00000, 0x000000008fd00000|100%| E|CS|TAMS 0x000000008fc00000, 0x000000008fc00000| Complete 
| 253|0x000000008fd00000, 0x000000008fe00000, 0x000000008fe00000|100%| E|CS|TAMS 0x000000008fd00000, 0x000000008fd00000| Complete 

Card table byte_map: [0x0000020c5ae20000,0x0000020c5b220000] _byte_map_base: 0x0000020c5aa20000

Marking Bits (Prev, Next): (CMBitMap*) 0x0000020c436ca8b0, (CMBitMap*) 0x0000020c436ca8f0
 Prev Bits: [0x0000020c5b620000, 0x0000020c5d620000)
 Next Bits: [0x0000020c5d620000, 0x0000020c5f620000)

Polling page: 0x0000020c41420000

Metaspace:

Usage:
  Non-class:     15.88 MB used.
      Class:      2.68 MB used.
       Both:     18.56 MB used.

Virtual space:
  Non-class space:       64.00 MB reserved,      16.06 MB ( 25%) committed,  1 nodes.
      Class space:      416.00 MB reserved,       2.81 MB ( <1%) committed,  1 nodes.
             Both:      480.00 MB reserved,      18.88 MB (  4%) committed. 

Chunk freelists:
   Non-Class:  15.91 MB
       Class:  13.19 MB
        Both:  29.09 MB

MaxMetaspaceSize: 512.00 MB
CompressedClassSpaceSize: 416.00 MB
Initial GC threshold: 21.00 MB
Current GC threshold: 21.00 MB
CDS: on
MetaspaceReclaimPolicy: balanced
 - commit_granule_bytes: 65536.
 - commit_granule_words: 8192.
 - virtual_space_node_default_size: 8388608.
 - enlarge_chunks_in_place: 1.
 - new_chunks_are_fully_committed: 0.
 - uncommit_free_chunks: 1.
 - use_allocation_guard: 0.
 - handle_deallocations: 1.


Internal statistics:

num_allocs_failed_limit: 0.
num_arena_births: 242.
num_arena_deaths: 0.
num_vsnodes_births: 2.
num_vsnodes_deaths: 0.
num_space_committed: 302.
num_space_uncommitted: 0.
num_chunks_returned_to_freelist: 0.
num_chunks_taken_from_freelist: 911.
num_chunk_merges: 0.
num_chunk_splits: 587.
num_chunks_enlarged: 415.
num_inconsistent_stats: 0.

CodeHeap 'non-profiled nmethods': size=119168Kb used=1429Kb max_used=1429Kb free=117738Kb
 bounds [0x0000020c52d40000, 0x0000020c52fb0000, 0x0000020c5a1a0000]
CodeHeap 'profiled nmethods': size=119104Kb used=5685Kb max_used=5685Kb free=113418Kb
 bounds [0x0000020c4b1a0000, 0x0000020c4b730000, 0x0000020c525f0000]
CodeHeap 'non-nmethods': size=7488Kb used=2939Kb max_used=2994Kb free=4549Kb
 bounds [0x0000020c525f0000, 0x0000020c528f0000, 0x0000020c52d40000]
 total_blobs=3293 nmethods=2745 adapters=457
 compilation: enabled
              stopped_count=0, restarted_count=0
 full_count=0

Compilation events (20 events):
Event: 3.566 Thread 0x0000020c6277b2c0 nmethod 2740 0x0000020c4b723d90 code [0x0000020c4b723f40, 0x0000020c4b7240e8]
Event: 3.566 Thread 0x0000020c623b1110 nmethod 2738 0x0000020c4b724190 code [0x0000020c4b724360, 0x0000020c4b7246d8]
Event: 3.566 Thread 0x0000020c6277acf0 nmethod 2741 0x0000020c4b724890 code [0x0000020c4b724a60, 0x0000020c4b724ff8]
Event: 3.568 Thread 0x0000020c6277a720 nmethod 2735 0x0000020c4b725110 code [0x0000020c4b725680, 0x0000020c4b727bd8]
Event: 3.575 Thread 0x0000020c6277a720 2743       3       java.lang.invoke.LambdaForm::returnType (26 bytes)
Event: 3.576 Thread 0x0000020c6277a720 nmethod 2743 0x0000020c4b728b90 code [0x0000020c4b728d40, 0x0000020c4b728ed8]
Event: 3.597 Thread 0x0000020c6277a720 2744       3       jdk.internal.reflect.Reflection::filter (163 bytes)
Event: 3.598 Thread 0x0000020c6277a720 nmethod 2744 0x0000020c4b728f90 code [0x0000020c4b729200, 0x0000020c4b729f88]
Event: 3.608 Thread 0x0000020c6277b2c0 2746       3       jdk.internal.org.objectweb.asm.MethodWriter::visitAnnotation (40 bytes)
Event: 3.608 Thread 0x0000020c6277acf0 2747       3       jdk.internal.org.objectweb.asm.AnnotationWriter::create (34 bytes)
Event: 3.608 Thread 0x0000020c6277a720 2748       3       jdk.internal.org.objectweb.asm.AnnotationWriter::<init> (60 bytes)
Event: 3.608 Thread 0x0000020c623b1110 2749       3       jdk.internal.org.objectweb.asm.AnnotationVisitor::<init> (7 bytes)
Event: 3.608 Thread 0x0000020c623b1110 nmethod 2749 0x0000020c4b72a390 code [0x0000020c4b72a540, 0x0000020c4b72a688]
Event: 3.608 Thread 0x0000020c6277b2c0 nmethod 2746 0x0000020c4b72a710 code [0x0000020c4b72a8c0, 0x0000020c4b72ab78]
Event: 3.608 Thread 0x0000020c623b1110 2750       3       jdk.internal.org.objectweb.asm.AnnotationVisitor::<init> (88 bytes)
Event: 3.608 Thread 0x0000020c6277b2c0 2751       3       jdk.internal.org.objectweb.asm.AnnotationWriter::visitEnd (44 bytes)
Event: 3.609 Thread 0x0000020c6277a720 nmethod 2748 0x0000020c4b72ac10 code [0x0000020c4b72ade0, 0x0000020c4b72b1c8]
Event: 3.609 Thread 0x0000020c6277acf0 nmethod 2747 0x0000020c4b72b310 code [0x0000020c4b72b500, 0x0000020c4b72b9b8]
Event: 3.609 Thread 0x0000020c6277b2c0 nmethod 2751 0x0000020c4b72bb90 code [0x0000020c4b72bd20, 0x0000020c4b72beb8]
Event: 3.610 Thread 0x0000020c623b1110 nmethod 2750 0x0000020c4b72c010 code [0x0000020c4b72c260, 0x0000020c4b72cb08]

GC Heap History (6 events):
Event: 0.277 GC heap before
{Heap before GC invocations=0 (full 0):
 garbage-first heap   total 260096K, used 22528K [0x0000000080000000, 0x0000000100000000)
  region size 1024K, 23 young (23552K), 0 survivors (0K)
 Metaspace       used 1096K, committed 1216K, reserved 491520K
  class space    used 73K, committed 128K, reserved 425984K
}
Event: 0.280 GC heap after
{Heap after GC invocations=1 (full 0):
 garbage-first heap   total 260096K, used 3323K [0x0000000080000000, 0x0000000100000000)
  region size 1024K, 3 young (3072K), 3 survivors (3072K)
 Metaspace       used 1096K, committed 1216K, reserved 491520K
  class space    used 73K, committed 128K, reserved 425984K
}
Event: 0.919 GC heap before
{Heap before GC invocations=1 (full 0):
 garbage-first heap   total 260096K, used 41211K [0x0000000080000000, 0x0000000100000000)
  region size 1024K, 37 young (37888K), 3 survivors (3072K)
 Metaspace       used 4450K, committed 4608K, reserved 491520K
  class space    used 546K, committed 640K, reserved 425984K
}
Event: 0.924 GC heap after
{Heap after GC invocations=2 (full 0):
 garbage-first heap   total 260096K, used 10997K [0x0000000080000000, 0x0000000100000000)
  region size 1024K, 5 young (5120K), 5 survivors (5120K)
 Metaspace       used 4450K, committed 4608K, reserved 491520K
  class space    used 546K, committed 640K, reserved 425984K
}
Event: 1.405 GC heap before
{Heap before GC invocations=2 (full 0):
 garbage-first heap   total 260096K, used 60149K [0x0000000080000000, 0x0000000100000000)
  region size 1024K, 52 young (53248K), 5 survivors (5120K)
 Metaspace       used 5198K, committed 5376K, reserved 491520K
  class space    used 682K, committed 768K, reserved 425984K
}
Event: 1.412 GC heap after
{Heap after GC invocations=3 (full 0):
 garbage-first heap   total 260096K, used 16696K [0x0000000080000000, 0x0000000100000000)
  region size 1024K, 5 young (5120K), 5 survivors (5120K)
 Metaspace       used 5198K, committed 5376K, reserved 491520K
  class space    used 682K, committed 768K, reserved 425984K
}

Dll operation events (16 events):
Event: 0.006 Loaded shared library C:\Program Files\Microsoft\jdk-17.0.13.11-hotspot\bin\java.dll
Event: 0.020 Loaded shared library C:\Program Files\Microsoft\jdk-17.0.13.11-hotspot\bin\jsvml.dll
Event: 0.064 Loaded shared library C:\Program Files\Microsoft\jdk-17.0.13.11-hotspot\bin\zip.dll
Event: 0.066 Loaded shared library C:\Program Files\Microsoft\jdk-17.0.13.11-hotspot\bin\instrument.dll
Event: 0.069 Loaded shared library C:\Program Files\Microsoft\jdk-17.0.13.11-hotspot\bin\net.dll
Event: 0.070 Loaded shared library C:\Program Files\Microsoft\jdk-17.0.13.11-hotspot\bin\nio.dll
Event: 0.071 Loaded shared library C:\Program Files\Microsoft\jdk-17.0.13.11-hotspot\bin\zip.dll
Event: 0.200 Loaded shared library C:\Program Files\Microsoft\jdk-17.0.13.11-hotspot\bin\jimage.dll
Event: 0.344 Loaded shared library C:\Program Files\Microsoft\jdk-17.0.13.11-hotspot\bin\verify.dll
Event: 0.553 Loaded shared library C:\Users\acern\.gradle\native\1def1411415f61bf3af743bc5b6707747c0891f09f0c88961ee8f79bc544acac\windows-amd64\native-platform.dll
Event: 0.564 Loaded shared library C:\Users\acern\.gradle\native\0.2.5\x86_64-windows-gnu\gradle-fileevents.dll
Event: 1.514 Loaded shared library C:\Program Files\Microsoft\jdk-17.0.13.11-hotspot\bin\management.dll
Event: 1.518 Loaded shared library C:\Program Files\Microsoft\jdk-17.0.13.11-hotspot\bin\management_ext.dll
Event: 1.783 Loaded shared library C:\Program Files\Microsoft\jdk-17.0.13.11-hotspot\bin\extnet.dll
Event: 2.179 Loaded shared library C:\Program Files\Microsoft\jdk-17.0.13.11-hotspot\bin\sunmscapi.dll
Event: 2.993 Loaded shared library C:\Users\acern\AppData\Local\Temp\native-platform17163476662755253315dir\gradle-fileevents.dll

Deoptimization events (20 events):
Event: 2.945 Thread 0x0000020c0451b010 DEOPT PACKING pc=0x0000020c52e54d74 sp=0x000000d713cfacb0
Event: 2.945 Thread 0x0000020c0451b010 DEOPT UNPACKING pc=0x0000020c5264a1a3 sp=0x000000d713cfabb8 mode 2
Event: 2.960 Thread 0x0000020c0451b010 Uncommon trap: trap_request=0xffffff45 fr.pc=0x0000020c52d60f94 relative=0x0000000000000b94
Event: 2.960 Thread 0x0000020c0451b010 Uncommon trap: reason=unstable_if action=reinterpret pc=0x0000020c52d60f94 method=java.io.WinNTFileSystem.resolve(Ljava/lang/String;Ljava/lang/String;)Ljava/lang/String; @ 19 c2
Event: 2.960 Thread 0x0000020c0451b010 DEOPT PACKING pc=0x0000020c52d60f94 sp=0x000000d713cfb1f0
Event: 2.960 Thread 0x0000020c0451b010 DEOPT UNPACKING pc=0x0000020c5264a1a3 sp=0x000000d713cfb198 mode 2
Event: 2.961 Thread 0x0000020c0451b010 Uncommon trap: trap_request=0xffffff45 fr.pc=0x0000020c52dda7ec relative=0x000000000000062c
Event: 2.961 Thread 0x0000020c0451b010 Uncommon trap: reason=unstable_if action=reinterpret pc=0x0000020c52dda7ec method=java.io.File.getName()Ljava/lang/String; @ 16 c2
Event: 2.961 Thread 0x0000020c0451b010 DEOPT PACKING pc=0x0000020c52dda7ec sp=0x000000d713cfb1a0
Event: 2.961 Thread 0x0000020c0451b010 DEOPT UNPACKING pc=0x0000020c5264a1a3 sp=0x000000d713cfb170 mode 2
Event: 3.060 Thread 0x0000020c0451b010 DEOPT PACKING pc=0x0000020c4b65baa9 sp=0x000000d713cfbd00
Event: 3.060 Thread 0x0000020c0451b010 DEOPT UNPACKING pc=0x0000020c5264ace3 sp=0x000000d713cfb210 mode 0
Event: 3.293 Thread 0x0000020c0451b010 DEOPT PACKING pc=0x0000020c4b65baa9 sp=0x000000d713cfb760
Event: 3.293 Thread 0x0000020c0451b010 DEOPT UNPACKING pc=0x0000020c5264ace3 sp=0x000000d713cfac70 mode 0
Event: 3.323 Thread 0x0000020c0451b010 DEOPT PACKING pc=0x0000020c4b65baca sp=0x000000d713cf7660
Event: 3.323 Thread 0x0000020c0451b010 DEOPT UNPACKING pc=0x0000020c5264ace3 sp=0x000000d713cf6b70 mode 0
Event: 3.341 Thread 0x0000020c0451b010 DEOPT PACKING pc=0x0000020c4b65baa9 sp=0x000000d713cf3f70
Event: 3.341 Thread 0x0000020c0451b010 DEOPT UNPACKING pc=0x0000020c5264ace3 sp=0x000000d713cf3480 mode 0
Event: 3.568 Thread 0x0000020c0451b010 DEOPT PACKING pc=0x0000020c4b609b9b sp=0x000000d713cf8d30
Event: 3.568 Thread 0x0000020c0451b010 DEOPT UNPACKING pc=0x0000020c5264ace3 sp=0x000000d713cf8250 mode 0

Classes loaded (20 events):
Event: 3.020 Loading class java/util/stream/ReduceOps$1ReducingSink
Event: 3.020 Loading class java/util/stream/ReduceOps$1ReducingSink done
Event: 3.155 Loading class java/util/Collections$2
Event: 3.156 Loading class java/util/Collections$2 done
Event: 3.200 Loading class java/io/ObjectOutputStream$BlockDataOutputStream
Event: 3.201 Loading class java/io/ObjectOutputStream$BlockDataOutputStream done
Event: 3.201 Loading class java/io/ObjectOutputStream$HandleTable
Event: 3.201 Loading class java/io/ObjectOutputStream$HandleTable done
Event: 3.202 Loading class java/io/ObjectOutputStream$ReplaceTable
Event: 3.202 Loading class java/io/ObjectOutputStream$ReplaceTable done
Event: 3.244 Loading class java/io/UnsupportedEncodingException
Event: 3.244 Loading class java/io/UnsupportedEncodingException done
Event: 3.244 Loading class java/nio/charset/CharacterCodingException
Event: 3.244 Loading class java/nio/charset/CharacterCodingException done
Event: 3.342 Loading class java/util/function/LongFunction
Event: 3.342 Loading class java/util/function/LongFunction done
Event: 3.413 Loading class java/security/InvalidKeyException
Event: 3.413 Loading class java/security/KeyException
Event: 3.413 Loading class java/security/KeyException done
Event: 3.413 Loading class java/security/InvalidKeyException done

Classes unloaded (0 events):
No events

Classes redefined (0 events):
No events

Internal exceptions (20 events):
Event: 2.392 Thread 0x0000020c0451b010 Exception <a 'java/lang/NoSuchMethodError'{0x000000008da64c68}: 'int java.lang.invoke.DirectMethodHandle$Holder.invokeVirtual(java.lang.Object, java.lang.Object, java.lang.Object)'> (0x000000008da64c68) 
thrown [s\src\hotspot\share\interpreter\linkResolver.cpp, line 759]
Event: 2.422 Thread 0x0000020c0451b010 Exception <a 'java/lang/NoSuchMethodError'{0x000000008d8f8ea0}: 'java.lang.Object java.lang.invoke.DirectMethodHandle$Holder.newInvokeSpecial(java.lang.Object, java.lang.Object, java.lang.Object, java.lang.Object, java.lang.Object, java.lang.Object)'> (0x000000008d8f8ea0) 
thrown [s\src\hotspot\share\interpreter\linkResolver.cpp, line 759]
Event: 2.466 Thread 0x0000020c0451b010 Exception <a 'java/lang/NoSuchMethodError'{0x000000008d5ff300}: 'void java.lang.invoke.DelegatingMethodHandle$Holder.reinvoke_L(java.lang.Object, java.lang.Object, java.lang.Object, java.lang.Object, java.lang.Object, java.lang.Object, java.lang.Object, java.lang.Object, java.lang.Object, java.lang.Object)'> (0x000000008d5ff300) 
thrown [s\src\hotspot\share\interpreter\linkResolver.cpp, line 759]
Event: 2.466 Thread 0x0000020c0451b010 Exception <a 'java/lang/NoSuchMethodError'{0x000000008d4079b8}: 'java.lang.Object java.lang.invoke.DirectMethodHandle$Holder.invokeSpecial(java.lang.Object, java.lang.Object, java.lang.Object, java.lang.Object, java.lang.Object, java.lang.Object, java.lang.Object, java.lang.Object, java.lang.Object, java.lang.Object)'> (0x000000008d4079b8) 
thrown [s\src\hotspot\share\interpreter\linkResolver.cpp, line 759]
Event: 2.466 Thread 0x0000020c0451b010 Exception <a 'java/lang/NoSuchMethodError'{0x000000008d40c288}: 'java.lang.Object java.lang.invoke.Invokers$Holder.invoker(java.lang.Object, java.lang.Object, java.lang.Object, java.lang.Object, java.lang.Object, java.lang.Object, java.lang.Object, java.lang.Object, java.lang.Object, java.lang.Object)'> (0x000000008d40c288) 
thrown [s\src\hotspot\share\interpreter\linkResolver.cpp, line 759]
Event: 2.467 Thread 0x0000020c0451b010 Exception <a 'java/lang/NoSuchMethodError'{0x000000008d411e90}: 'java.lang.Object java.lang.invoke.DirectMethodHandle$Holder.invokeSpecial(java.lang.Object, java.lang.Object, java.lang.Object, java.lang.Object, java.lang.Object, java.lang.Object, java.lang.Object, java.lang.Object, java.lang.Object, java.lang.Object, java.lang.Object)'> (0x000000008d411e90) 
thrown [s\src\hotspot\share\interpreter\linkResolver.cpp, line 759]
Event: 2.579 Thread 0x0000020c0451b010 Exception <a 'java/lang/NoSuchMethodError'{0x000000008cdfd590}: 'java.lang.Object java.lang.invoke.DirectMethodHandle$Holder.newInvokeSpecial(java.lang.Object, java.lang.Object, int)'> (0x000000008cdfd590) 
thrown [s\src\hotspot\share\interpreter\linkResolver.cpp, line 759]
Event: 3.018 Thread 0x0000020c0451b010 Exception <a 'java/lang/NoSuchMethodError'{0x000000008c1ae0a0}: 'int java.lang.invoke.DirectMethodHandle$Holder.invokeSpecialIFC(java.lang.Object, java.lang.Object, java.lang.Object, java.lang.Object)'> (0x000000008c1ae0a0) 
thrown [s\src\hotspot\share\interpreter\linkResolver.cpp, line 759]
Event: 3.019 Thread 0x0000020c0451b010 Exception <a 'java/lang/NoSuchMethodError'{0x000000008c1bd188}: 'java.lang.Object java.lang.invoke.DirectMethodHandle$Holder.invokeInterface(java.lang.Object, java.lang.Object, java.lang.Object)'> (0x000000008c1bd188) 
thrown [s\src\hotspot\share\interpreter\linkResolver.cpp, line 759]
Event: 3.019 Thread 0x0000020c0451b010 Exception <a 'java/lang/IncompatibleClassChangeError'{0x000000008c1c1048}: Found class java.lang.Object, but interface was expected> (0x000000008c1c1048) 
thrown [s\src\hotspot\share\interpreter\linkResolver.cpp, line 826]
Event: 3.047 Thread 0x0000020c0451b010 Exception <a 'java/lang/NoSuchMethodError'{0x000000008bfbaf08}: 'int java.lang.invoke.DirectMethodHandle$Holder.invokeStatic(java.lang.Object, java.lang.Object, java.lang.Object, java.lang.Object)'> (0x000000008bfbaf08) 
thrown [s\src\hotspot\share\interpreter\linkResolver.cpp, line 759]
Event: 3.047 Thread 0x0000020c0451b010 Exception <a 'java/lang/NoSuchMethodError'{0x000000008bfbedd8}: 'java.lang.Object java.lang.invoke.Invokers$Holder.invokeExact_MT(java.lang.Object, java.lang.Object, java.lang.Object, java.lang.Object, java.lang.Object, java.lang.Object)'> (0x000000008bfbedd8) 
thrown [s\src\hotspot\share\interpreter\linkResolver.cpp, line 759]
Event: 3.141 Thread 0x0000020c0451b010 Exception <a 'java/lang/IncompatibleClassChangeError'{0x000000008bb90a78}: Found class java.lang.Object, but interface was expected> (0x000000008bb90a78) 
thrown [s\src\hotspot\share\interpreter\linkResolver.cpp, line 826]
Event: 3.203 Thread 0x0000020c0451ce70 Exception <a 'java/lang/NoSuchMethodError'{0x000000008e312d48}: static Lorg/gradle/internal/build/event/types/DefaultOperationStartedProgressEvent;.<clinit>()V> (0x000000008e312d48) 
thrown [s\src\hotspot\share\prims\jni.cpp, line 1112]
Event: 3.204 Thread 0x0000020c0451ce70 Exception <a 'java/lang/NoSuchMethodError'{0x000000008e3142d0}: static Lorg/gradle/internal/build/event/types/AbstractProgressEvent;.<clinit>()V> (0x000000008e3142d0) 
thrown [s\src\hotspot\share\prims\jni.cpp, line 1112]
Event: 3.205 Thread 0x0000020c0451ce70 Exception <a 'java/lang/NoSuchMethodError'{0x000000008e31cf88}: static Lorg/gradle/internal/build/event/types/DefaultOperationDescriptor;.<clinit>()V> (0x000000008e31cf88) 
thrown [s\src\hotspot\share\prims\jni.cpp, line 1112]
Event: 3.246 Thread 0x0000020c0451ce70 Exception <a 'java/lang/NoSuchMethodError'{0x000000008e332720}: static Lorg/gradle/internal/operations/OperationIdentifier;.<clinit>()V> (0x000000008e332720) 
thrown [s\src\hotspot\share\prims\jni.cpp, line 1112]
Event: 3.482 Thread 0x0000020c0451b010 Exception <a 'java/lang/NoSuchMethodError'{0x000000008adae850}: 'int java.lang.invoke.DirectMethodHandle$Holder.invokeStaticInit(java.lang.Object, java.lang.Object, java.lang.Object)'> (0x000000008adae850) 
thrown [s\src\hotspot\share\interpreter\linkResolver.cpp, line 759]
Event: 3.608 Thread 0x0000020c0451b010 Exception <a 'java/lang/NoSuchMethodError'{0x000000008a7a3308}: 'void java.lang.invoke.DirectMethodHandle$Holder.invokeSpecial(java.lang.Object, java.lang.Object, java.lang.Object, java.lang.Object, java.lang.Object)'> (0x000000008a7a3308) 
thrown [s\src\hotspot\share\interpreter\linkResolver.cpp, line 759]
Event: 3.610 Thread 0x0000020c0451b010 Exception <a 'java/lang/NoSuchMethodError'{0x000000008a7aac68}: 'java.lang.Object java.lang.invoke.Invokers$Holder.invoker(java.lang.Object, java.lang.Object, java.lang.Object, java.lang.Object)'> (0x000000008a7aac68) 
thrown [s\src\hotspot\share\interpreter\linkResolver.cpp, line 759]

VM Operations (20 events):
Event: 1.541 Executing VM operation: HandshakeAllThreads
Event: 1.541 Executing VM operation: HandshakeAllThreads done
Event: 1.596 Executing VM operation: HandshakeAllThreads
Event: 1.596 Executing VM operation: HandshakeAllThreads done
Event: 1.647 Executing VM operation: HandshakeAllThreads
Event: 1.647 Executing VM operation: HandshakeAllThreads done
Event: 1.676 Executing VM operation: HandshakeAllThreads
Event: 1.676 Executing VM operation: HandshakeAllThreads done
Event: 1.757 Executing VM operation: HandshakeAllThreads
Event: 1.757 Executing VM operation: HandshakeAllThreads done
Event: 2.057 Executing VM operation: HandshakeAllThreads
Event: 2.057 Executing VM operation: HandshakeAllThreads done
Event: 2.166 Executing VM operation: HandshakeAllThreads
Event: 2.166 Executing VM operation: HandshakeAllThreads done
Event: 2.281 Executing VM operation: ICBufferFull
Event: 2.281 Executing VM operation: ICBufferFull done
Event: 3.096 Executing VM operation: HandshakeAllThreads
Event: 3.096 Executing VM operation: HandshakeAllThreads done
Event: 3.096 Executing VM operation: HandshakeAllThreads
Event: 3.096 Executing VM operation: HandshakeAllThreads done

Memory protections (0 events):
No events

Nmethod flushes (0 events):
No events

Events (20 events):
Event: 0.203 Thread 0x0000020c627c53c0 Thread added: 0x0000020c7e30c1e0
Event: 0.627 Thread 0x0000020c7e30c1e0 Thread exited: 0x0000020c7e30c1e0
Event: 0.958 Thread 0x0000020c7e30bcc0 Thread exited: 0x0000020c7e30bcc0
Event: 1.568 Thread 0x0000020c4366e390 Thread added: 0x0000020c043d1b40
Event: 1.870 Thread 0x0000020c62903850 Thread exited: 0x0000020c62903850
Event: 2.027 Thread 0x0000020c4366e390 Thread added: 0x0000020c0416c310
Event: 2.095 Thread 0x0000020c4366e390 Thread added: 0x0000020c7f32d140
Event: 2.193 Thread 0x0000020c0416c310 Thread added: 0x0000020c04157260
Event: 2.195 Thread 0x0000020c04157260 Thread added: 0x0000020c7f6036e0
Event: 2.253 Thread 0x0000020c04157260 Thread added: 0x0000020c0451bf40
Event: 2.260 Thread 0x0000020c04157260 Thread added: 0x0000020c0451b010
Event: 2.269 Thread 0x0000020c0451b010 Thread added: 0x0000020c0451ba30
Event: 2.273 Thread 0x0000020c0451b010 Thread added: 0x0000020c0451d380
Event: 2.275 Thread 0x0000020c0451b010 Thread added: 0x0000020c0451ce70
Event: 2.578 Thread 0x0000020c0451b010 Thread added: 0x0000020c0451a0e0
Event: 2.585 Thread 0x0000020c0451b010 Thread added: 0x0000020c0451a5f0
Event: 2.840 Thread 0x0000020c627c53c0 Thread exited: 0x0000020c627c53c0
Event: 2.934 Thread 0x0000020c0451b010 Thread added: 0x0000020c0451c960
Event: 3.199 Thread 0x0000020c623b1110 Thread added: 0x0000020c04f47a50
Event: 3.200 Thread 0x0000020c623b1110 Thread added: 0x0000020c04f48f90


Dynamic libraries:
0x00007ff7e22b0000 - 0x00007ff7e22be000 	C:\Program Files\Microsoft\jdk-17.0.13.11-hotspot\bin\java.exe
0x00007ff9a5880000 - 0x00007ff9a5ae3000 	C:\Windows\SYSTEM32\ntdll.dll
0x00007ff9a37b0000 - 0x00007ff9a3877000 	C:\Windows\System32\KERNEL32.DLL
0x00007ff9a3170000 - 0x00007ff9a3537000 	C:\Windows\System32\KERNELBASE.dll
0x00007ff9a2ce0000 - 0x00007ff9a2e2c000 	C:\Windows\System32\ucrtbase.dll
0x00007ff98cdb0000 - 0x00007ff98cdc7000 	C:\Program Files\Microsoft\jdk-17.0.13.11-hotspot\bin\jli.dll
0x00007ff98c560000 - 0x00007ff98c57d000 	C:\Program Files\Microsoft\jdk-17.0.13.11-hotspot\bin\VCRUNTIME140.dll
0x00007ff9a40f0000 - 0x00007ff9a42b9000 	C:\Windows\System32\USER32.dll
0x00007ff9a2c20000 - 0x00007ff9a2c47000 	C:\Windows\System32\win32u.dll
0x00007ff982a70000 - 0x00007ff982d00000 	C:\Windows\WinSxS\amd64_microsoft.windows.common-controls_6595b64144ccf1df_6.0.26100.3037_none_3e09262ce333c378\COMCTL32.dll
0x00007ff9a3960000 - 0x00007ff9a398a000 	C:\Windows\System32\GDI32.dll
0x00007ff9a5610000 - 0x00007ff9a56b9000 	C:\Windows\System32\msvcrt.dll
0x00007ff9a2f80000 - 0x00007ff9a30ab000 	C:\Windows\System32\gdi32full.dll
0x00007ff9a2e30000 - 0x00007ff9a2ed3000 	C:\Windows\System32\msvcp_win.dll
0x00007ff9a3880000 - 0x00007ff9a38af000 	C:\Windows\System32\IMM32.DLL
0x00007ff9905f0000 - 0x00007ff9905fc000 	C:\Program Files\Microsoft\jdk-17.0.13.11-hotspot\bin\vcruntime140_1.dll
0x00007ff984d70000 - 0x00007ff984dfd000 	C:\Program Files\Microsoft\jdk-17.0.13.11-hotspot\bin\msvcp140.dll
0x00007ff8bf0c0000 - 0x00007ff8bfd31000 	C:\Program Files\Microsoft\jdk-17.0.13.11-hotspot\bin\server\jvm.dll
0x00007ff9a4fa0000 - 0x00007ff9a5054000 	C:\Windows\System32\ADVAPI32.dll
0x00007ff9a4010000 - 0x00007ff9a40b6000 	C:\Windows\System32\sechost.dll
0x00007ff9a54f0000 - 0x00007ff9a5606000 	C:\Windows\System32\RPCRT4.dll
0x00007ff9a3b80000 - 0x00007ff9a3bf4000 	C:\Windows\System32\WS2_32.dll
0x00007ff9a1890000 - 0x00007ff9a18de000 	C:\Windows\SYSTEM32\POWRPROF.dll
0x00007ff9970f0000 - 0x00007ff9970fb000 	C:\Windows\SYSTEM32\VERSION.dll
0x00007ff98def0000 - 0x00007ff98df26000 	C:\Windows\SYSTEM32\WINMM.dll
0x00007ff9a1870000 - 0x00007ff9a1884000 	C:\Windows\SYSTEM32\UMPDC.dll
0x00007ff9a1b40000 - 0x00007ff9a1b5a000 	C:\Windows\SYSTEM32\kernel.appcore.dll
0x00007ff98ba40000 - 0x00007ff98ba4a000 	C:\Program Files\Microsoft\jdk-17.0.13.11-hotspot\bin\jimage.dll
0x00007ff9a0450000 - 0x00007ff9a0691000 	C:\Windows\SYSTEM32\DBGHELP.DLL
0x00007ff9a3c00000 - 0x00007ff9a3f7e000 	C:\Windows\System32\combase.dll
0x00007ff9a4e10000 - 0x00007ff9a4ee6000 	C:\Windows\System32\OLEAUT32.dll
0x00007ff98cd70000 - 0x00007ff98cda9000 	C:\Windows\SYSTEM32\dbgcore.DLL
0x00007ff9a2ee0000 - 0x00007ff9a2f79000 	C:\Windows\System32\bcryptPrimitives.dll
0x00007ff979b60000 - 0x00007ff979b6e000 	C:\Program Files\Microsoft\jdk-17.0.13.11-hotspot\bin\instrument.dll
0x00007ff985220000 - 0x00007ff985245000 	C:\Program Files\Microsoft\jdk-17.0.13.11-hotspot\bin\java.dll
0x00007ff944500000 - 0x00007ff9445d7000 	C:\Program Files\Microsoft\jdk-17.0.13.11-hotspot\bin\jsvml.dll
0x00007ff9a4540000 - 0x00007ff9a4c44000 	C:\Windows\System32\SHELL32.dll
0x00007ff9a0920000 - 0x00007ff9a1157000 	C:\Windows\SYSTEM32\windows.storage.dll
0x00007ff9a36c0000 - 0x00007ff9a37a9000 	C:\Windows\System32\SHCORE.dll
0x00007ff9a4310000 - 0x00007ff9a436d000 	C:\Windows\System32\shlwapi.dll
0x00007ff9a2b30000 - 0x00007ff9a2b5e000 	C:\Windows\SYSTEM32\profapi.dll
0x00007ff97cf70000 - 0x00007ff97cf88000 	C:\Program Files\Microsoft\jdk-17.0.13.11-hotspot\bin\zip.dll
0x00007ff984d50000 - 0x00007ff984d6a000 	C:\Program Files\Microsoft\jdk-17.0.13.11-hotspot\bin\net.dll
0x00007ff997ff0000 - 0x00007ff99810e000 	C:\Windows\SYSTEM32\WINHTTP.dll
0x00007ff9a2070000 - 0x00007ff9a20da000 	C:\Windows\system32\mswsock.dll
0x00007ff984d30000 - 0x00007ff984d46000 	C:\Program Files\Microsoft\jdk-17.0.13.11-hotspot\bin\nio.dll
0x00007ff985210000 - 0x00007ff985220000 	C:\Program Files\Microsoft\jdk-17.0.13.11-hotspot\bin\verify.dll
0x00007ff97a1a0000 - 0x00007ff97a1c7000 	C:\Users\acern\.gradle\native\1def1411415f61bf3af743bc5b6707747c0891f09f0c88961ee8f79bc544acac\windows-amd64\native-platform.dll
0x0000000072c60000 - 0x0000000072cd3000 	C:\Users\acern\.gradle\native\0.2.5\x86_64-windows-gnu\gradle-fileevents.dll
0x00007ff97ad80000 - 0x00007ff97ad8a000 	C:\Program Files\Microsoft\jdk-17.0.13.11-hotspot\bin\management.dll
0x00007ff97ad70000 - 0x00007ff97ad7b000 	C:\Program Files\Microsoft\jdk-17.0.13.11-hotspot\bin\management_ext.dll
0x00007ff9a40e0000 - 0x00007ff9a40e8000 	C:\Windows\System32\PSAPI.DLL
0x00007ff9a2320000 - 0x00007ff9a233c000 	C:\Windows\SYSTEM32\CRYPTSP.dll
0x00007ff9a1aa0000 - 0x00007ff9a1ad8000 	C:\Windows\system32\rsaenh.dll
0x00007ff9a2110000 - 0x00007ff9a213b000 	C:\Windows\SYSTEM32\USERENV.dll
0x00007ff9a2550000 - 0x00007ff9a2576000 	C:\Windows\SYSTEM32\bcrypt.dll
0x00007ff9a2310000 - 0x00007ff9a231c000 	C:\Windows\SYSTEM32\CRYPTBASE.dll
0x00007ff9a14d0000 - 0x00007ff9a1502000 	C:\Windows\SYSTEM32\IPHLPAPI.DLL
0x00007ff9a40c0000 - 0x00007ff9a40ca000 	C:\Windows\System32\NSI.dll
0x00007ff997fc0000 - 0x00007ff997fdf000 	C:\Windows\SYSTEM32\dhcpcsvc6.DLL
0x00007ff997f90000 - 0x00007ff997fb5000 	C:\Windows\SYSTEM32\dhcpcsvc.DLL
0x00007ff9a1560000 - 0x00007ff9a1685000 	C:\Windows\SYSTEM32\DNSAPI.dll
0x00007ff97cf50000 - 0x00007ff97cf59000 	C:\Program Files\Microsoft\jdk-17.0.13.11-hotspot\bin\extnet.dll
0x00007ff97cf60000 - 0x00007ff97cf6e000 	C:\Program Files\Microsoft\jdk-17.0.13.11-hotspot\bin\sunmscapi.dll
0x00007ff9a3540000 - 0x00007ff9a36b6000 	C:\Windows\System32\CRYPT32.dll
0x00007ff9a2510000 - 0x00007ff9a2540000 	C:\Windows\SYSTEM32\ncrypt.dll
0x00007ff9a24c0000 - 0x00007ff9a24ff000 	C:\Windows\SYSTEM32\NTASN1.dll
0x00007ff98f900000 - 0x00007ff98f908000 	C:\Windows\system32\wshunix.dll
0x0000000072b60000 - 0x0000000072bd3000 	C:\Users\acern\AppData\Local\Temp\native-platform17163476662755253315dir\gradle-fileevents.dll

dbghelp: loaded successfully - version: 4.0.5 - missing functions: none
symbol engine: initialized successfully - sym options: 0x614 - pdb path: .;C:\Program Files\Microsoft\jdk-17.0.13.11-hotspot\bin;C:\Windows\SYSTEM32;C:\Windows\WinSxS\amd64_microsoft.windows.common-controls_6595b64144ccf1df_6.0.26100.3037_none_3e09262ce333c378;C:\Program Files\Microsoft\jdk-17.0.13.11-hotspot\bin\server;C:\Users\acern\.gradle\native\1def1411415f61bf3af743bc5b6707747c0891f09f0c88961ee8f79bc544acac\windows-amd64;C:\Users\acern\.gradle\native\0.2.5\x86_64-windows-gnu;C:\Users\acern\AppData\Local\Temp\native-platform17163476662755253315dir

VM Arguments:
jvm_args: --add-opens=java.base/java.lang=ALL-UNNAMED --add-opens=java.base/java.lang.invoke=ALL-UNNAMED --add-opens=java.base/java.util=ALL-UNNAMED --add-opens=java.prefs/java.util.prefs=ALL-UNNAMED --add-exports=jdk.compiler/com.sun.tools.javac.api=ALL-UNNAMED --add-exports=jdk.compiler/com.sun.tools.javac.util=ALL-UNNAMED --add-opens=java.base/java.util=ALL-UNNAMED --add-opens=java.prefs/java.util.prefs=ALL-UNNAMED --add-opens=java.base/java.nio.charset=ALL-UNNAMED --add-opens=java.base/java.net=ALL-UNNAMED --add-opens=java.base/java.util.concurrent.atomic=ALL-UNNAMED --add-opens=java.xml/javax.xml.namespace=ALL-UNNAMED -XX:MaxMetaspaceSize=512m -Xmx2048m -Dfile.encoding=UTF-8 -Duser.country=ID -Duser.language=en -Duser.variant -javaagent:C:\Users\acern\.gradle\wrapper\dists\gradle-8.12-all\ejduaidbjup3bmmkhw3rie4zb\gradle-8.12\lib\agents\gradle-instrumentation-agent-8.12.jar 
java_command: org.gradle.launcher.daemon.bootstrap.GradleDaemon 8.12
java_class_path (initial): C:\Users\acern\.gradle\wrapper\dists\gradle-8.12-all\ejduaidbjup3bmmkhw3rie4zb\gradle-8.12\lib\gradle-daemon-main-8.12.jar
Launcher Type: SUN_STANDARD

[Global flags]
     intx CICompilerCount                          = 12                                        {product} {ergonomic}
   size_t CompressedClassSpaceSize                 = 436207616                                 {product} {ergonomic}
     uint ConcGCThreads                            = 3                                         {product} {ergonomic}
     uint G1ConcRefinementThreads                  = 13                                        {product} {ergonomic}
   size_t G1HeapRegionSize                         = 1048576                                   {product} {ergonomic}
    uintx GCDrainStackTargetSize                   = 64                                        {product} {ergonomic}
   size_t InitialHeapSize                          = 266338304                                 {product} {ergonomic}
   size_t MarkStackSize                            = 4194304                                   {product} {ergonomic}
   size_t MaxHeapSize                              = 2147483648                                {product} {command line}
   size_t MaxMetaspaceSize                         = 536870912                                 {product} {command line}
   size_t MaxNewSize                               = 1287651328                                {product} {ergonomic}
   size_t MinHeapDeltaBytes                        = 1048576                                   {product} {ergonomic}
   size_t MinHeapSize                              = 8388608                                   {product} {ergonomic}
    uintx NonNMethodCodeHeapSize                   = 7602480                                {pd product} {ergonomic}
    uintx NonProfiledCodeHeapSize                  = 122027880                              {pd product} {ergonomic}
    uintx ProfiledCodeHeapSize                     = 122027880                              {pd product} {ergonomic}
    uintx ReservedCodeCacheSize                    = 251658240                              {pd product} {ergonomic}
     bool SegmentedCodeCache                       = true                                      {product} {ergonomic}
   size_t SoftMaxHeapSize                          = 2147483648                             {manageable} {ergonomic}
     bool UseCompressedClassPointers               = true                           {product lp64_product} {ergonomic}
     bool UseCompressedOops                        = true                           {product lp64_product} {ergonomic}
     bool UseG1GC                                  = true                                      {product} {ergonomic}
     bool UseLargePagesIndividualAllocation        = false                                  {pd product} {ergonomic}

Logging:
Log output configuration:
 #0: stdout all=warning uptime,level,tags
 #1: stderr all=off uptime,level,tags

Environment Variables:
JAVA_HOME=C:\Program Files\Microsoft\jdk-17.0.13.11-hotspot\
PATH=C:\oraclexe\app\oracle\product\10.2.0\server\bin;C:\Program Files\Microsoft\jdk-17.0.13.11-hotspot\bin;C:\Windows\system32;C:\Windows;C:\Windows\System32\Wbem;C:\Windows\System32\WindowsPowerShell\v1.0\;C:\Windows\System32\OpenSSH\;C:\Program Files (x86)\NVIDIA Corporation\PhysX\Common;C:\Program Files\NVIDIA Corporation\NVIDIA NvDLISR;C:\Windows\system32;C:\Windows;C:\Windows\System32\Wbem;C:\Windows\System32\WindowsPowerShell\v1.0\;C:\Windows\System32\OpenSSH\;C:\ProgramData\chocolatey\bin;C:\Program Files\Git\cmd;C:\Program Files\nodejs\;C:\Users\acern\AppData\Local\Microsoft\WindowsApps;C:\Users\acern\AppData\Local\Programs\Microsoft VS Code\bin;C:\Users\acern\AppData\Local\Microsoft\WinGet\Links;C:\Users\acern\AppData\Local\Android\Sdk\platform-tools;C:\Users\acern\AppData\Roaming\npm
USERNAME=acern
OS=Windows_NT
PROCESSOR_IDENTIFIER=Intel64 Family 6 Model 141 Stepping 1, GenuineIntel
TMP=C:\Users\acern\AppData\Local\Temp
TEMP=C:\Users\acern\AppData\Local\Temp



Periodic native trim disabled


---------------  S Y S T E M  ---------------

OS:
 Windows 11 , 64 bit Build 26100 (10.0.26100.3037)
OS uptime: 0 days 4:41 hours
Hyper-V role detected

CPU: total 16 (initial active 16) (8 cores per cpu, 2 threads per core) family 6 model 141 stepping 1 microcode 0x3c, cx8, cmov, fxsr, ht, mmx, 3dnowpref, sse, sse2, sse3, ssse3, sse4.1, sse4.2, popcnt, lzcnt, tsc, tscinvbit, avx, avx2, aes, erms, clmul, bmi1, bmi2, adx, avx512f, avx512dq, avx512cd, avx512bw, avx512vl, sha, fma, vzeroupper, avx512_vpopcntdq, avx512_vpclmulqdq, avx512_vaes, avx512_vnni, clflush, clflushopt, clwb, avx512_vbmi2, avx512_vbmi, hv
Processor Information for the first 16 processors :
  Max Mhz: 2496, Current Mhz: 2496, Mhz Limit: 2496

Memory: 4k page, system-wide physical 16147M (872M free)
TotalPageFile size 25245M (AvailPageFile size 19M)
current process WorkingSet (physical memory assigned to process): 253M, peak: 253M
current process commit charge ("private bytes"): 466M, peak: 466M

vm_info: OpenJDK 64-Bit Server VM (17.0.13+11-LTS) for windows-amd64 JRE (17.0.13+11-LTS), built on Oct 11 2024 23:25:05 by "MicrosoftCorporation" with unknown MS VC++:1939

END.
